2018-04-30 01:51:29,442 INFO  org.springframework.context.support.AbstractApplicationContext (AbstractApplicationContext.java:862) - Closing Root WebApplicationContext: startup date [Sun Apr 29 23:01:09 ART 2018]; root of context hierarchy
2018-04-30 01:51:49,053 INFO  org.springframework.test.context.support.AbstractTestContextBootstrapper (AbstractTestContextBootstrapper.java:256) - Loaded default TestExecutionListener class names from location [META-INF/spring.factories]: [org.springframework.test.context.web.ServletTestExecutionListener, org.springframework.test.context.support.DependencyInjectionTestExecutionListener, org.springframework.test.context.support.DirtiesContextTestExecutionListener, org.springframework.test.context.transaction.TransactionalTestExecutionListener, org.springframework.test.context.jdbc.SqlScriptsTestExecutionListener]
2018-04-30 01:51:49,138 INFO  org.springframework.test.context.support.AbstractTestContextBootstrapper (AbstractTestContextBootstrapper.java:182) - Using TestExecutionListeners: [org.springframework.test.context.web.ServletTestExecutionListener@60dd3c23, org.springframework.test.context.support.DependencyInjectionTestExecutionListener@52b6319f, org.springframework.test.context.support.DirtiesContextTestExecutionListener@5e9456ae, org.springframework.test.context.transaction.TransactionalTestExecutionListener@16a9a4f1, org.springframework.test.context.jdbc.SqlScriptsTestExecutionListener@1f1cae23]
2018-04-30 01:51:49,602 INFO  org.springframework.beans.factory.xml.XmlBeanDefinitionReader (XmlBeanDefinitionReader.java:317) - Loading XML bean definitions from class path resource [META-INF/spring-persistence-context.xml]
2018-04-30 01:51:50,143 INFO  org.springframework.beans.factory.xml.XmlBeanDefinitionReader (XmlBeanDefinitionReader.java:317) - Loading XML bean definitions from class path resource [META-INF/spring-services-context.xml]
2018-04-30 01:51:50,279 INFO  org.springframework.context.support.AbstractApplicationContext (AbstractApplicationContext.java:510) - Refreshing org.springframework.context.support.GenericApplicationContext@7772054c: startup date [Mon Apr 30 01:51:50 ART 2018]; root of context hierarchy
2018-04-30 01:51:50,864 INFO  org.springframework.core.io.support.PropertiesLoaderSupport (PropertiesLoaderSupport.java:172) - Loading properties file from URL [file:/home/mariano/Documentos/UNQ/Desarrollo/grupo/desapp-unq-grupo-D-012018/target/classes/META-INF/hibernate.properties]
2018-04-30 01:51:50,866 INFO  org.springframework.core.io.support.PropertiesLoaderSupport (PropertiesLoaderSupport.java:172) - Loading properties file from URL [file:/home/mariano/Documentos/UNQ/Desarrollo/grupo/desapp-unq-grupo-D-012018/target/classes/META-INF/jdbc.properties]
2018-04-30 01:51:51,932 INFO  org.hibernate.annotations.common.reflection.java.JavaReflectionManager (JavaReflectionManager.java:66) - HCANN000001: Hibernate Commons Annotations {4.0.5.Final}
2018-04-30 01:51:51,956 INFO  org.hibernate.Version (Version.java:54) - HHH000412: Hibernate Core {4.3.6.Final}
2018-04-30 01:51:51,969 INFO  org.hibernate.cfg.Environment (Environment.java:239) - HHH000206: hibernate.properties not found
2018-04-30 01:51:51,982 INFO  org.hibernate.cfg.Environment (Environment.java:346) - HHH000021: Bytecode provider name : javassist
2018-04-30 01:51:54,354 INFO  org.hibernate.dialect.Dialect (Dialect.java:145) - HHH000400: Using dialect: org.hibernate.dialect.MySQLDialect
2018-04-30 01:51:54,394 INFO  org.hibernate.engine.jdbc.internal.LobCreatorBuilder (LobCreatorBuilder.java:97) - HHH000423: Disabling contextual LOB creation as JDBC driver reported JDBC version [3] less than 4
2018-04-30 01:51:54,559 INFO  org.hibernate.engine.transaction.internal.TransactionFactoryInitiator (TransactionFactoryInitiator.java:62) - HHH000399: Using default transaction strategy (direct JDBC transactions)
2018-04-30 01:51:54,578 INFO  org.hibernate.hql.internal.ast.ASTQueryTranslatorFactory (ASTQueryTranslatorFactory.java:47) - HHH000397: Using ASTQueryTranslatorFactory
2018-04-30 01:51:54,777 INFO  org.hibernate.tool.hbm2ddl.SchemaExport (SchemaExport.java:343) - HHH000227: Running hbm2ddl schema export
2018-04-30 01:51:54,793 INFO  org.hibernate.tool.hbm2ddl.SchemaExport (SchemaExport.java:405) - HHH000230: Schema export complete
2018-04-30 01:51:54,921 INFO  org.springframework.orm.hibernate4.HibernateTransactionManager (HibernateTransactionManager.java:360) - Using DataSource [org.apache.commons.dbcp.BasicDataSource@25cccd85] of Hibernate SessionFactory for HibernateTransactionManager
2018-04-30 01:51:54,992 INFO  org.springframework.beans.factory.xml.XmlBeanDefinitionReader (XmlBeanDefinitionReader.java:317) - Loading XML bean definitions from class path resource [org/springframework/jdbc/support/sql-error-codes.xml]
2018-04-30 01:51:55,092 INFO  org.springframework.jdbc.support.SQLErrorCodesFactory (SQLErrorCodesFactory.java:126) - SQLErrorCodes loaded: [DB2, Derby, H2, HSQL, Informix, MS-SQL, MySQL, Oracle, PostgreSQL, Sybase, Hana]
2018-04-30 01:51:56,002 INFO  org.springframework.context.support.AbstractApplicationContext (AbstractApplicationContext.java:862) - Closing org.springframework.context.support.GenericApplicationContext@7772054c: startup date [Mon Apr 30 01:51:50 ART 2018]; root of context hierarchy
2018-04-30 01:52:37,449 INFO  org.springframework.test.context.support.AbstractTestContextBootstrapper (AbstractTestContextBootstrapper.java:256) - Loaded default TestExecutionListener class names from location [META-INF/spring.factories]: [org.springframework.test.context.web.ServletTestExecutionListener, org.springframework.test.context.support.DependencyInjectionTestExecutionListener, org.springframework.test.context.support.DirtiesContextTestExecutionListener, org.springframework.test.context.transaction.TransactionalTestExecutionListener, org.springframework.test.context.jdbc.SqlScriptsTestExecutionListener]
2018-04-30 01:52:37,535 INFO  org.springframework.test.context.support.AbstractTestContextBootstrapper (AbstractTestContextBootstrapper.java:182) - Using TestExecutionListeners: [org.springframework.test.context.web.ServletTestExecutionListener@60dd3c23, org.springframework.test.context.support.DependencyInjectionTestExecutionListener@52b6319f, org.springframework.test.context.support.DirtiesContextTestExecutionListener@5e9456ae, org.springframework.test.context.transaction.TransactionalTestExecutionListener@16a9a4f1, org.springframework.test.context.jdbc.SqlScriptsTestExecutionListener@1f1cae23]
2018-04-30 01:52:37,913 INFO  org.springframework.beans.factory.xml.XmlBeanDefinitionReader (XmlBeanDefinitionReader.java:317) - Loading XML bean definitions from class path resource [META-INF/spring-persistence-context.xml]
2018-04-30 01:52:38,361 INFO  org.springframework.beans.factory.xml.XmlBeanDefinitionReader (XmlBeanDefinitionReader.java:317) - Loading XML bean definitions from class path resource [META-INF/spring-services-context.xml]
2018-04-30 01:52:38,471 INFO  org.springframework.context.support.AbstractApplicationContext (AbstractApplicationContext.java:510) - Refreshing org.springframework.context.support.GenericApplicationContext@7772054c: startup date [Mon Apr 30 01:52:38 ART 2018]; root of context hierarchy
2018-04-30 01:52:39,011 INFO  org.springframework.core.io.support.PropertiesLoaderSupport (PropertiesLoaderSupport.java:172) - Loading properties file from URL [file:/home/mariano/Documentos/UNQ/Desarrollo/grupo/desapp-unq-grupo-D-012018/target/classes/META-INF/hibernate.properties]
2018-04-30 01:52:39,013 INFO  org.springframework.core.io.support.PropertiesLoaderSupport (PropertiesLoaderSupport.java:172) - Loading properties file from URL [file:/home/mariano/Documentos/UNQ/Desarrollo/grupo/desapp-unq-grupo-D-012018/target/classes/META-INF/jdbc.properties]
2018-04-30 01:52:39,829 INFO  org.hibernate.annotations.common.reflection.java.JavaReflectionManager (JavaReflectionManager.java:66) - HCANN000001: Hibernate Commons Annotations {4.0.5.Final}
2018-04-30 01:52:39,855 INFO  org.hibernate.Version (Version.java:54) - HHH000412: Hibernate Core {4.3.6.Final}
2018-04-30 01:52:39,866 INFO  org.hibernate.cfg.Environment (Environment.java:239) - HHH000206: hibernate.properties not found
2018-04-30 01:52:39,876 INFO  org.hibernate.cfg.Environment (Environment.java:346) - HHH000021: Bytecode provider name : javassist
2018-04-30 01:52:41,665 INFO  org.hibernate.dialect.Dialect (Dialect.java:145) - HHH000400: Using dialect: org.hibernate.dialect.MySQLDialect
2018-04-30 01:52:41,691 INFO  org.hibernate.engine.jdbc.internal.LobCreatorBuilder (LobCreatorBuilder.java:97) - HHH000423: Disabling contextual LOB creation as JDBC driver reported JDBC version [3] less than 4
2018-04-30 01:52:41,829 INFO  org.hibernate.engine.transaction.internal.TransactionFactoryInitiator (TransactionFactoryInitiator.java:62) - HHH000399: Using default transaction strategy (direct JDBC transactions)
2018-04-30 01:52:41,845 INFO  org.hibernate.hql.internal.ast.ASTQueryTranslatorFactory (ASTQueryTranslatorFactory.java:47) - HHH000397: Using ASTQueryTranslatorFactory
2018-04-30 01:52:42,021 INFO  org.hibernate.tool.hbm2ddl.SchemaExport (SchemaExport.java:343) - HHH000227: Running hbm2ddl schema export
2018-04-30 01:52:42,036 INFO  org.hibernate.tool.hbm2ddl.SchemaExport (SchemaExport.java:405) - HHH000230: Schema export complete
2018-04-30 01:52:42,153 INFO  org.springframework.orm.hibernate4.HibernateTransactionManager (HibernateTransactionManager.java:360) - Using DataSource [org.apache.commons.dbcp.BasicDataSource@25cccd85] of Hibernate SessionFactory for HibernateTransactionManager
2018-04-30 01:52:42,197 INFO  org.springframework.beans.factory.xml.XmlBeanDefinitionReader (XmlBeanDefinitionReader.java:317) - Loading XML bean definitions from class path resource [org/springframework/jdbc/support/sql-error-codes.xml]
2018-04-30 01:52:42,291 INFO  org.springframework.jdbc.support.SQLErrorCodesFactory (SQLErrorCodesFactory.java:126) - SQLErrorCodes loaded: [DB2, Derby, H2, HSQL, Informix, MS-SQL, MySQL, Oracle, PostgreSQL, Sybase, Hana]
2018-04-30 01:52:43,112 INFO  org.springframework.context.support.AbstractApplicationContext (AbstractApplicationContext.java:862) - Closing org.springframework.context.support.GenericApplicationContext@7772054c: startup date [Mon Apr 30 01:52:38 ART 2018]; root of context hierarchy
2018-04-30 01:54:35,217 INFO  org.springframework.test.context.support.AbstractTestContextBootstrapper (AbstractTestContextBootstrapper.java:256) - Loaded default TestExecutionListener class names from location [META-INF/spring.factories]: [org.springframework.test.context.web.ServletTestExecutionListener, org.springframework.test.context.support.DependencyInjectionTestExecutionListener, org.springframework.test.context.support.DirtiesContextTestExecutionListener, org.springframework.test.context.transaction.TransactionalTestExecutionListener, org.springframework.test.context.jdbc.SqlScriptsTestExecutionListener]
2018-04-30 01:54:35,289 INFO  org.springframework.test.context.support.AbstractTestContextBootstrapper (AbstractTestContextBootstrapper.java:182) - Using TestExecutionListeners: [org.springframework.test.context.web.ServletTestExecutionListener@60dd3c23, org.springframework.test.context.support.DependencyInjectionTestExecutionListener@52b6319f, org.springframework.test.context.support.DirtiesContextTestExecutionListener@5e9456ae, org.springframework.test.context.transaction.TransactionalTestExecutionListener@16a9a4f1, org.springframework.test.context.jdbc.SqlScriptsTestExecutionListener@1f1cae23]
2018-04-30 01:54:35,740 INFO  org.springframework.beans.factory.xml.XmlBeanDefinitionReader (XmlBeanDefinitionReader.java:317) - Loading XML bean definitions from class path resource [META-INF/spring-persistence-context.xml]
2018-04-30 01:54:36,181 INFO  org.springframework.beans.factory.xml.XmlBeanDefinitionReader (XmlBeanDefinitionReader.java:317) - Loading XML bean definitions from class path resource [META-INF/spring-services-context.xml]
2018-04-30 01:54:36,308 INFO  org.springframework.context.support.AbstractApplicationContext (AbstractApplicationContext.java:510) - Refreshing org.springframework.context.support.GenericApplicationContext@7772054c: startup date [Mon Apr 30 01:54:36 ART 2018]; root of context hierarchy
2018-04-30 01:54:36,933 INFO  org.springframework.core.io.support.PropertiesLoaderSupport (PropertiesLoaderSupport.java:172) - Loading properties file from URL [file:/home/mariano/Documentos/UNQ/Desarrollo/grupo/desapp-unq-grupo-D-012018/target/classes/META-INF/hibernate.properties]
2018-04-30 01:54:36,935 INFO  org.springframework.core.io.support.PropertiesLoaderSupport (PropertiesLoaderSupport.java:172) - Loading properties file from URL [file:/home/mariano/Documentos/UNQ/Desarrollo/grupo/desapp-unq-grupo-D-012018/target/classes/META-INF/jdbc.properties]
2018-04-30 01:54:37,953 INFO  org.hibernate.annotations.common.reflection.java.JavaReflectionManager (JavaReflectionManager.java:66) - HCANN000001: Hibernate Commons Annotations {4.0.5.Final}
2018-04-30 01:54:37,971 INFO  org.hibernate.Version (Version.java:54) - HHH000412: Hibernate Core {4.3.6.Final}
2018-04-30 01:54:37,977 INFO  org.hibernate.cfg.Environment (Environment.java:239) - HHH000206: hibernate.properties not found
2018-04-30 01:54:37,982 INFO  org.hibernate.cfg.Environment (Environment.java:346) - HHH000021: Bytecode provider name : javassist
2018-04-30 01:54:39,808 INFO  org.hibernate.dialect.Dialect (Dialect.java:145) - HHH000400: Using dialect: org.hibernate.dialect.HSQLDialect
2018-04-30 01:54:39,919 INFO  org.hibernate.engine.jdbc.internal.LobCreatorBuilder (LobCreatorBuilder.java:97) - HHH000423: Disabling contextual LOB creation as JDBC driver reported JDBC version [3] less than 4
2018-04-30 01:54:40,090 INFO  org.hibernate.engine.transaction.internal.TransactionFactoryInitiator (TransactionFactoryInitiator.java:62) - HHH000399: Using default transaction strategy (direct JDBC transactions)
2018-04-30 01:54:40,107 INFO  org.hibernate.hql.internal.ast.ASTQueryTranslatorFactory (ASTQueryTranslatorFactory.java:47) - HHH000397: Using ASTQueryTranslatorFactory
2018-04-30 01:54:40,296 INFO  org.hibernate.tool.hbm2ddl.SchemaExport (SchemaExport.java:343) - HHH000227: Running hbm2ddl schema export
2018-04-30 01:54:40,313 INFO  org.hibernate.tool.hbm2ddl.SchemaExport (SchemaExport.java:405) - HHH000230: Schema export complete
2018-04-30 01:54:40,428 INFO  org.springframework.orm.hibernate4.HibernateTransactionManager (HibernateTransactionManager.java:360) - Using DataSource [org.apache.commons.dbcp.BasicDataSource@17319443] of Hibernate SessionFactory for HibernateTransactionManager
2018-04-30 01:54:40,561 INFO  org.springframework.beans.factory.xml.XmlBeanDefinitionReader (XmlBeanDefinitionReader.java:317) - Loading XML bean definitions from class path resource [org/springframework/jdbc/support/sql-error-codes.xml]
2018-04-30 01:54:40,664 INFO  org.springframework.jdbc.support.SQLErrorCodesFactory (SQLErrorCodesFactory.java:126) - SQLErrorCodes loaded: [DB2, Derby, H2, HSQL, Informix, MS-SQL, MySQL, Oracle, PostgreSQL, Sybase, Hana]
2018-04-30 01:54:41,650 INFO  org.springframework.context.support.AbstractApplicationContext (AbstractApplicationContext.java:862) - Closing org.springframework.context.support.GenericApplicationContext@7772054c: startup date [Mon Apr 30 01:54:36 ART 2018]; root of context hierarchy
2018-04-30 02:05:52,542 INFO  org.springframework.test.context.support.AbstractTestContextBootstrapper (AbstractTestContextBootstrapper.java:256) - Loaded default TestExecutionListener class names from location [META-INF/spring.factories]: [org.springframework.test.context.web.ServletTestExecutionListener, org.springframework.test.context.support.DependencyInjectionTestExecutionListener, org.springframework.test.context.support.DirtiesContextTestExecutionListener, org.springframework.test.context.transaction.TransactionalTestExecutionListener, org.springframework.test.context.jdbc.SqlScriptsTestExecutionListener]
2018-04-30 02:05:52,639 INFO  org.springframework.test.context.support.AbstractTestContextBootstrapper (AbstractTestContextBootstrapper.java:182) - Using TestExecutionListeners: [org.springframework.test.context.web.ServletTestExecutionListener@60dd3c23, org.springframework.test.context.support.DependencyInjectionTestExecutionListener@52b6319f, org.springframework.test.context.support.DirtiesContextTestExecutionListener@5e9456ae, org.springframework.test.context.transaction.TransactionalTestExecutionListener@16a9a4f1, org.springframework.test.context.jdbc.SqlScriptsTestExecutionListener@1f1cae23]
2018-04-30 02:05:53,172 INFO  org.springframework.beans.factory.xml.XmlBeanDefinitionReader (XmlBeanDefinitionReader.java:317) - Loading XML bean definitions from class path resource [META-INF/spring-persistence-context.xml]
2018-04-30 02:05:53,653 INFO  org.springframework.beans.factory.xml.XmlBeanDefinitionReader (XmlBeanDefinitionReader.java:317) - Loading XML bean definitions from class path resource [META-INF/spring-services-context.xml]
2018-04-30 02:05:53,811 INFO  org.springframework.context.support.AbstractApplicationContext (AbstractApplicationContext.java:510) - Refreshing org.springframework.context.support.GenericApplicationContext@7772054c: startup date [Mon Apr 30 02:05:53 ART 2018]; root of context hierarchy
2018-04-30 02:05:54,435 INFO  org.springframework.core.io.support.PropertiesLoaderSupport (PropertiesLoaderSupport.java:172) - Loading properties file from URL [file:/home/mariano/Documentos/UNQ/Desarrollo/grupo/desapp-unq-grupo-D-012018/target/classes/META-INF/hibernate.properties]
2018-04-30 02:05:54,436 INFO  org.springframework.core.io.support.PropertiesLoaderSupport (PropertiesLoaderSupport.java:172) - Loading properties file from URL [file:/home/mariano/Documentos/UNQ/Desarrollo/grupo/desapp-unq-grupo-D-012018/target/classes/META-INF/jdbc.properties]
2018-04-30 02:05:54,781 WARN  org.springframework.context.support.AbstractApplicationContext (AbstractApplicationContext.java:487) - Exception encountered during context initialization - cancelling refresh attempt
org.springframework.beans.factory.CannotLoadBeanClassException: Cannot find class [org.springframework.orm.hibernate4.annotation.AnnotationSessionFactoryBean] for bean with name 'persistence.sessionFactory' defined in class path resource [META-INF/spring-persistence-context.xml]; nested exception is java.lang.ClassNotFoundException: org.springframework.orm.hibernate4.annotation.AnnotationSessionFactoryBean
	at org.springframework.beans.factory.support.AbstractBeanFactory.resolveBeanClass(AbstractBeanFactory.java:1317)
	at org.springframework.beans.factory.support.AbstractAutowireCapableBeanFactory.determineTargetType(AbstractAutowireCapableBeanFactory.java:622)
	at org.springframework.beans.factory.support.AbstractAutowireCapableBeanFactory.predictBeanType(AbstractAutowireCapableBeanFactory.java:591)
	at org.springframework.beans.factory.support.AbstractBeanFactory.isFactoryBean(AbstractBeanFactory.java:1386)
	at org.springframework.beans.factory.support.AbstractBeanFactory.isFactoryBean(AbstractBeanFactory.java:957)
	at org.springframework.beans.factory.support.DefaultListableBeanFactory.preInstantiateSingletons(DefaultListableBeanFactory.java:742)
	at org.springframework.context.support.AbstractApplicationContext.finishBeanFactoryInitialization(AbstractApplicationContext.java:757)
	at org.springframework.context.support.AbstractApplicationContext.refresh(AbstractApplicationContext.java:480)
	at org.springframework.test.context.support.AbstractGenericContextLoader.loadContext(AbstractGenericContextLoader.java:125)
	at org.springframework.test.context.support.AbstractGenericContextLoader.loadContext(AbstractGenericContextLoader.java:60)
	at org.springframework.test.context.support.AbstractDelegatingSmartContextLoader.delegateLoading(AbstractDelegatingSmartContextLoader.java:109)
	at org.springframework.test.context.support.AbstractDelegatingSmartContextLoader.loadContext(AbstractDelegatingSmartContextLoader.java:261)
	at org.springframework.test.context.DefaultCacheAwareContextLoaderDelegate.loadContextInternal(DefaultCacheAwareContextLoaderDelegate.java:68)
	at org.springframework.test.context.DefaultCacheAwareContextLoaderDelegate.loadContext(DefaultCacheAwareContextLoaderDelegate.java:86)
	at org.springframework.test.context.DefaultTestContext.getApplicationContext(DefaultTestContext.java:72)
	at org.springframework.test.context.support.DependencyInjectionTestExecutionListener.injectDependencies(DependencyInjectionTestExecutionListener.java:117)
	at org.springframework.test.context.support.DependencyInjectionTestExecutionListener.prepareTestInstance(DependencyInjectionTestExecutionListener.java:83)
	at org.springframework.test.context.TestContextManager.prepareTestInstance(TestContextManager.java:212)
	at org.springframework.test.context.junit4.SpringJUnit4ClassRunner.createTest(SpringJUnit4ClassRunner.java:200)
	at org.springframework.test.context.junit4.SpringJUnit4ClassRunner$1.runReflectiveCall(SpringJUnit4ClassRunner.java:252)
	at org.junit.internal.runners.model.ReflectiveCallable.run(ReflectiveCallable.java:12)
	at org.springframework.test.context.junit4.SpringJUnit4ClassRunner.methodBlock(SpringJUnit4ClassRunner.java:254)
	at org.springframework.test.context.junit4.SpringJUnit4ClassRunner.runChild(SpringJUnit4ClassRunner.java:217)
	at org.springframework.test.context.junit4.SpringJUnit4ClassRunner.runChild(SpringJUnit4ClassRunner.java:83)
	at org.junit.runners.ParentRunner$3.run(ParentRunner.java:290)
	at org.junit.runners.ParentRunner$1.schedule(ParentRunner.java:71)
	at org.junit.runners.ParentRunner.runChildren(ParentRunner.java:288)
	at org.junit.runners.ParentRunner.access$000(ParentRunner.java:58)
	at org.junit.runners.ParentRunner$2.evaluate(ParentRunner.java:268)
	at org.springframework.test.context.junit4.statements.RunBeforeTestClassCallbacks.evaluate(RunBeforeTestClassCallbacks.java:61)
	at org.springframework.test.context.junit4.statements.RunAfterTestClassCallbacks.evaluate(RunAfterTestClassCallbacks.java:68)
	at org.junit.runners.ParentRunner.run(ParentRunner.java:363)
	at org.springframework.test.context.junit4.SpringJUnit4ClassRunner.run(SpringJUnit4ClassRunner.java:163)
	at org.apache.maven.surefire.junit4.JUnit4Provider.execute(JUnit4Provider.java:252)
	at org.apache.maven.surefire.junit4.JUnit4Provider.executeTestSet(JUnit4Provider.java:141)
	at org.apache.maven.surefire.junit4.JUnit4Provider.invoke(JUnit4Provider.java:112)
	at sun.reflect.NativeMethodAccessorImpl.invoke0(Native Method)
	at sun.reflect.NativeMethodAccessorImpl.invoke(NativeMethodAccessorImpl.java:62)
	at sun.reflect.DelegatingMethodAccessorImpl.invoke(DelegatingMethodAccessorImpl.java:43)
	at java.lang.reflect.Method.invoke(Method.java:498)
	at org.apache.maven.surefire.util.ReflectionUtils.invokeMethodWithArray(ReflectionUtils.java:189)
	at org.apache.maven.surefire.booter.ProviderFactory$ProviderProxy.invoke(ProviderFactory.java:165)
	at org.apache.maven.surefire.booter.ProviderFactory.invokeProvider(ProviderFactory.java:85)
	at org.apache.maven.surefire.booter.ForkedBooter.runSuitesInProcess(ForkedBooter.java:115)
	at org.apache.maven.surefire.booter.ForkedBooter.main(ForkedBooter.java:75)
Caused by: java.lang.ClassNotFoundException: org.springframework.orm.hibernate4.annotation.AnnotationSessionFactoryBean
	at java.net.URLClassLoader.findClass(URLClassLoader.java:381)
	at java.lang.ClassLoader.loadClass(ClassLoader.java:424)
	at sun.misc.Launcher$AppClassLoader.loadClass(Launcher.java:331)
	at java.lang.ClassLoader.loadClass(ClassLoader.java:357)
	at org.springframework.util.ClassUtils.forName(ClassUtils.java:249)
	at org.springframework.beans.factory.support.AbstractBeanDefinition.resolveBeanClass(AbstractBeanDefinition.java:395)
	at org.springframework.beans.factory.support.AbstractBeanFactory.doResolveBeanClass(AbstractBeanFactory.java:1338)
	at org.springframework.beans.factory.support.AbstractBeanFactory.resolveBeanClass(AbstractBeanFactory.java:1309)
	... 44 more
2018-04-30 02:05:54,831 ERROR org.springframework.test.context.TestContextManager (TestContextManager.java:215) - Caught exception while allowing TestExecutionListener [org.springframework.test.context.support.DependencyInjectionTestExecutionListener@52b6319f] to prepare test instance [HibernateTest@2d2f09a4]
java.lang.IllegalStateException: Failed to load ApplicationContext
	at org.springframework.test.context.DefaultCacheAwareContextLoaderDelegate.loadContext(DefaultCacheAwareContextLoaderDelegate.java:94)
	at org.springframework.test.context.DefaultTestContext.getApplicationContext(DefaultTestContext.java:72)
	at org.springframework.test.context.support.DependencyInjectionTestExecutionListener.injectDependencies(DependencyInjectionTestExecutionListener.java:117)
	at org.springframework.test.context.support.DependencyInjectionTestExecutionListener.prepareTestInstance(DependencyInjectionTestExecutionListener.java:83)
	at org.springframework.test.context.TestContextManager.prepareTestInstance(TestContextManager.java:212)
	at org.springframework.test.context.junit4.SpringJUnit4ClassRunner.createTest(SpringJUnit4ClassRunner.java:200)
	at org.springframework.test.context.junit4.SpringJUnit4ClassRunner$1.runReflectiveCall(SpringJUnit4ClassRunner.java:252)
	at org.junit.internal.runners.model.ReflectiveCallable.run(ReflectiveCallable.java:12)
	at org.springframework.test.context.junit4.SpringJUnit4ClassRunner.methodBlock(SpringJUnit4ClassRunner.java:254)
	at org.springframework.test.context.junit4.SpringJUnit4ClassRunner.runChild(SpringJUnit4ClassRunner.java:217)
	at org.springframework.test.context.junit4.SpringJUnit4ClassRunner.runChild(SpringJUnit4ClassRunner.java:83)
	at org.junit.runners.ParentRunner$3.run(ParentRunner.java:290)
	at org.junit.runners.ParentRunner$1.schedule(ParentRunner.java:71)
	at org.junit.runners.ParentRunner.runChildren(ParentRunner.java:288)
	at org.junit.runners.ParentRunner.access$000(ParentRunner.java:58)
	at org.junit.runners.ParentRunner$2.evaluate(ParentRunner.java:268)
	at org.springframework.test.context.junit4.statements.RunBeforeTestClassCallbacks.evaluate(RunBeforeTestClassCallbacks.java:61)
	at org.springframework.test.context.junit4.statements.RunAfterTestClassCallbacks.evaluate(RunAfterTestClassCallbacks.java:68)
	at org.junit.runners.ParentRunner.run(ParentRunner.java:363)
	at org.springframework.test.context.junit4.SpringJUnit4ClassRunner.run(SpringJUnit4ClassRunner.java:163)
	at org.apache.maven.surefire.junit4.JUnit4Provider.execute(JUnit4Provider.java:252)
	at org.apache.maven.surefire.junit4.JUnit4Provider.executeTestSet(JUnit4Provider.java:141)
	at org.apache.maven.surefire.junit4.JUnit4Provider.invoke(JUnit4Provider.java:112)
	at sun.reflect.NativeMethodAccessorImpl.invoke0(Native Method)
	at sun.reflect.NativeMethodAccessorImpl.invoke(NativeMethodAccessorImpl.java:62)
	at sun.reflect.DelegatingMethodAccessorImpl.invoke(DelegatingMethodAccessorImpl.java:43)
	at java.lang.reflect.Method.invoke(Method.java:498)
	at org.apache.maven.surefire.util.ReflectionUtils.invokeMethodWithArray(ReflectionUtils.java:189)
	at org.apache.maven.surefire.booter.ProviderFactory$ProviderProxy.invoke(ProviderFactory.java:165)
	at org.apache.maven.surefire.booter.ProviderFactory.invokeProvider(ProviderFactory.java:85)
	at org.apache.maven.surefire.booter.ForkedBooter.runSuitesInProcess(ForkedBooter.java:115)
	at org.apache.maven.surefire.booter.ForkedBooter.main(ForkedBooter.java:75)
Caused by: org.springframework.beans.factory.CannotLoadBeanClassException: Cannot find class [org.springframework.orm.hibernate4.annotation.AnnotationSessionFactoryBean] for bean with name 'persistence.sessionFactory' defined in class path resource [META-INF/spring-persistence-context.xml]; nested exception is java.lang.ClassNotFoundException: org.springframework.orm.hibernate4.annotation.AnnotationSessionFactoryBean
	at org.springframework.beans.factory.support.AbstractBeanFactory.resolveBeanClass(AbstractBeanFactory.java:1317)
	at org.springframework.beans.factory.support.AbstractAutowireCapableBeanFactory.determineTargetType(AbstractAutowireCapableBeanFactory.java:622)
	at org.springframework.beans.factory.support.AbstractAutowireCapableBeanFactory.predictBeanType(AbstractAutowireCapableBeanFactory.java:591)
	at org.springframework.beans.factory.support.AbstractBeanFactory.isFactoryBean(AbstractBeanFactory.java:1386)
	at org.springframework.beans.factory.support.AbstractBeanFactory.isFactoryBean(AbstractBeanFactory.java:957)
	at org.springframework.beans.factory.support.DefaultListableBeanFactory.preInstantiateSingletons(DefaultListableBeanFactory.java:742)
	at org.springframework.context.support.AbstractApplicationContext.finishBeanFactoryInitialization(AbstractApplicationContext.java:757)
	at org.springframework.context.support.AbstractApplicationContext.refresh(AbstractApplicationContext.java:480)
	at org.springframework.test.context.support.AbstractGenericContextLoader.loadContext(AbstractGenericContextLoader.java:125)
	at org.springframework.test.context.support.AbstractGenericContextLoader.loadContext(AbstractGenericContextLoader.java:60)
	at org.springframework.test.context.support.AbstractDelegatingSmartContextLoader.delegateLoading(AbstractDelegatingSmartContextLoader.java:109)
	at org.springframework.test.context.support.AbstractDelegatingSmartContextLoader.loadContext(AbstractDelegatingSmartContextLoader.java:261)
	at org.springframework.test.context.DefaultCacheAwareContextLoaderDelegate.loadContextInternal(DefaultCacheAwareContextLoaderDelegate.java:68)
	at org.springframework.test.context.DefaultCacheAwareContextLoaderDelegate.loadContext(DefaultCacheAwareContextLoaderDelegate.java:86)
	... 31 more
Caused by: java.lang.ClassNotFoundException: org.springframework.orm.hibernate4.annotation.AnnotationSessionFactoryBean
	at java.net.URLClassLoader.findClass(URLClassLoader.java:381)
	at java.lang.ClassLoader.loadClass(ClassLoader.java:424)
	at sun.misc.Launcher$AppClassLoader.loadClass(Launcher.java:331)
	at java.lang.ClassLoader.loadClass(ClassLoader.java:357)
	at org.springframework.util.ClassUtils.forName(ClassUtils.java:249)
	at org.springframework.beans.factory.support.AbstractBeanDefinition.resolveBeanClass(AbstractBeanDefinition.java:395)
	at org.springframework.beans.factory.support.AbstractBeanFactory.doResolveBeanClass(AbstractBeanFactory.java:1338)
	at org.springframework.beans.factory.support.AbstractBeanFactory.resolveBeanClass(AbstractBeanFactory.java:1309)
	... 44 more
2018-04-30 02:19:19,648 INFO  org.springframework.test.context.support.AbstractTestContextBootstrapper (AbstractTestContextBootstrapper.java:256) - Loaded default TestExecutionListener class names from location [META-INF/spring.factories]: [org.springframework.test.context.web.ServletTestExecutionListener, org.springframework.test.context.support.DependencyInjectionTestExecutionListener, org.springframework.test.context.support.DirtiesContextTestExecutionListener, org.springframework.test.context.transaction.TransactionalTestExecutionListener, org.springframework.test.context.jdbc.SqlScriptsTestExecutionListener]
2018-04-30 02:19:19,751 INFO  org.springframework.test.context.support.AbstractTestContextBootstrapper (AbstractTestContextBootstrapper.java:182) - Using TestExecutionListeners: [org.springframework.test.context.web.ServletTestExecutionListener@60dd3c23, org.springframework.test.context.support.DependencyInjectionTestExecutionListener@52b6319f, org.springframework.test.context.support.DirtiesContextTestExecutionListener@5e9456ae, org.springframework.test.context.transaction.TransactionalTestExecutionListener@16a9a4f1, org.springframework.test.context.jdbc.SqlScriptsTestExecutionListener@1f1cae23]
2018-04-30 02:19:20,256 INFO  org.springframework.beans.factory.xml.XmlBeanDefinitionReader (XmlBeanDefinitionReader.java:317) - Loading XML bean definitions from class path resource [META-INF/spring-persistence-context.xml]
2018-04-30 02:19:20,721 INFO  org.springframework.beans.factory.xml.XmlBeanDefinitionReader (XmlBeanDefinitionReader.java:317) - Loading XML bean definitions from class path resource [META-INF/spring-services-context.xml]
2018-04-30 02:19:20,898 INFO  org.springframework.context.support.AbstractApplicationContext (AbstractApplicationContext.java:510) - Refreshing org.springframework.context.support.GenericApplicationContext@7772054c: startup date [Mon Apr 30 02:19:20 ART 2018]; root of context hierarchy
2018-04-30 02:19:21,483 INFO  org.springframework.core.io.support.PropertiesLoaderSupport (PropertiesLoaderSupport.java:172) - Loading properties file from URL [file:/home/mariano/Documentos/UNQ/Desarrollo/grupo/desapp-unq-grupo-D-012018/target/classes/META-INF/hibernate.properties]
2018-04-30 02:19:21,485 INFO  org.springframework.core.io.support.PropertiesLoaderSupport (PropertiesLoaderSupport.java:172) - Loading properties file from URL [file:/home/mariano/Documentos/UNQ/Desarrollo/grupo/desapp-unq-grupo-D-012018/target/classes/META-INF/jdbc.properties]
2018-04-30 02:19:22,377 INFO  org.hibernate.annotations.common.reflection.java.JavaReflectionManager (JavaReflectionManager.java:66) - HCANN000001: Hibernate Commons Annotations {4.0.5.Final}
2018-04-30 02:19:22,411 INFO  org.hibernate.Version (Version.java:54) - HHH000412: Hibernate Core {4.3.6.Final}
2018-04-30 02:19:22,422 INFO  org.hibernate.cfg.Environment (Environment.java:239) - HHH000206: hibernate.properties not found
2018-04-30 02:19:22,432 INFO  org.hibernate.cfg.Environment (Environment.java:346) - HHH000021: Bytecode provider name : javassist
2018-04-30 02:19:24,753 INFO  org.hibernate.dialect.Dialect (Dialect.java:145) - HHH000400: Using dialect: org.hibernate.dialect.HSQLDialect
2018-04-30 02:19:24,851 INFO  org.hibernate.engine.jdbc.internal.LobCreatorBuilder (LobCreatorBuilder.java:97) - HHH000423: Disabling contextual LOB creation as JDBC driver reported JDBC version [3] less than 4
2018-04-30 02:19:25,270 INFO  org.hibernate.engine.transaction.internal.TransactionFactoryInitiator (TransactionFactoryInitiator.java:62) - HHH000399: Using default transaction strategy (direct JDBC transactions)
2018-04-30 02:19:25,286 INFO  org.hibernate.hql.internal.ast.ASTQueryTranslatorFactory (ASTQueryTranslatorFactory.java:47) - HHH000397: Using ASTQueryTranslatorFactory
2018-04-30 02:19:26,110 INFO  org.hibernate.tool.hbm2ddl.SchemaExport (SchemaExport.java:343) - HHH000227: Running hbm2ddl schema export
2018-04-30 02:19:26,165 ERROR org.hibernate.tool.hbm2ddl.SchemaExport (SchemaExport.java:425) - HHH000389: Unsuccessful: drop table carpnd.users if exists
2018-04-30 02:19:26,166 ERROR org.hibernate.tool.hbm2ddl.SchemaExport (SchemaExport.java:426) - You have an error in your SQL syntax; check the manual that corresponds to your MySQL server version for the right syntax to use near 'if exists' at line 1
2018-04-30 02:19:26,176 ERROR org.hibernate.tool.hbm2ddl.SchemaExport (SchemaExport.java:425) - HHH000389: Unsuccessful: create table carpnd.users (cuil varchar(255) not null, address varchar(255), email varchar(255), name varchar(255), surname varchar(255), primary key (cuil))
2018-04-30 02:19:26,177 ERROR org.hibernate.tool.hbm2ddl.SchemaExport (SchemaExport.java:426) - Table 'users' already exists
2018-04-30 02:19:26,180 INFO  org.hibernate.tool.hbm2ddl.SchemaExport (SchemaExport.java:405) - HHH000230: Schema export complete
2018-04-30 02:19:26,298 INFO  org.springframework.orm.hibernate4.HibernateTransactionManager (HibernateTransactionManager.java:360) - Using DataSource [org.apache.commons.dbcp.BasicDataSource@552f37ae] of Hibernate SessionFactory for HibernateTransactionManager
2018-04-30 02:19:26,377 INFO  org.springframework.beans.factory.xml.XmlBeanDefinitionReader (XmlBeanDefinitionReader.java:317) - Loading XML bean definitions from class path resource [org/springframework/jdbc/support/sql-error-codes.xml]
2018-04-30 02:19:26,487 INFO  org.springframework.jdbc.support.SQLErrorCodesFactory (SQLErrorCodesFactory.java:126) - SQLErrorCodes loaded: [DB2, Derby, H2, HSQL, Informix, MS-SQL, MySQL, Oracle, PostgreSQL, Sybase, Hana]
2018-04-30 02:19:27,640 INFO  org.springframework.context.support.AbstractApplicationContext (AbstractApplicationContext.java:862) - Closing org.springframework.context.support.GenericApplicationContext@7772054c: startup date [Mon Apr 30 02:19:20 ART 2018]; root of context hierarchy
2018-04-30 02:19:56,039 INFO  org.springframework.test.context.support.AbstractTestContextBootstrapper (AbstractTestContextBootstrapper.java:256) - Loaded default TestExecutionListener class names from location [META-INF/spring.factories]: [org.springframework.test.context.web.ServletTestExecutionListener, org.springframework.test.context.support.DependencyInjectionTestExecutionListener, org.springframework.test.context.support.DirtiesContextTestExecutionListener, org.springframework.test.context.transaction.TransactionalTestExecutionListener, org.springframework.test.context.jdbc.SqlScriptsTestExecutionListener]
2018-04-30 02:19:56,075 INFO  org.springframework.test.context.support.AbstractTestContextBootstrapper (AbstractTestContextBootstrapper.java:182) - Using TestExecutionListeners: [org.springframework.test.context.web.ServletTestExecutionListener@1ed4004b, org.springframework.test.context.support.DependencyInjectionTestExecutionListener@ff5b51f, org.springframework.test.context.support.DirtiesContextTestExecutionListener@25bbe1b6, org.springframework.test.context.transaction.TransactionalTestExecutionListener@5702b3b1, org.springframework.test.context.jdbc.SqlScriptsTestExecutionListener@69ea3742]
2018-04-30 02:19:56,343 INFO  org.springframework.beans.factory.xml.XmlBeanDefinitionReader (XmlBeanDefinitionReader.java:317) - Loading XML bean definitions from class path resource [META-INF/spring-persistence-context.xml]
2018-04-30 02:19:56,838 INFO  org.springframework.beans.factory.xml.XmlBeanDefinitionReader (XmlBeanDefinitionReader.java:317) - Loading XML bean definitions from class path resource [META-INF/spring-services-context.xml]
2018-04-30 02:19:56,931 INFO  org.springframework.context.support.AbstractApplicationContext (AbstractApplicationContext.java:510) - Refreshing org.springframework.context.support.GenericApplicationContext@32709393: startup date [Mon Apr 30 02:19:56 ART 2018]; root of context hierarchy
2018-04-30 02:19:57,189 INFO  org.springframework.core.io.support.PropertiesLoaderSupport (PropertiesLoaderSupport.java:172) - Loading properties file from URL [file:/home/mariano/Documentos/UNQ/Desarrollo/grupo/desapp-unq-grupo-D-012018/target/classes/META-INF/hibernate.properties]
2018-04-30 02:19:57,190 INFO  org.springframework.core.io.support.PropertiesLoaderSupport (PropertiesLoaderSupport.java:172) - Loading properties file from URL [file:/home/mariano/Documentos/UNQ/Desarrollo/grupo/desapp-unq-grupo-D-012018/target/classes/META-INF/jdbc.properties]
2018-04-30 02:19:57,861 INFO  org.hibernate.annotations.common.reflection.java.JavaReflectionManager (JavaReflectionManager.java:66) - HCANN000001: Hibernate Commons Annotations {4.0.5.Final}
2018-04-30 02:19:57,875 INFO  org.hibernate.Version (Version.java:54) - HHH000412: Hibernate Core {4.3.6.Final}
2018-04-30 02:19:57,879 INFO  org.hibernate.cfg.Environment (Environment.java:239) - HHH000206: hibernate.properties not found
2018-04-30 02:19:57,884 INFO  org.hibernate.cfg.Environment (Environment.java:346) - HHH000021: Bytecode provider name : javassist
2018-04-30 02:19:58,996 INFO  org.hibernate.dialect.Dialect (Dialect.java:145) - HHH000400: Using dialect: org.hibernate.dialect.HSQLDialect
2018-04-30 02:19:59,032 INFO  org.hibernate.engine.jdbc.internal.LobCreatorBuilder (LobCreatorBuilder.java:97) - HHH000423: Disabling contextual LOB creation as JDBC driver reported JDBC version [3] less than 4
2018-04-30 02:19:59,233 INFO  org.hibernate.engine.transaction.internal.TransactionFactoryInitiator (TransactionFactoryInitiator.java:62) - HHH000399: Using default transaction strategy (direct JDBC transactions)
2018-04-30 02:19:59,242 INFO  org.hibernate.hql.internal.ast.ASTQueryTranslatorFactory (ASTQueryTranslatorFactory.java:47) - HHH000397: Using ASTQueryTranslatorFactory
2018-04-30 02:19:59,820 INFO  org.hibernate.tool.hbm2ddl.SchemaExport (SchemaExport.java:343) - HHH000227: Running hbm2ddl schema export
2018-04-30 02:19:59,851 ERROR org.hibernate.tool.hbm2ddl.SchemaExport (SchemaExport.java:425) - HHH000389: Unsuccessful: drop table carpnd.users if exists
2018-04-30 02:19:59,851 ERROR org.hibernate.tool.hbm2ddl.SchemaExport (SchemaExport.java:426) - You have an error in your SQL syntax; check the manual that corresponds to your MySQL server version for the right syntax to use near 'if exists' at line 1
2018-04-30 02:19:59,853 ERROR org.hibernate.tool.hbm2ddl.SchemaExport (SchemaExport.java:425) - HHH000389: Unsuccessful: create table carpnd.users (cuil varchar(255) not null, address varchar(255), email varchar(255), name varchar(255), surname varchar(255), primary key (cuil))
2018-04-30 02:19:59,855 ERROR org.hibernate.tool.hbm2ddl.SchemaExport (SchemaExport.java:426) - Table 'users' already exists
2018-04-30 02:19:59,863 INFO  org.hibernate.tool.hbm2ddl.SchemaExport (SchemaExport.java:405) - HHH000230: Schema export complete
2018-04-30 02:19:59,978 INFO  org.springframework.orm.hibernate4.HibernateTransactionManager (HibernateTransactionManager.java:360) - Using DataSource [org.apache.commons.dbcp.BasicDataSource@5f2606b] of Hibernate SessionFactory for HibernateTransactionManager
2018-04-30 02:20:00,025 INFO  org.springframework.beans.factory.xml.XmlBeanDefinitionReader (XmlBeanDefinitionReader.java:317) - Loading XML bean definitions from class path resource [org/springframework/jdbc/support/sql-error-codes.xml]
2018-04-30 02:20:00,127 INFO  org.springframework.jdbc.support.SQLErrorCodesFactory (SQLErrorCodesFactory.java:126) - SQLErrorCodes loaded: [DB2, Derby, H2, HSQL, Informix, MS-SQL, MySQL, Oracle, PostgreSQL, Sybase, Hana]
2018-04-30 02:20:00,803 WARN  org.hibernate.engine.jdbc.spi.SqlExceptionHelper (SqlExceptionHelper.java:144) - SQL Error: 1062, SQLState: 23000
2018-04-30 02:20:00,804 ERROR org.hibernate.engine.jdbc.spi.SqlExceptionHelper (SqlExceptionHelper.java:146) - Duplicate entry '20320231680' for key 'PRIMARY'
2018-04-30 02:20:00,806 INFO  org.hibernate.engine.jdbc.batch.internal.AbstractBatchImpl (AbstractBatchImpl.java:208) - HHH000010: On release of batch it still contained JDBC statements
2018-04-30 02:20:00,853 INFO  org.springframework.context.support.AbstractApplicationContext (AbstractApplicationContext.java:862) - Closing org.springframework.context.support.GenericApplicationContext@32709393: startup date [Mon Apr 30 02:19:56 ART 2018]; root of context hierarchy
2018-04-30 07:25:31,113 INFO  org.springframework.test.context.support.AbstractTestContextBootstrapper (AbstractTestContextBootstrapper.java:256) - Loaded default TestExecutionListener class names from location [META-INF/spring.factories]: [org.springframework.test.context.web.ServletTestExecutionListener, org.springframework.test.context.support.DependencyInjectionTestExecutionListener, org.springframework.test.context.support.DirtiesContextTestExecutionListener, org.springframework.test.context.transaction.TransactionalTestExecutionListener, org.springframework.test.context.jdbc.SqlScriptsTestExecutionListener]
2018-04-30 07:25:31,143 INFO  org.springframework.test.context.support.AbstractTestContextBootstrapper (AbstractTestContextBootstrapper.java:182) - Using TestExecutionListeners: [org.springframework.test.context.web.ServletTestExecutionListener@285f38f6, org.springframework.test.context.support.DependencyInjectionTestExecutionListener@4e1459ea, org.springframework.test.context.support.DirtiesContextTestExecutionListener@3ab6678b, org.springframework.test.context.transaction.TransactionalTestExecutionListener@7a904f32, org.springframework.test.context.jdbc.SqlScriptsTestExecutionListener@2b59501e]
2018-04-30 07:25:31,309 INFO  org.springframework.beans.factory.xml.XmlBeanDefinitionReader (XmlBeanDefinitionReader.java:317) - Loading XML bean definitions from class path resource [META-INF/spring-persistence-context.xml]
2018-04-30 07:25:31,478 INFO  org.springframework.beans.factory.xml.XmlBeanDefinitionReader (XmlBeanDefinitionReader.java:317) - Loading XML bean definitions from class path resource [META-INF/spring-services-context.xml]
2018-04-30 07:25:31,521 INFO  org.springframework.context.support.AbstractApplicationContext (AbstractApplicationContext.java:510) - Refreshing org.springframework.context.support.GenericApplicationContext@574cd322: startup date [Mon Apr 30 07:25:31 CEST 2018]; root of context hierarchy
2018-04-30 07:25:31,730 INFO  org.springframework.core.io.support.PropertiesLoaderSupport (PropertiesLoaderSupport.java:172) - Loading properties file from URL [file:/root/workspace/mverdecanna/desapp-unq-grupo-D-012018/372886539/target/classes/META-INF/hibernate.properties]
2018-04-30 07:25:31,731 INFO  org.springframework.core.io.support.PropertiesLoaderSupport (PropertiesLoaderSupport.java:172) - Loading properties file from URL [file:/root/workspace/mverdecanna/desapp-unq-grupo-D-012018/372886539/target/classes/META-INF/jdbc.properties]
2018-04-30 07:25:32,085 INFO  org.hibernate.annotations.common.reflection.java.JavaReflectionManager (JavaReflectionManager.java:66) - HCANN000001: Hibernate Commons Annotations {4.0.5.Final}
2018-04-30 07:25:32,093 INFO  org.hibernate.Version (Version.java:54) - HHH000412: Hibernate Core {4.3.6.Final}
2018-04-30 07:25:32,095 INFO  org.hibernate.cfg.Environment (Environment.java:239) - HHH000206: hibernate.properties not found
2018-04-30 07:25:32,098 INFO  org.hibernate.cfg.Environment (Environment.java:346) - HHH000021: Bytecode provider name : javassist
2018-04-30 07:25:32,525 WARN  org.hibernate.engine.jdbc.internal.JdbcServicesImpl (JdbcServicesImpl.java:204) - HHH000342: Could not obtain connection to query metadata : Cannot create PoolableConnectionFactory (Communications link failure

Last packet sent to the server was 0 ms ago.)
2018-04-30 07:25:32,538 INFO  org.hibernate.dialect.Dialect (Dialect.java:145) - HHH000400: Using dialect: org.hibernate.dialect.HSQLDialect
2018-04-30 07:25:32,572 INFO  org.hibernate.engine.jdbc.internal.LobCreatorBuilder (LobCreatorBuilder.java:88) - HHH000422: Disabling contextual LOB creation as connection was null
2018-04-30 07:25:32,760 INFO  org.hibernate.engine.transaction.internal.TransactionFactoryInitiator (TransactionFactoryInitiator.java:62) - HHH000399: Using default transaction strategy (direct JDBC transactions)
2018-04-30 07:25:32,768 INFO  org.hibernate.hql.internal.ast.ASTQueryTranslatorFactory (ASTQueryTranslatorFactory.java:47) - HHH000397: Using ASTQueryTranslatorFactory
2018-04-30 07:25:33,082 INFO  org.hibernate.tool.hbm2ddl.SchemaExport (SchemaExport.java:343) - HHH000227: Running hbm2ddl schema export
2018-04-30 07:25:33,086 ERROR org.hibernate.tool.hbm2ddl.SchemaExport (SchemaExport.java:385) - HHH000231: Schema export unsuccessful
org.apache.commons.dbcp.SQLNestedException: Cannot create PoolableConnectionFactory (Communications link failure

Last packet sent to the server was 1 ms ago.)
	at org.apache.commons.dbcp.BasicDataSource.createPoolableConnectionFactory(BasicDataSource.java:1549)
	at org.apache.commons.dbcp.BasicDataSource.createDataSource(BasicDataSource.java:1388)
	at org.apache.commons.dbcp.BasicDataSource.getConnection(BasicDataSource.java:1044)
	at org.hibernate.engine.jdbc.connections.internal.DatasourceConnectionProviderImpl.getConnection(DatasourceConnectionProviderImpl.java:139)
	at org.hibernate.tool.hbm2ddl.SuppliedConnectionProviderConnectionHelper.prepare(SuppliedConnectionProviderConnectionHelper.java:51)
	at org.hibernate.tool.hbm2ddl.DatabaseExporter.<init>(DatabaseExporter.java:52)
	at org.hibernate.tool.hbm2ddl.SchemaExport.execute(SchemaExport.java:367)
	at org.hibernate.tool.hbm2ddl.SchemaExport.create(SchemaExport.java:304)
	at org.hibernate.tool.hbm2ddl.SchemaExport.create(SchemaExport.java:293)
	at org.hibernate.internal.SessionFactoryImpl.<init>(SessionFactoryImpl.java:517)
	at org.hibernate.cfg.Configuration.buildSessionFactory(Configuration.java:1857)
	at org.hibernate.cfg.Configuration.buildSessionFactory(Configuration.java:1928)
	at org.springframework.orm.hibernate4.LocalSessionFactoryBuilder.buildSessionFactory(LocalSessionFactoryBuilder.java:372)
	at org.springframework.orm.hibernate4.LocalSessionFactoryBean.buildSessionFactory(LocalSessionFactoryBean.java:454)
	at org.springframework.orm.hibernate4.LocalSessionFactoryBean.afterPropertiesSet(LocalSessionFactoryBean.java:439)
	at org.springframework.beans.factory.support.AbstractAutowireCapableBeanFactory.invokeInitMethods(AbstractAutowireCapableBeanFactory.java:1625)
	at org.springframework.beans.factory.support.AbstractAutowireCapableBeanFactory.initializeBean(AbstractAutowireCapableBeanFactory.java:1562)
	at org.springframework.beans.factory.support.AbstractAutowireCapableBeanFactory.doCreateBean(AbstractAutowireCapableBeanFactory.java:539)
	at org.springframework.beans.factory.support.AbstractAutowireCapableBeanFactory.createBean(AbstractAutowireCapableBeanFactory.java:476)
	at org.springframework.beans.factory.support.AbstractBeanFactory$1.getObject(AbstractBeanFactory.java:302)
	at org.springframework.beans.factory.support.DefaultSingletonBeanRegistry.getSingleton(DefaultSingletonBeanRegistry.java:230)
	at org.springframework.beans.factory.support.AbstractBeanFactory.doGetBean(AbstractBeanFactory.java:298)
	at org.springframework.beans.factory.support.AbstractBeanFactory.getBean(AbstractBeanFactory.java:193)
	at org.springframework.beans.factory.support.DefaultListableBeanFactory.preInstantiateSingletons(DefaultListableBeanFactory.java:743)
	at org.springframework.context.support.AbstractApplicationContext.finishBeanFactoryInitialization(AbstractApplicationContext.java:757)
	at org.springframework.context.support.AbstractApplicationContext.refresh(AbstractApplicationContext.java:480)
	at org.springframework.test.context.support.AbstractGenericContextLoader.loadContext(AbstractGenericContextLoader.java:125)
	at org.springframework.test.context.support.AbstractGenericContextLoader.loadContext(AbstractGenericContextLoader.java:60)
	at org.springframework.test.context.support.AbstractDelegatingSmartContextLoader.delegateLoading(AbstractDelegatingSmartContextLoader.java:109)
	at org.springframework.test.context.support.AbstractDelegatingSmartContextLoader.loadContext(AbstractDelegatingSmartContextLoader.java:261)
	at org.springframework.test.context.DefaultCacheAwareContextLoaderDelegate.loadContextInternal(DefaultCacheAwareContextLoaderDelegate.java:68)
	at org.springframework.test.context.DefaultCacheAwareContextLoaderDelegate.loadContext(DefaultCacheAwareContextLoaderDelegate.java:86)
	at org.springframework.test.context.DefaultTestContext.getApplicationContext(DefaultTestContext.java:72)
	at org.springframework.test.context.support.DependencyInjectionTestExecutionListener.injectDependencies(DependencyInjectionTestExecutionListener.java:117)
	at org.springframework.test.context.support.DependencyInjectionTestExecutionListener.prepareTestInstance(DependencyInjectionTestExecutionListener.java:83)
	at org.springframework.test.context.TestContextManager.prepareTestInstance(TestContextManager.java:212)
	at org.springframework.test.context.junit4.SpringJUnit4ClassRunner.createTest(SpringJUnit4ClassRunner.java:200)
	at org.springframework.test.context.junit4.SpringJUnit4ClassRunner$1.runReflectiveCall(SpringJUnit4ClassRunner.java:252)
	at org.junit.internal.runners.model.ReflectiveCallable.run(ReflectiveCallable.java:12)
	at org.springframework.test.context.junit4.SpringJUnit4ClassRunner.methodBlock(SpringJUnit4ClassRunner.java:254)
	at org.springframework.test.context.junit4.SpringJUnit4ClassRunner.runChild(SpringJUnit4ClassRunner.java:217)
	at org.springframework.test.context.junit4.SpringJUnit4ClassRunner.runChild(SpringJUnit4ClassRunner.java:83)
	at org.junit.runners.ParentRunner$3.run(ParentRunner.java:290)
	at org.junit.runners.ParentRunner$1.schedule(ParentRunner.java:71)
	at org.junit.runners.ParentRunner.runChildren(ParentRunner.java:288)
	at org.junit.runners.ParentRunner.access$000(ParentRunner.java:58)
	at org.junit.runners.ParentRunner$2.evaluate(ParentRunner.java:268)
	at org.springframework.test.context.junit4.statements.RunBeforeTestClassCallbacks.evaluate(RunBeforeTestClassCallbacks.java:61)
	at org.springframework.test.context.junit4.statements.RunAfterTestClassCallbacks.evaluate(RunAfterTestClassCallbacks.java:68)
	at org.junit.runners.ParentRunner.run(ParentRunner.java:363)
	at org.springframework.test.context.junit4.SpringJUnit4ClassRunner.run(SpringJUnit4ClassRunner.java:163)
	at org.apache.maven.surefire.junit4.JUnit4Provider.execute(JUnit4Provider.java:252)
	at org.apache.maven.surefire.junit4.JUnit4Provider.executeTestSet(JUnit4Provider.java:141)
	at org.apache.maven.surefire.junit4.JUnit4Provider.invoke(JUnit4Provider.java:112)
	at sun.reflect.NativeMethodAccessorImpl.invoke0(Native Method)
	at sun.reflect.NativeMethodAccessorImpl.invoke(NativeMethodAccessorImpl.java:62)
	at sun.reflect.DelegatingMethodAccessorImpl.invoke(DelegatingMethodAccessorImpl.java:43)
	at java.lang.reflect.Method.invoke(Method.java:498)
	at org.apache.maven.surefire.util.ReflectionUtils.invokeMethodWithArray(ReflectionUtils.java:189)
	at org.apache.maven.surefire.booter.ProviderFactory$ProviderProxy.invoke(ProviderFactory.java:165)
	at org.apache.maven.surefire.booter.ProviderFactory.invokeProvider(ProviderFactory.java:85)
	at org.apache.maven.surefire.booter.ForkedBooter.runSuitesInProcess(ForkedBooter.java:115)
	at org.apache.maven.surefire.booter.ForkedBooter.main(ForkedBooter.java:75)
Caused by: com.mysql.jdbc.exceptions.jdbc4.CommunicationsException: Communications link failure

Last packet sent to the server was 1 ms ago.
	at sun.reflect.NativeConstructorAccessorImpl.newInstance0(Native Method)
	at sun.reflect.NativeConstructorAccessorImpl.newInstance(NativeConstructorAccessorImpl.java:62)
	at sun.reflect.DelegatingConstructorAccessorImpl.newInstance(DelegatingConstructorAccessorImpl.java:45)
	at java.lang.reflect.Constructor.newInstance(Constructor.java:423)
	at com.mysql.jdbc.Util.handleNewInstance(Util.java:406)
	at com.mysql.jdbc.SQLError.createCommunicationsException(SQLError.java:1074)
	at com.mysql.jdbc.ConnectionImpl.createNewIO(ConnectionImpl.java:2103)
	at com.mysql.jdbc.ConnectionImpl.<init>(ConnectionImpl.java:718)
	at com.mysql.jdbc.JDBC4Connection.<init>(JDBC4Connection.java:46)
	at sun.reflect.NativeConstructorAccessorImpl.newInstance0(Native Method)
	at sun.reflect.NativeConstructorAccessorImpl.newInstance(NativeConstructorAccessorImpl.java:62)
	at sun.reflect.DelegatingConstructorAccessorImpl.newInstance(DelegatingConstructorAccessorImpl.java:45)
	at java.lang.reflect.Constructor.newInstance(Constructor.java:423)
	at com.mysql.jdbc.Util.handleNewInstance(Util.java:406)
	at com.mysql.jdbc.ConnectionImpl.getInstance(ConnectionImpl.java:302)
	at com.mysql.jdbc.NonRegisteringDriver.connect(NonRegisteringDriver.java:282)
	at org.apache.commons.dbcp.DriverConnectionFactory.createConnection(DriverConnectionFactory.java:38)
	at org.apache.commons.dbcp.PoolableConnectionFactory.makeObject(PoolableConnectionFactory.java:582)
	at org.apache.commons.dbcp.BasicDataSource.validateConnectionFactory(BasicDataSource.java:1556)
	at org.apache.commons.dbcp.BasicDataSource.createPoolableConnectionFactory(BasicDataSource.java:1545)
	... 62 more
Caused by: java.net.ConnectException: Connection refused (Connection refused)
	at java.net.PlainSocketImpl.socketConnect(Native Method)
	at java.net.AbstractPlainSocketImpl.doConnect(AbstractPlainSocketImpl.java:350)
	at java.net.AbstractPlainSocketImpl.connectToAddress(AbstractPlainSocketImpl.java:206)
	at java.net.AbstractPlainSocketImpl.connect(AbstractPlainSocketImpl.java:188)
	at java.net.SocksSocketImpl.connect(SocksSocketImpl.java:392)
	at java.net.Socket.connect(Socket.java:589)
	at java.net.Socket.connect(Socket.java:538)
	at java.net.Socket.<init>(Socket.java:434)
	at java.net.Socket.<init>(Socket.java:244)
	at com.mysql.jdbc.StandardSocketFactory.connect(StandardSocketFactory.java:253)
	at com.mysql.jdbc.MysqlIO.<init>(MysqlIO.java:280)
	at com.mysql.jdbc.ConnectionImpl.createNewIO(ConnectionImpl.java:2026)
	... 75 more
2018-04-30 07:25:33,091 INFO  org.hibernate.tool.hbm2ddl.SchemaExport (SchemaExport.java:405) - HHH000230: Schema export complete
2018-04-30 07:25:33,128 INFO  org.springframework.orm.hibernate4.HibernateTransactionManager (HibernateTransactionManager.java:360) - Using DataSource [org.apache.commons.dbcp.BasicDataSource@60648aad] of Hibernate SessionFactory for HibernateTransactionManager
2018-04-30 07:25:33,149 INFO  org.springframework.beans.factory.xml.XmlBeanDefinitionReader (XmlBeanDefinitionReader.java:317) - Loading XML bean definitions from class path resource [org/springframework/jdbc/support/sql-error-codes.xml]
2018-04-30 07:25:33,190 INFO  org.springframework.jdbc.support.SQLErrorCodesFactory (SQLErrorCodesFactory.java:126) - SQLErrorCodes loaded: [DB2, Derby, H2, HSQL, Informix, MS-SQL, MySQL, Oracle, PostgreSQL, Sybase, Hana]
2018-04-30 07:25:33,200 WARN  org.springframework.jdbc.support.SQLErrorCodesFactory (SQLErrorCodesFactory.java:227) - Error while extracting database product name - falling back to empty error codes
org.springframework.jdbc.support.MetaDataAccessException: Could not get Connection for extracting meta data; nested exception is org.springframework.jdbc.CannotGetJdbcConnectionException: Could not get JDBC Connection; nested exception is org.apache.commons.dbcp.SQLNestedException: Cannot create PoolableConnectionFactory (Communications link failure

Last packet sent to the server was 0 ms ago.)
	at org.springframework.jdbc.support.JdbcUtils.extractDatabaseMetaData(JdbcUtils.java:302)
	at org.springframework.jdbc.support.JdbcUtils.extractDatabaseMetaData(JdbcUtils.java:329)
	at org.springframework.jdbc.support.SQLErrorCodesFactory.getErrorCodes(SQLErrorCodesFactory.java:214)
	at org.springframework.jdbc.support.SQLErrorCodeSQLExceptionTranslator.setDataSource(SQLErrorCodeSQLExceptionTranslator.java:134)
	at org.springframework.jdbc.support.SQLErrorCodeSQLExceptionTranslator.<init>(SQLErrorCodeSQLExceptionTranslator.java:97)
	at sun.reflect.NativeConstructorAccessorImpl.newInstance0(Native Method)
	at sun.reflect.NativeConstructorAccessorImpl.newInstance(NativeConstructorAccessorImpl.java:62)
	at sun.reflect.DelegatingConstructorAccessorImpl.newInstance(DelegatingConstructorAccessorImpl.java:45)
	at java.lang.reflect.Constructor.newInstance(Constructor.java:423)
	at org.springframework.beans.BeanUtils.instantiateClass(BeanUtils.java:147)
	at org.springframework.beans.factory.support.SimpleInstantiationStrategy.instantiate(SimpleInstantiationStrategy.java:122)
	at org.springframework.beans.factory.support.ConstructorResolver.autowireConstructor(ConstructorResolver.java:270)
	at org.springframework.beans.factory.support.AbstractAutowireCapableBeanFactory.autowireConstructor(AbstractAutowireCapableBeanFactory.java:1131)
	at org.springframework.beans.factory.support.AbstractAutowireCapableBeanFactory.createBeanInstance(AbstractAutowireCapableBeanFactory.java:1034)
	at org.springframework.beans.factory.support.AbstractAutowireCapableBeanFactory.doCreateBean(AbstractAutowireCapableBeanFactory.java:504)
	at org.springframework.beans.factory.support.AbstractAutowireCapableBeanFactory.createBean(AbstractAutowireCapableBeanFactory.java:476)
	at org.springframework.beans.factory.support.AbstractBeanFactory$1.getObject(AbstractBeanFactory.java:302)
	at org.springframework.beans.factory.support.DefaultSingletonBeanRegistry.getSingleton(DefaultSingletonBeanRegistry.java:230)
	at org.springframework.beans.factory.support.AbstractBeanFactory.doGetBean(AbstractBeanFactory.java:298)
	at org.springframework.beans.factory.support.AbstractBeanFactory.getBean(AbstractBeanFactory.java:193)
	at org.springframework.beans.factory.support.DefaultListableBeanFactory.preInstantiateSingletons(DefaultListableBeanFactory.java:762)
	at org.springframework.context.support.AbstractApplicationContext.finishBeanFactoryInitialization(AbstractApplicationContext.java:757)
	at org.springframework.context.support.AbstractApplicationContext.refresh(AbstractApplicationContext.java:480)
	at org.springframework.test.context.support.AbstractGenericContextLoader.loadContext(AbstractGenericContextLoader.java:125)
	at org.springframework.test.context.support.AbstractGenericContextLoader.loadContext(AbstractGenericContextLoader.java:60)
	at org.springframework.test.context.support.AbstractDelegatingSmartContextLoader.delegateLoading(AbstractDelegatingSmartContextLoader.java:109)
	at org.springframework.test.context.support.AbstractDelegatingSmartContextLoader.loadContext(AbstractDelegatingSmartContextLoader.java:261)
	at org.springframework.test.context.DefaultCacheAwareContextLoaderDelegate.loadContextInternal(DefaultCacheAwareContextLoaderDelegate.java:68)
	at org.springframework.test.context.DefaultCacheAwareContextLoaderDelegate.loadContext(DefaultCacheAwareContextLoaderDelegate.java:86)
	at org.springframework.test.context.DefaultTestContext.getApplicationContext(DefaultTestContext.java:72)
	at org.springframework.test.context.support.DependencyInjectionTestExecutionListener.injectDependencies(DependencyInjectionTestExecutionListener.java:117)
	at org.springframework.test.context.support.DependencyInjectionTestExecutionListener.prepareTestInstance(DependencyInjectionTestExecutionListener.java:83)
	at org.springframework.test.context.TestContextManager.prepareTestInstance(TestContextManager.java:212)
	at org.springframework.test.context.junit4.SpringJUnit4ClassRunner.createTest(SpringJUnit4ClassRunner.java:200)
	at org.springframework.test.context.junit4.SpringJUnit4ClassRunner$1.runReflectiveCall(SpringJUnit4ClassRunner.java:252)
	at org.junit.internal.runners.model.ReflectiveCallable.run(ReflectiveCallable.java:12)
	at org.springframework.test.context.junit4.SpringJUnit4ClassRunner.methodBlock(SpringJUnit4ClassRunner.java:254)
	at org.springframework.test.context.junit4.SpringJUnit4ClassRunner.runChild(SpringJUnit4ClassRunner.java:217)
	at org.springframework.test.context.junit4.SpringJUnit4ClassRunner.runChild(SpringJUnit4ClassRunner.java:83)
	at org.junit.runners.ParentRunner$3.run(ParentRunner.java:290)
	at org.junit.runners.ParentRunner$1.schedule(ParentRunner.java:71)
	at org.junit.runners.ParentRunner.runChildren(ParentRunner.java:288)
	at org.junit.runners.ParentRunner.access$000(ParentRunner.java:58)
	at org.junit.runners.ParentRunner$2.evaluate(ParentRunner.java:268)
	at org.springframework.test.context.junit4.statements.RunBeforeTestClassCallbacks.evaluate(RunBeforeTestClassCallbacks.java:61)
	at org.springframework.test.context.junit4.statements.RunAfterTestClassCallbacks.evaluate(RunAfterTestClassCallbacks.java:68)
	at org.junit.runners.ParentRunner.run(ParentRunner.java:363)
	at org.springframework.test.context.junit4.SpringJUnit4ClassRunner.run(SpringJUnit4ClassRunner.java:163)
	at org.apache.maven.surefire.junit4.JUnit4Provider.execute(JUnit4Provider.java:252)
	at org.apache.maven.surefire.junit4.JUnit4Provider.executeTestSet(JUnit4Provider.java:141)
	at org.apache.maven.surefire.junit4.JUnit4Provider.invoke(JUnit4Provider.java:112)
	at sun.reflect.NativeMethodAccessorImpl.invoke0(Native Method)
	at sun.reflect.NativeMethodAccessorImpl.invoke(NativeMethodAccessorImpl.java:62)
	at sun.reflect.DelegatingMethodAccessorImpl.invoke(DelegatingMethodAccessorImpl.java:43)
	at java.lang.reflect.Method.invoke(Method.java:498)
	at org.apache.maven.surefire.util.ReflectionUtils.invokeMethodWithArray(ReflectionUtils.java:189)
	at org.apache.maven.surefire.booter.ProviderFactory$ProviderProxy.invoke(ProviderFactory.java:165)
	at org.apache.maven.surefire.booter.ProviderFactory.invokeProvider(ProviderFactory.java:85)
	at org.apache.maven.surefire.booter.ForkedBooter.runSuitesInProcess(ForkedBooter.java:115)
	at org.apache.maven.surefire.booter.ForkedBooter.main(ForkedBooter.java:75)
Caused by: org.springframework.jdbc.CannotGetJdbcConnectionException: Could not get JDBC Connection; nested exception is org.apache.commons.dbcp.SQLNestedException: Cannot create PoolableConnectionFactory (Communications link failure

Last packet sent to the server was 0 ms ago.)
	at org.springframework.jdbc.datasource.DataSourceUtils.getConnection(DataSourceUtils.java:80)
	at org.springframework.jdbc.support.JdbcUtils.extractDatabaseMetaData(JdbcUtils.java:289)
	... 59 more
Caused by: org.apache.commons.dbcp.SQLNestedException: Cannot create PoolableConnectionFactory (Communications link failure

Last packet sent to the server was 0 ms ago.)
	at org.apache.commons.dbcp.BasicDataSource.createPoolableConnectionFactory(BasicDataSource.java:1549)
	at org.apache.commons.dbcp.BasicDataSource.createDataSource(BasicDataSource.java:1388)
	at org.apache.commons.dbcp.BasicDataSource.getConnection(BasicDataSource.java:1044)
	at org.springframework.jdbc.datasource.DataSourceUtils.doGetConnection(DataSourceUtils.java:111)
	at org.springframework.jdbc.datasource.DataSourceUtils.getConnection(DataSourceUtils.java:77)
	... 60 more
Caused by: com.mysql.jdbc.exceptions.jdbc4.CommunicationsException: Communications link failure

Last packet sent to the server was 0 ms ago.
	at sun.reflect.NativeConstructorAccessorImpl.newInstance0(Native Method)
	at sun.reflect.NativeConstructorAccessorImpl.newInstance(NativeConstructorAccessorImpl.java:62)
	at sun.reflect.DelegatingConstructorAccessorImpl.newInstance(DelegatingConstructorAccessorImpl.java:45)
	at java.lang.reflect.Constructor.newInstance(Constructor.java:423)
	at com.mysql.jdbc.Util.handleNewInstance(Util.java:406)
	at com.mysql.jdbc.SQLError.createCommunicationsException(SQLError.java:1074)
	at com.mysql.jdbc.ConnectionImpl.createNewIO(ConnectionImpl.java:2103)
	at com.mysql.jdbc.ConnectionImpl.<init>(ConnectionImpl.java:718)
	at com.mysql.jdbc.JDBC4Connection.<init>(JDBC4Connection.java:46)
	at sun.reflect.NativeConstructorAccessorImpl.newInstance0(Native Method)
	at sun.reflect.NativeConstructorAccessorImpl.newInstance(NativeConstructorAccessorImpl.java:62)
	at sun.reflect.DelegatingConstructorAccessorImpl.newInstance(DelegatingConstructorAccessorImpl.java:45)
	at java.lang.reflect.Constructor.newInstance(Constructor.java:423)
	at com.mysql.jdbc.Util.handleNewInstance(Util.java:406)
	at com.mysql.jdbc.ConnectionImpl.getInstance(ConnectionImpl.java:302)
	at com.mysql.jdbc.NonRegisteringDriver.connect(NonRegisteringDriver.java:282)
	at org.apache.commons.dbcp.DriverConnectionFactory.createConnection(DriverConnectionFactory.java:38)
	at org.apache.commons.dbcp.PoolableConnectionFactory.makeObject(PoolableConnectionFactory.java:582)
	at org.apache.commons.dbcp.BasicDataSource.validateConnectionFactory(BasicDataSource.java:1556)
	at org.apache.commons.dbcp.BasicDataSource.createPoolableConnectionFactory(BasicDataSource.java:1545)
	... 64 more
Caused by: java.net.ConnectException: Connection refused (Connection refused)
	at java.net.PlainSocketImpl.socketConnect(Native Method)
	at java.net.AbstractPlainSocketImpl.doConnect(AbstractPlainSocketImpl.java:350)
	at java.net.AbstractPlainSocketImpl.connectToAddress(AbstractPlainSocketImpl.java:206)
	at java.net.AbstractPlainSocketImpl.connect(AbstractPlainSocketImpl.java:188)
	at java.net.SocksSocketImpl.connect(SocksSocketImpl.java:392)
	at java.net.Socket.connect(Socket.java:589)
	at java.net.Socket.connect(Socket.java:538)
	at java.net.Socket.<init>(Socket.java:434)
	at java.net.Socket.<init>(Socket.java:244)
	at com.mysql.jdbc.StandardSocketFactory.connect(StandardSocketFactory.java:253)
	at com.mysql.jdbc.MysqlIO.<init>(MysqlIO.java:280)
	at com.mysql.jdbc.ConnectionImpl.createNewIO(ConnectionImpl.java:2026)
	... 77 more
2018-04-30 07:25:33,427 WARN  org.hibernate.engine.jdbc.spi.SqlExceptionHelper (SqlExceptionHelper.java:144) - SQL Error: 0, SQLState: null
2018-04-30 07:25:33,429 ERROR org.hibernate.engine.jdbc.spi.SqlExceptionHelper (SqlExceptionHelper.java:146) - Cannot create PoolableConnectionFactory (Communications link failure

Last packet sent to the server was 0 ms ago.)
2018-04-30 07:25:33,456 INFO  org.springframework.context.support.AbstractApplicationContext (AbstractApplicationContext.java:862) - Closing org.springframework.context.support.GenericApplicationContext@574cd322: startup date [Mon Apr 30 07:25:31 CEST 2018]; root of context hierarchy
2020-03-19 11:04:13,890 INFO  org.springframework.test.context.support.AbstractTestContextBootstrapper (AbstractTestContextBootstrapper.java:256) - Loaded default TestExecutionListener class names from location [META-INF/spring.factories]: [org.springframework.test.context.web.ServletTestExecutionListener, org.springframework.test.context.support.DependencyInjectionTestExecutionListener, org.springframework.test.context.support.DirtiesContextTestExecutionListener, org.springframework.test.context.transaction.TransactionalTestExecutionListener, org.springframework.test.context.jdbc.SqlScriptsTestExecutionListener]
2020-03-19 11:04:13,939 INFO  org.springframework.test.context.support.AbstractTestContextBootstrapper (AbstractTestContextBootstrapper.java:182) - Using TestExecutionListeners: [org.springframework.test.context.web.ServletTestExecutionListener@5328a9c1, org.springframework.test.context.support.DependencyInjectionTestExecutionListener@5b78fdb1, org.springframework.test.context.support.DirtiesContextTestExecutionListener@48bfb884, org.springframework.test.context.transaction.TransactionalTestExecutionListener@11653e3b, org.springframework.test.context.jdbc.SqlScriptsTestExecutionListener@715fb77]
2020-03-19 11:04:14,253 INFO  org.springframework.beans.factory.xml.XmlBeanDefinitionReader (XmlBeanDefinitionReader.java:317) - Loading XML bean definitions from class path resource [META-INF/spring-persistence-context.xml]
2020-03-19 11:04:14,652 INFO  org.springframework.beans.factory.xml.XmlBeanDefinitionReader (XmlBeanDefinitionReader.java:317) - Loading XML bean definitions from class path resource [META-INF/spring-services-context.xml]
2020-03-19 11:04:14,752 INFO  org.springframework.context.support.AbstractApplicationContext (AbstractApplicationContext.java:510) - Refreshing org.springframework.context.support.GenericApplicationContext@68ba310d: startup date [Thu Mar 19 11:04:14 CET 2020]; root of context hierarchy
2020-03-19 11:04:15,110 INFO  org.springframework.core.io.support.PropertiesLoaderSupport (PropertiesLoaderSupport.java:172) - Loading properties file from URL [file:/scratch/dginelli/workspace/repairnator-repairnator-experiments-mverdecanna-desapp-unq-grupo-D-012018-372886539-20180430-072444-firstCommit/target/classes/META-INF/hibernate.properties]
2020-03-19 11:04:15,112 INFO  org.springframework.core.io.support.PropertiesLoaderSupport (PropertiesLoaderSupport.java:172) - Loading properties file from URL [file:/scratch/dginelli/workspace/repairnator-repairnator-experiments-mverdecanna-desapp-unq-grupo-D-012018-372886539-20180430-072444-firstCommit/target/classes/META-INF/jdbc.properties]
2020-03-19 11:04:15,754 INFO  org.hibernate.annotations.common.reflection.java.JavaReflectionManager (JavaReflectionManager.java:66) - HCANN000001: Hibernate Commons Annotations {4.0.5.Final}
2020-03-19 11:04:15,761 INFO  org.hibernate.Version (Version.java:54) - HHH000412: Hibernate Core {4.3.6.Final}
2020-03-19 11:04:15,764 INFO  org.hibernate.cfg.Environment (Environment.java:239) - HHH000206: hibernate.properties not found
2020-03-19 11:04:15,766 INFO  org.hibernate.cfg.Environment (Environment.java:346) - HHH000021: Bytecode provider name : javassist
2020-03-19 11:04:16,491 WARN  org.hibernate.engine.jdbc.internal.JdbcServicesImpl (JdbcServicesImpl.java:204) - HHH000342: Could not obtain connection to query metadata : Cannot create PoolableConnectionFactory (Communications link failure

Last packet sent to the server was 7 ms ago.)
2020-03-19 11:04:16,501 INFO  org.hibernate.dialect.Dialect (Dialect.java:145) - HHH000400: Using dialect: org.hibernate.dialect.HSQLDialect
2020-03-19 11:04:16,560 INFO  org.hibernate.engine.jdbc.internal.LobCreatorBuilder (LobCreatorBuilder.java:88) - HHH000422: Disabling contextual LOB creation as connection was null
2020-03-19 11:04:16,859 INFO  org.hibernate.engine.transaction.internal.TransactionFactoryInitiator (TransactionFactoryInitiator.java:62) - HHH000399: Using default transaction strategy (direct JDBC transactions)
2020-03-19 11:04:16,867 INFO  org.hibernate.hql.internal.ast.ASTQueryTranslatorFactory (ASTQueryTranslatorFactory.java:47) - HHH000397: Using ASTQueryTranslatorFactory
2020-03-19 11:04:17,481 INFO  org.hibernate.tool.hbm2ddl.SchemaExport (SchemaExport.java:343) - HHH000227: Running hbm2ddl schema export
2020-03-19 11:04:17,513 ERROR org.hibernate.tool.hbm2ddl.SchemaExport (SchemaExport.java:385) - HHH000231: Schema export unsuccessful
org.apache.commons.dbcp.SQLNestedException: Cannot create PoolableConnectionFactory (Communications link failure

Last packet sent to the server was 0 ms ago.)
	at org.apache.commons.dbcp.BasicDataSource.createPoolableConnectionFactory(BasicDataSource.java:1549)
	at org.apache.commons.dbcp.BasicDataSource.createDataSource(BasicDataSource.java:1388)
	at org.apache.commons.dbcp.BasicDataSource.getConnection(BasicDataSource.java:1044)
	at org.hibernate.engine.jdbc.connections.internal.DatasourceConnectionProviderImpl.getConnection(DatasourceConnectionProviderImpl.java:139)
	at org.hibernate.tool.hbm2ddl.SuppliedConnectionProviderConnectionHelper.prepare(SuppliedConnectionProviderConnectionHelper.java:51)
	at org.hibernate.tool.hbm2ddl.DatabaseExporter.<init>(DatabaseExporter.java:52)
	at org.hibernate.tool.hbm2ddl.SchemaExport.execute(SchemaExport.java:367)
	at org.hibernate.tool.hbm2ddl.SchemaExport.create(SchemaExport.java:304)
	at org.hibernate.tool.hbm2ddl.SchemaExport.create(SchemaExport.java:293)
	at org.hibernate.internal.SessionFactoryImpl.<init>(SessionFactoryImpl.java:517)
	at org.hibernate.cfg.Configuration.buildSessionFactory(Configuration.java:1857)
	at org.hibernate.cfg.Configuration.buildSessionFactory(Configuration.java:1928)
	at org.springframework.orm.hibernate4.LocalSessionFactoryBuilder.buildSessionFactory(LocalSessionFactoryBuilder.java:372)
	at org.springframework.orm.hibernate4.LocalSessionFactoryBean.buildSessionFactory(LocalSessionFactoryBean.java:454)
	at org.springframework.orm.hibernate4.LocalSessionFactoryBean.afterPropertiesSet(LocalSessionFactoryBean.java:439)
	at org.springframework.beans.factory.support.AbstractAutowireCapableBeanFactory.invokeInitMethods(AbstractAutowireCapableBeanFactory.java:1625)
	at org.springframework.beans.factory.support.AbstractAutowireCapableBeanFactory.initializeBean(AbstractAutowireCapableBeanFactory.java:1562)
	at org.springframework.beans.factory.support.AbstractAutowireCapableBeanFactory.doCreateBean(AbstractAutowireCapableBeanFactory.java:539)
	at org.springframework.beans.factory.support.AbstractAutowireCapableBeanFactory.createBean(AbstractAutowireCapableBeanFactory.java:476)
	at org.springframework.beans.factory.support.AbstractBeanFactory$1.getObject(AbstractBeanFactory.java:302)
	at org.springframework.beans.factory.support.DefaultSingletonBeanRegistry.getSingleton(DefaultSingletonBeanRegistry.java:230)
	at org.springframework.beans.factory.support.AbstractBeanFactory.doGetBean(AbstractBeanFactory.java:298)
	at org.springframework.beans.factory.support.AbstractBeanFactory.getBean(AbstractBeanFactory.java:193)
	at org.springframework.beans.factory.support.DefaultListableBeanFactory.preInstantiateSingletons(DefaultListableBeanFactory.java:743)
	at org.springframework.context.support.AbstractApplicationContext.finishBeanFactoryInitialization(AbstractApplicationContext.java:757)
	at org.springframework.context.support.AbstractApplicationContext.refresh(AbstractApplicationContext.java:480)
	at org.springframework.test.context.support.AbstractGenericContextLoader.loadContext(AbstractGenericContextLoader.java:125)
	at org.springframework.test.context.support.AbstractGenericContextLoader.loadContext(AbstractGenericContextLoader.java:60)
	at org.springframework.test.context.support.AbstractDelegatingSmartContextLoader.delegateLoading(AbstractDelegatingSmartContextLoader.java:109)
	at org.springframework.test.context.support.AbstractDelegatingSmartContextLoader.loadContext(AbstractDelegatingSmartContextLoader.java:261)
	at org.springframework.test.context.DefaultCacheAwareContextLoaderDelegate.loadContextInternal(DefaultCacheAwareContextLoaderDelegate.java:68)
	at org.springframework.test.context.DefaultCacheAwareContextLoaderDelegate.loadContext(DefaultCacheAwareContextLoaderDelegate.java:86)
	at org.springframework.test.context.DefaultTestContext.getApplicationContext(DefaultTestContext.java:72)
	at org.springframework.test.context.support.DependencyInjectionTestExecutionListener.injectDependencies(DependencyInjectionTestExecutionListener.java:117)
	at org.springframework.test.context.support.DependencyInjectionTestExecutionListener.prepareTestInstance(DependencyInjectionTestExecutionListener.java:83)
	at org.springframework.test.context.TestContextManager.prepareTestInstance(TestContextManager.java:212)
	at org.springframework.test.context.junit4.SpringJUnit4ClassRunner.createTest(SpringJUnit4ClassRunner.java:200)
	at org.springframework.test.context.junit4.SpringJUnit4ClassRunner$1.runReflectiveCall(SpringJUnit4ClassRunner.java:252)
	at org.junit.internal.runners.model.ReflectiveCallable.run(ReflectiveCallable.java:12)
	at org.springframework.test.context.junit4.SpringJUnit4ClassRunner.methodBlock(SpringJUnit4ClassRunner.java:254)
	at org.springframework.test.context.junit4.SpringJUnit4ClassRunner.runChild(SpringJUnit4ClassRunner.java:217)
	at org.springframework.test.context.junit4.SpringJUnit4ClassRunner.runChild(SpringJUnit4ClassRunner.java:83)
	at org.junit.runners.ParentRunner$3.run(ParentRunner.java:290)
	at org.junit.runners.ParentRunner$1.schedule(ParentRunner.java:71)
	at org.junit.runners.ParentRunner.runChildren(ParentRunner.java:288)
	at org.junit.runners.ParentRunner.access$000(ParentRunner.java:58)
	at org.junit.runners.ParentRunner$2.evaluate(ParentRunner.java:268)
	at org.springframework.test.context.junit4.statements.RunBeforeTestClassCallbacks.evaluate(RunBeforeTestClassCallbacks.java:61)
	at org.springframework.test.context.junit4.statements.RunAfterTestClassCallbacks.evaluate(RunAfterTestClassCallbacks.java:68)
	at org.junit.runners.ParentRunner.run(ParentRunner.java:363)
	at org.springframework.test.context.junit4.SpringJUnit4ClassRunner.run(SpringJUnit4ClassRunner.java:163)
	at org.apache.maven.surefire.junit4.JUnit4Provider.execute(JUnit4Provider.java:264)
	at org.apache.maven.surefire.junit4.JUnit4Provider.executeTestSet(JUnit4Provider.java:153)
	at org.apache.maven.surefire.junit4.JUnit4Provider.invoke(JUnit4Provider.java:124)
	at org.apache.maven.surefire.booter.ForkedBooter.invokeProviderInSameClassLoader(ForkedBooter.java:200)
	at org.apache.maven.surefire.booter.ForkedBooter.runSuitesInProcess(ForkedBooter.java:153)
	at org.apache.maven.surefire.booter.ForkedBooter.main(ForkedBooter.java:103)
Caused by: com.mysql.jdbc.exceptions.jdbc4.CommunicationsException: Communications link failure

Last packet sent to the server was 0 ms ago.
	at sun.reflect.NativeConstructorAccessorImpl.newInstance0(Native Method)
	at sun.reflect.NativeConstructorAccessorImpl.newInstance(NativeConstructorAccessorImpl.java:62)
	at sun.reflect.DelegatingConstructorAccessorImpl.newInstance(DelegatingConstructorAccessorImpl.java:45)
	at java.lang.reflect.Constructor.newInstance(Constructor.java:423)
	at com.mysql.jdbc.Util.handleNewInstance(Util.java:406)
	at com.mysql.jdbc.SQLError.createCommunicationsException(SQLError.java:1074)
	at com.mysql.jdbc.ConnectionImpl.createNewIO(ConnectionImpl.java:2103)
	at com.mysql.jdbc.ConnectionImpl.<init>(ConnectionImpl.java:718)
	at com.mysql.jdbc.JDBC4Connection.<init>(JDBC4Connection.java:46)
	at sun.reflect.NativeConstructorAccessorImpl.newInstance0(Native Method)
	at sun.reflect.NativeConstructorAccessorImpl.newInstance(NativeConstructorAccessorImpl.java:62)
	at sun.reflect.DelegatingConstructorAccessorImpl.newInstance(DelegatingConstructorAccessorImpl.java:45)
	at java.lang.reflect.Constructor.newInstance(Constructor.java:423)
	at com.mysql.jdbc.Util.handleNewInstance(Util.java:406)
	at com.mysql.jdbc.ConnectionImpl.getInstance(ConnectionImpl.java:302)
	at com.mysql.jdbc.NonRegisteringDriver.connect(NonRegisteringDriver.java:282)
	at org.apache.commons.dbcp.DriverConnectionFactory.createConnection(DriverConnectionFactory.java:38)
	at org.apache.commons.dbcp.PoolableConnectionFactory.makeObject(PoolableConnectionFactory.java:582)
	at org.apache.commons.dbcp.BasicDataSource.validateConnectionFactory(BasicDataSource.java:1556)
	at org.apache.commons.dbcp.BasicDataSource.createPoolableConnectionFactory(BasicDataSource.java:1545)
	... 56 more
Caused by: java.net.ConnectException: Connection refused (Connection refused)
	at java.net.PlainSocketImpl.socketConnect(Native Method)
	at java.net.AbstractPlainSocketImpl.doConnect(AbstractPlainSocketImpl.java:350)
	at java.net.AbstractPlainSocketImpl.connectToAddress(AbstractPlainSocketImpl.java:206)
	at java.net.AbstractPlainSocketImpl.connect(AbstractPlainSocketImpl.java:188)
	at java.net.SocksSocketImpl.connect(SocksSocketImpl.java:392)
	at java.net.Socket.connect(Socket.java:589)
	at java.net.Socket.connect(Socket.java:538)
	at java.net.Socket.<init>(Socket.java:434)
	at java.net.Socket.<init>(Socket.java:244)
	at com.mysql.jdbc.StandardSocketFactory.connect(StandardSocketFactory.java:253)
	at com.mysql.jdbc.MysqlIO.<init>(MysqlIO.java:280)
	at com.mysql.jdbc.ConnectionImpl.createNewIO(ConnectionImpl.java:2026)
	... 69 more
2020-03-19 11:04:17,536 INFO  org.hibernate.tool.hbm2ddl.SchemaExport (SchemaExport.java:405) - HHH000230: Schema export complete
2020-03-19 11:04:17,603 INFO  org.springframework.orm.hibernate4.HibernateTransactionManager (HibernateTransactionManager.java:360) - Using DataSource [org.apache.commons.dbcp.BasicDataSource@5f80ae28] of Hibernate SessionFactory for HibernateTransactionManager
2020-03-19 11:04:17,656 INFO  org.springframework.beans.factory.xml.XmlBeanDefinitionReader (XmlBeanDefinitionReader.java:317) - Loading XML bean definitions from class path resource [org/springframework/jdbc/support/sql-error-codes.xml]
2020-03-19 11:04:17,733 INFO  org.springframework.jdbc.support.SQLErrorCodesFactory (SQLErrorCodesFactory.java:126) - SQLErrorCodes loaded: [DB2, Derby, H2, HSQL, Informix, MS-SQL, MySQL, Oracle, PostgreSQL, Sybase, Hana]
2020-03-19 11:04:17,743 WARN  org.springframework.jdbc.support.SQLErrorCodesFactory (SQLErrorCodesFactory.java:227) - Error while extracting database product name - falling back to empty error codes
org.springframework.jdbc.support.MetaDataAccessException: Could not get Connection for extracting meta data; nested exception is org.springframework.jdbc.CannotGetJdbcConnectionException: Could not get JDBC Connection; nested exception is org.apache.commons.dbcp.SQLNestedException: Cannot create PoolableConnectionFactory (Communications link failure

Last packet sent to the server was 0 ms ago.)
	at org.springframework.jdbc.support.JdbcUtils.extractDatabaseMetaData(JdbcUtils.java:302)
	at org.springframework.jdbc.support.JdbcUtils.extractDatabaseMetaData(JdbcUtils.java:329)
	at org.springframework.jdbc.support.SQLErrorCodesFactory.getErrorCodes(SQLErrorCodesFactory.java:214)
	at org.springframework.jdbc.support.SQLErrorCodeSQLExceptionTranslator.setDataSource(SQLErrorCodeSQLExceptionTranslator.java:134)
	at org.springframework.jdbc.support.SQLErrorCodeSQLExceptionTranslator.<init>(SQLErrorCodeSQLExceptionTranslator.java:97)
	at sun.reflect.NativeConstructorAccessorImpl.newInstance0(Native Method)
	at sun.reflect.NativeConstructorAccessorImpl.newInstance(NativeConstructorAccessorImpl.java:62)
	at sun.reflect.DelegatingConstructorAccessorImpl.newInstance(DelegatingConstructorAccessorImpl.java:45)
	at java.lang.reflect.Constructor.newInstance(Constructor.java:423)
	at org.springframework.beans.BeanUtils.instantiateClass(BeanUtils.java:147)
	at org.springframework.beans.factory.support.SimpleInstantiationStrategy.instantiate(SimpleInstantiationStrategy.java:122)
	at org.springframework.beans.factory.support.ConstructorResolver.autowireConstructor(ConstructorResolver.java:270)
	at org.springframework.beans.factory.support.AbstractAutowireCapableBeanFactory.autowireConstructor(AbstractAutowireCapableBeanFactory.java:1131)
	at org.springframework.beans.factory.support.AbstractAutowireCapableBeanFactory.createBeanInstance(AbstractAutowireCapableBeanFactory.java:1034)
	at org.springframework.beans.factory.support.AbstractAutowireCapableBeanFactory.doCreateBean(AbstractAutowireCapableBeanFactory.java:504)
	at org.springframework.beans.factory.support.AbstractAutowireCapableBeanFactory.createBean(AbstractAutowireCapableBeanFactory.java:476)
	at org.springframework.beans.factory.support.AbstractBeanFactory$1.getObject(AbstractBeanFactory.java:302)
	at org.springframework.beans.factory.support.DefaultSingletonBeanRegistry.getSingleton(DefaultSingletonBeanRegistry.java:230)
	at org.springframework.beans.factory.support.AbstractBeanFactory.doGetBean(AbstractBeanFactory.java:298)
	at org.springframework.beans.factory.support.AbstractBeanFactory.getBean(AbstractBeanFactory.java:193)
	at org.springframework.beans.factory.support.DefaultListableBeanFactory.preInstantiateSingletons(DefaultListableBeanFactory.java:762)
	at org.springframework.context.support.AbstractApplicationContext.finishBeanFactoryInitialization(AbstractApplicationContext.java:757)
	at org.springframework.context.support.AbstractApplicationContext.refresh(AbstractApplicationContext.java:480)
	at org.springframework.test.context.support.AbstractGenericContextLoader.loadContext(AbstractGenericContextLoader.java:125)
	at org.springframework.test.context.support.AbstractGenericContextLoader.loadContext(AbstractGenericContextLoader.java:60)
	at org.springframework.test.context.support.AbstractDelegatingSmartContextLoader.delegateLoading(AbstractDelegatingSmartContextLoader.java:109)
	at org.springframework.test.context.support.AbstractDelegatingSmartContextLoader.loadContext(AbstractDelegatingSmartContextLoader.java:261)
	at org.springframework.test.context.DefaultCacheAwareContextLoaderDelegate.loadContextInternal(DefaultCacheAwareContextLoaderDelegate.java:68)
	at org.springframework.test.context.DefaultCacheAwareContextLoaderDelegate.loadContext(DefaultCacheAwareContextLoaderDelegate.java:86)
	at org.springframework.test.context.DefaultTestContext.getApplicationContext(DefaultTestContext.java:72)
	at org.springframework.test.context.support.DependencyInjectionTestExecutionListener.injectDependencies(DependencyInjectionTestExecutionListener.java:117)
	at org.springframework.test.context.support.DependencyInjectionTestExecutionListener.prepareTestInstance(DependencyInjectionTestExecutionListener.java:83)
	at org.springframework.test.context.TestContextManager.prepareTestInstance(TestContextManager.java:212)
	at org.springframework.test.context.junit4.SpringJUnit4ClassRunner.createTest(SpringJUnit4ClassRunner.java:200)
	at org.springframework.test.context.junit4.SpringJUnit4ClassRunner$1.runReflectiveCall(SpringJUnit4ClassRunner.java:252)
	at org.junit.internal.runners.model.ReflectiveCallable.run(ReflectiveCallable.java:12)
	at org.springframework.test.context.junit4.SpringJUnit4ClassRunner.methodBlock(SpringJUnit4ClassRunner.java:254)
	at org.springframework.test.context.junit4.SpringJUnit4ClassRunner.runChild(SpringJUnit4ClassRunner.java:217)
	at org.springframework.test.context.junit4.SpringJUnit4ClassRunner.runChild(SpringJUnit4ClassRunner.java:83)
	at org.junit.runners.ParentRunner$3.run(ParentRunner.java:290)
	at org.junit.runners.ParentRunner$1.schedule(ParentRunner.java:71)
	at org.junit.runners.ParentRunner.runChildren(ParentRunner.java:288)
	at org.junit.runners.ParentRunner.access$000(ParentRunner.java:58)
	at org.junit.runners.ParentRunner$2.evaluate(ParentRunner.java:268)
	at org.springframework.test.context.junit4.statements.RunBeforeTestClassCallbacks.evaluate(RunBeforeTestClassCallbacks.java:61)
	at org.springframework.test.context.junit4.statements.RunAfterTestClassCallbacks.evaluate(RunAfterTestClassCallbacks.java:68)
	at org.junit.runners.ParentRunner.run(ParentRunner.java:363)
	at org.springframework.test.context.junit4.SpringJUnit4ClassRunner.run(SpringJUnit4ClassRunner.java:163)
	at org.apache.maven.surefire.junit4.JUnit4Provider.execute(JUnit4Provider.java:264)
	at org.apache.maven.surefire.junit4.JUnit4Provider.executeTestSet(JUnit4Provider.java:153)
	at org.apache.maven.surefire.junit4.JUnit4Provider.invoke(JUnit4Provider.java:124)
	at org.apache.maven.surefire.booter.ForkedBooter.invokeProviderInSameClassLoader(ForkedBooter.java:200)
	at org.apache.maven.surefire.booter.ForkedBooter.runSuitesInProcess(ForkedBooter.java:153)
	at org.apache.maven.surefire.booter.ForkedBooter.main(ForkedBooter.java:103)
Caused by: org.springframework.jdbc.CannotGetJdbcConnectionException: Could not get JDBC Connection; nested exception is org.apache.commons.dbcp.SQLNestedException: Cannot create PoolableConnectionFactory (Communications link failure

Last packet sent to the server was 0 ms ago.)
	at org.springframework.jdbc.datasource.DataSourceUtils.getConnection(DataSourceUtils.java:80)
	at org.springframework.jdbc.support.JdbcUtils.extractDatabaseMetaData(JdbcUtils.java:289)
	... 53 more
Caused by: org.apache.commons.dbcp.SQLNestedException: Cannot create PoolableConnectionFactory (Communications link failure

Last packet sent to the server was 0 ms ago.)
	at org.apache.commons.dbcp.BasicDataSource.createPoolableConnectionFactory(BasicDataSource.java:1549)
	at org.apache.commons.dbcp.BasicDataSource.createDataSource(BasicDataSource.java:1388)
	at org.apache.commons.dbcp.BasicDataSource.getConnection(BasicDataSource.java:1044)
	at org.springframework.jdbc.datasource.DataSourceUtils.doGetConnection(DataSourceUtils.java:111)
	at org.springframework.jdbc.datasource.DataSourceUtils.getConnection(DataSourceUtils.java:77)
	... 54 more
Caused by: com.mysql.jdbc.exceptions.jdbc4.CommunicationsException: Communications link failure

Last packet sent to the server was 0 ms ago.
	at sun.reflect.NativeConstructorAccessorImpl.newInstance0(Native Method)
	at sun.reflect.NativeConstructorAccessorImpl.newInstance(NativeConstructorAccessorImpl.java:62)
	at sun.reflect.DelegatingConstructorAccessorImpl.newInstance(DelegatingConstructorAccessorImpl.java:45)
	at java.lang.reflect.Constructor.newInstance(Constructor.java:423)
	at com.mysql.jdbc.Util.handleNewInstance(Util.java:406)
	at com.mysql.jdbc.SQLError.createCommunicationsException(SQLError.java:1074)
	at com.mysql.jdbc.ConnectionImpl.createNewIO(ConnectionImpl.java:2103)
	at com.mysql.jdbc.ConnectionImpl.<init>(ConnectionImpl.java:718)
	at com.mysql.jdbc.JDBC4Connection.<init>(JDBC4Connection.java:46)
	at sun.reflect.NativeConstructorAccessorImpl.newInstance0(Native Method)
	at sun.reflect.NativeConstructorAccessorImpl.newInstance(NativeConstructorAccessorImpl.java:62)
	at sun.reflect.DelegatingConstructorAccessorImpl.newInstance(DelegatingConstructorAccessorImpl.java:45)
	at java.lang.reflect.Constructor.newInstance(Constructor.java:423)
	at com.mysql.jdbc.Util.handleNewInstance(Util.java:406)
	at com.mysql.jdbc.ConnectionImpl.getInstance(ConnectionImpl.java:302)
	at com.mysql.jdbc.NonRegisteringDriver.connect(NonRegisteringDriver.java:282)
	at org.apache.commons.dbcp.DriverConnectionFactory.createConnection(DriverConnectionFactory.java:38)
	at org.apache.commons.dbcp.PoolableConnectionFactory.makeObject(PoolableConnectionFactory.java:582)
	at org.apache.commons.dbcp.BasicDataSource.validateConnectionFactory(BasicDataSource.java:1556)
	at org.apache.commons.dbcp.BasicDataSource.createPoolableConnectionFactory(BasicDataSource.java:1545)
	... 58 more
Caused by: java.net.ConnectException: Connection refused (Connection refused)
	at java.net.PlainSocketImpl.socketConnect(Native Method)
	at java.net.AbstractPlainSocketImpl.doConnect(AbstractPlainSocketImpl.java:350)
	at java.net.AbstractPlainSocketImpl.connectToAddress(AbstractPlainSocketImpl.java:206)
	at java.net.AbstractPlainSocketImpl.connect(AbstractPlainSocketImpl.java:188)
	at java.net.SocksSocketImpl.connect(SocksSocketImpl.java:392)
	at java.net.Socket.connect(Socket.java:589)
	at java.net.Socket.connect(Socket.java:538)
	at java.net.Socket.<init>(Socket.java:434)
	at java.net.Socket.<init>(Socket.java:244)
	at com.mysql.jdbc.StandardSocketFactory.connect(StandardSocketFactory.java:253)
	at com.mysql.jdbc.MysqlIO.<init>(MysqlIO.java:280)
	at com.mysql.jdbc.ConnectionImpl.createNewIO(ConnectionImpl.java:2026)
	... 71 more
2020-03-19 11:04:18,207 WARN  org.hibernate.engine.jdbc.spi.SqlExceptionHelper (SqlExceptionHelper.java:144) - SQL Error: 0, SQLState: null
2020-03-19 11:04:18,208 ERROR org.hibernate.engine.jdbc.spi.SqlExceptionHelper (SqlExceptionHelper.java:146) - Cannot create PoolableConnectionFactory (Communications link failure

Last packet sent to the server was 0 ms ago.)
2020-03-19 11:04:18,582 INFO  org.springframework.context.support.AbstractApplicationContext (AbstractApplicationContext.java:862) - Closing org.springframework.context.support.GenericApplicationContext@68ba310d: startup date [Thu Mar 19 11:04:14 CET 2020]; root of context hierarchy
