[INFO] 01:00:06 (DefaultServlet.java:process:60)Query with url: GET:/store 

[INFO] 01:00:06 (MySqlDaoFactory.java:<init>:47)Mysql dao factory constur 

[INFO] 01:00:06 (UserDAO.java:<init>:22)Created dao layer + ua.com.company.store.model.dao.impl.UserDAO@1f529402 

[INFO] 01:00:06 (UserService.java:<init>:27)Created User Service 

[INFO] 01:00:07 (DefaultServlet.java:process:62)Command key execution: CommandHomePageCommand{} 

[ERROR] 01:00:07 (UserDAO.java:getByParameter:127)Cant search users with nickname JSESSIONID 

[INFO] 01:00:07 (DefaultServlet.java:process:65)Redirection path: /main.jsp REDIRECTION 

[INFO] 01:00:25 (DefaultServlet.java:process:60)Query with url: GET:/store/login 

[INFO] 01:00:25 (DefaultServlet.java:process:62)Command key execution: CommandLoginPage{} 

[INFO] 01:00:25 (DefaultServlet.java:process:65)Redirection path: /viewPublic/loginPage.jsp REDIRECTION 

[INFO] 01:00:29 (DefaultServlet.java:process:60)Query with url: POST:/store/loginForm 

[INFO] 01:00:29 (DefaultServlet.java:process:62)Command key execution: ua.com.company.store.controller.impl.executions.CommandLoginFormExecution@73f3b4fe 

[INFO] 01:00:29 (CommandLoginFormExecution.java:execute:50)Successful validation inputs 

[ERROR] 01:00:29 (UserDAO.java:getByParameter:127)Cant search users with nickname JSESSIONID 

[INFO] 01:00:29 (CommandLoginFormExecution.java:execute:52)User don't exist in cookie(successful) 

[INFO] 01:00:29 (CommandLoginFormExecution.java:execute:59)Successful validated --Vlad 

[INFO] 01:00:29 (CommandLoginFormExecution.java:execute:66)Successful validation on registered before user 

[INFO] 01:00:29 (CommandLoginFormExecution.java:execute:74)Continue execution without adding in cookie  

[INFO] 01:00:29 (DefaultServlet.java:process:65)Redirection path: /main.jsp 

[INFO] 01:00:31 (DefaultServlet.java:process:60)Query with url: GET:/store/adminPage 

[INFO] 01:00:31 (DefaultServlet.java:process:62)Command key execution: ua.com.company.store.controller.impl.redirection.CommandAdminPage@17feb476 

[INFO] 01:00:31 (DefaultServlet.java:process:65)Redirection path: /WEB-INF/viewPrivate/adminPage.jsp 

[INFO] 01:00:32 (UserDAO.java:<init>:22)Created dao layer + ua.com.company.store.model.dao.impl.UserDAO@19c4af2 

[INFO] 01:00:32 (UserService.java:<init>:27)Created User Service 

[INFO] 01:00:34 (DefaultServlet.java:process:60)Query with url: GET:/store/executeOrder 

[INFO] 01:00:34 (DefaultServlet.java:process:62)Command key execution: ua.com.company.store.controller.impl.executions.CommandExecuteOrder@2d1576f6 

[ERROR] 01:00:35 (CommandExecuteOrder.java:execute:53)Error with sending message javax.mail.MessagingException: [EOF] 

[INFO] 01:00:35 (DefaultServlet.java:process:65)Redirection path: /WEB-INF/viewPrivate/adminPage.jsp 

[INFO] 01:00:35 (UserDAO.java:<init>:22)Created dao layer + ua.com.company.store.model.dao.impl.UserDAO@55b6ace0 

[INFO] 01:00:35 (UserService.java:<init>:27)Created User Service 

[INFO] 04:09:22 (DefaultServlet.java:init:44)Initialized default servlet  ua.com.company.store.controller.DefaultServlet@4681002 

[INFO] 04:10:12 (DefaultServlet.java:process:60)Query with url: GET:/store 

[INFO] 04:10:12 (MySqlDaoFactory.java:<init>:47)Mysql dao factory constur 

[INFO] 04:10:12 (UserDAO.java:<init>:22)Created dao layer + ua.com.company.store.model.dao.impl.UserDAO@63e9998d 

[INFO] 04:10:12 (UserService.java:<init>:27)Created User Service 

[INFO] 04:10:13 (DefaultServlet.java:process:62)Command key execution: CommandHomePageCommand{} 

[INFO] 04:10:16 (DefaultServlet.java:process:60)Query with url: GET:/store 

[INFO] 04:10:16 (DefaultServlet.java:process:62)Command key execution: CommandHomePageCommand{} 

[INFO] 04:10:17 (DefaultServlet.java:process:60)Query with url: GET:/store 

[INFO] 04:10:17 (DefaultServlet.java:process:62)Command key execution: CommandHomePageCommand{} 

[ERROR] 04:10:18 (UserDAO.java:getByParameter:127)Cant search users with nickname JSESSIONID 

[ERROR] 04:10:18 (UserDAO.java:getByParameter:127)Cant search users with nickname JSESSIONID 

[INFO] 04:10:18 (DefaultServlet.java:process:65)Redirection path: /main.jsp REDIRECTION 

[ERROR] 04:10:18 (UserDAO.java:getByParameter:127)Cant search users with nickname JSESSIONID 

[INFO] 04:10:19 (DefaultServlet.java:process:65)Redirection path: /main.jsp REDIRECTION 

[INFO] 04:10:19 (DefaultServlet.java:process:65)Redirection path: /main.jsp REDIRECTION 

[INFO] 04:11:35 (DefaultServlet.java:process:60)Query with url: GET:/store/login 

[INFO] 04:11:35 (DefaultServlet.java:process:62)Command key execution: CommandLoginPage{} 

[INFO] 04:11:35 (DefaultServlet.java:process:65)Redirection path: /viewPublic/loginPage.jsp REDIRECTION 

[INFO] 04:11:37 (DefaultServlet.java:process:60)Query with url: POST:/store/loginForm 

[INFO] 04:11:37 (DefaultServlet.java:process:62)Command key execution: ua.com.company.store.controller.impl.executions.CommandLoginFormExecution@54aa969b 

[INFO] 04:11:37 (CommandLoginFormExecution.java:execute:50)Successful validation inputs 

[ERROR] 04:11:38 (UserDAO.java:getByParameter:127)Cant search users with nickname JSESSIONID 

[INFO] 04:11:38 (CommandLoginFormExecution.java:execute:52)User don't exist in cookie(successful) 

[INFO] 04:11:38 (CommandLoginFormExecution.java:execute:59)Successful validated --Vlad 

[INFO] 04:11:38 (CommandLoginFormExecution.java:execute:66)Successful validation on registered before user 

[INFO] 04:11:38 (CommandLoginFormExecution.java:execute:74)Continue execution without adding in cookie  

[INFO] 04:11:38 (DefaultServlet.java:process:65)Redirection path: /main.jsp 

[INFO] 04:11:40 (DefaultServlet.java:process:60)Query with url: GET:/store/adminPage 

[INFO] 04:11:40 (DefaultServlet.java:process:62)Command key execution: ua.com.company.store.controller.impl.redirection.CommandAdminPage@15a365a5 

[INFO] 04:11:40 (DefaultServlet.java:process:65)Redirection path: /WEB-INF/viewPrivate/adminPage.jsp 

[INFO] 04:11:40 (UserDAO.java:<init>:22)Created dao layer + ua.com.company.store.model.dao.impl.UserDAO@6993b690 

[INFO] 04:11:40 (UserService.java:<init>:27)Created User Service 

[INFO] 04:11:43 (DefaultServlet.java:process:60)Query with url: GET:/store/executeOrder 

[INFO] 04:11:43 (DefaultServlet.java:process:62)Command key execution: ua.com.company.store.controller.impl.executions.CommandExecuteOrder@3a7403c7 

[ERROR] 04:11:45 (CommandExecuteOrder.java:execute:53)Error with sending message javax.mail.MessagingException: [EOF] 

[INFO] 04:11:45 (DefaultServlet.java:process:65)Redirection path: /WEB-INF/viewPrivate/adminPage.jsp 

[INFO] 04:11:45 (UserDAO.java:<init>:22)Created dao layer + ua.com.company.store.model.dao.impl.UserDAO@664afe60 

[INFO] 04:11:45 (UserService.java:<init>:27)Created User Service 

[INFO] 04:27:43 (DefaultServlet.java:init:44)Initialized default servlet  ua.com.company.store.controller.DefaultServlet@476e7545 

[INFO] 04:29:04 (DefaultServlet.java:process:60)Query with url: GET:/store 

[INFO] 04:29:04 (MySqlDaoFactory.java:<init>:47)Mysql dao factory constur 

[INFO] 04:29:04 (UserDAO.java:<init>:22)Created dao layer + ua.com.company.store.model.dao.impl.UserDAO@59a1b532 

[INFO] 04:29:04 (UserService.java:<init>:27)Created User Service 

[INFO] 04:29:04 (DefaultServlet.java:process:62)Command key execution: CommandHomePageCommand{} 

[ERROR] 04:29:05 (UserDAO.java:getByParameter:127)Cant search users with nickname JSESSIONID 

[INFO] 04:29:05 (DefaultServlet.java:process:65)Redirection path: /main.jsp REDIRECTION 

[INFO] 04:29:08 (DefaultServlet.java:process:60)Query with url: GET:/store/login 

[INFO] 04:29:08 (DefaultServlet.java:process:62)Command key execution: CommandLoginPage{} 

[INFO] 04:29:08 (DefaultServlet.java:process:65)Redirection path: /viewPublic/loginPage.jsp REDIRECTION 

[INFO] 04:29:10 (DefaultServlet.java:process:60)Query with url: POST:/store/loginForm 

[INFO] 04:29:10 (DefaultServlet.java:process:62)Command key execution: ua.com.company.store.controller.impl.executions.CommandLoginFormExecution@32b0d705 

[INFO] 04:29:10 (CommandLoginFormExecution.java:execute:50)Successful validation inputs 

[ERROR] 04:29:10 (UserDAO.java:getByParameter:127)Cant search users with nickname JSESSIONID 

[INFO] 04:29:10 (CommandLoginFormExecution.java:execute:52)User don't exist in cookie(successful) 

[INFO] 04:29:10 (CommandLoginFormExecution.java:execute:59)Successful validated --Vlad 

[INFO] 04:29:10 (CommandLoginFormExecution.java:execute:66)Successful validation on registered before user 

[INFO] 04:29:10 (CommandLoginFormExecution.java:execute:74)Continue execution without adding in cookie  

[INFO] 04:29:10 (DefaultServlet.java:process:65)Redirection path: /main.jsp 

[INFO] 04:29:11 (DefaultServlet.java:process:60)Query with url: GET:/store/adminPage 

[INFO] 04:29:11 (DefaultServlet.java:process:62)Command key execution: ua.com.company.store.controller.impl.redirection.CommandAdminPage@10069a4d 

[INFO] 04:29:11 (DefaultServlet.java:process:65)Redirection path: /WEB-INF/viewPrivate/adminPage.jsp 

[INFO] 04:29:12 (UserDAO.java:<init>:22)Created dao layer + ua.com.company.store.model.dao.impl.UserDAO@6167411f 

[INFO] 04:29:12 (UserService.java:<init>:27)Created User Service 

[INFO] 04:29:14 (DefaultServlet.java:process:60)Query with url: GET:/store/executeOrder 

[INFO] 04:29:14 (DefaultServlet.java:process:62)Command key execution: ua.com.company.store.controller.impl.executions.CommandExecuteOrder@17feb476 

[ERROR] 04:29:15 (CommandExecuteOrder.java:execute:53)Error with sending message javax.mail.MessagingException: [EOF] 

[INFO] 04:29:15 (DefaultServlet.java:process:65)Redirection path: /WEB-INF/viewPrivate/adminPage.jsp 

[INFO] 04:29:15 (UserDAO.java:<init>:22)Created dao layer + ua.com.company.store.model.dao.impl.UserDAO@266ed7ab 

[INFO] 04:29:15 (UserService.java:<init>:27)Created User Service 

[INFO] 04:30:28 (DefaultServlet.java:init:44)Initialized default servlet  ua.com.company.store.controller.DefaultServlet@2e252763 

[INFO] 04:31:49 (DefaultServlet.java:process:60)Query with url: GET:/store 

[INFO] 04:31:49 (MySqlDaoFactory.java:<init>:47)Mysql dao factory constur 

[INFO] 04:31:49 (UserDAO.java:<init>:22)Created dao layer + ua.com.company.store.model.dao.impl.UserDAO@73d01a87 

[INFO] 04:31:49 (UserService.java:<init>:27)Created User Service 

[INFO] 04:31:49 (DefaultServlet.java:process:62)Command key execution: CommandHomePageCommand{} 

[ERROR] 04:31:50 (UserDAO.java:getByParameter:127)Cant search users with nickname JSESSIONID 

[INFO] 04:31:50 (DefaultServlet.java:process:65)Redirection path: /main.jsp REDIRECTION 

[INFO] 04:32:20 (DefaultServlet.java:process:60)Query with url: GET:/store/login 

[INFO] 04:32:20 (DefaultServlet.java:process:62)Command key execution: CommandLoginPage{} 

[INFO] 04:32:20 (DefaultServlet.java:process:65)Redirection path: /viewPublic/loginPage.jsp REDIRECTION 

[INFO] 04:32:22 (DefaultServlet.java:process:60)Query with url: POST:/store/loginForm 

[INFO] 04:32:22 (DefaultServlet.java:process:62)Command key execution: ua.com.company.store.controller.impl.executions.CommandLoginFormExecution@697ff837 

[INFO] 04:32:22 (CommandLoginFormExecution.java:execute:50)Successful validation inputs 

[ERROR] 04:32:22 (UserDAO.java:getByParameter:127)Cant search users with nickname JSESSIONID 

[INFO] 04:32:22 (CommandLoginFormExecution.java:execute:52)User don't exist in cookie(successful) 

[INFO] 04:32:22 (CommandLoginFormExecution.java:execute:59)Successful validated --Vlad 

[INFO] 04:32:22 (CommandLoginFormExecution.java:execute:66)Successful validation on registered before user 

[INFO] 04:32:22 (CommandLoginFormExecution.java:execute:74)Continue execution without adding in cookie  

[INFO] 04:32:22 (DefaultServlet.java:process:65)Redirection path: /main.jsp 

[INFO] 04:32:23 (DefaultServlet.java:process:60)Query with url: GET:/store/adminPage 

[INFO] 04:32:23 (DefaultServlet.java:process:62)Command key execution: ua.com.company.store.controller.impl.redirection.CommandAdminPage@78b97149 

[INFO] 04:32:23 (DefaultServlet.java:process:65)Redirection path: /WEB-INF/viewPrivate/adminPage.jsp 

[INFO] 04:32:24 (UserDAO.java:<init>:22)Created dao layer + ua.com.company.store.model.dao.impl.UserDAO@31353fe9 

[INFO] 04:32:24 (UserService.java:<init>:27)Created User Service 

[INFO] 04:32:25 (DefaultServlet.java:process:60)Query with url: GET:/store/executeOrder 

[INFO] 04:32:25 (DefaultServlet.java:process:62)Command key execution: ua.com.company.store.controller.impl.executions.CommandExecuteOrder@2d8cc042 

[ERROR] 04:32:26 (CommandExecuteOrder.java:execute:53)Error with sending message javax.mail.MessagingException: [EOF] 

[INFO] 04:32:26 (DefaultServlet.java:process:65)Redirection path: /WEB-INF/viewPrivate/adminPage.jsp 

[INFO] 04:32:26 (UserDAO.java:<init>:22)Created dao layer + ua.com.company.store.model.dao.impl.UserDAO@70f408a0 

[INFO] 04:32:26 (UserService.java:<init>:27)Created User Service 

[INFO] 04:40:08 (DefaultServlet.java:init:44)Initialized default servlet  ua.com.company.store.controller.DefaultServlet@3de011eb 

[INFO] 04:42:56 (DefaultServlet.java:process:60)Query with url: GET:/store 

[INFO] 04:42:56 (MySqlDaoFactory.java:<init>:47)Mysql dao factory constur 

[INFO] 04:42:56 (UserDAO.java:<init>:22)Created dao layer + ua.com.company.store.model.dao.impl.UserDAO@47bd1f01 

[INFO] 04:42:56 (UserService.java:<init>:27)Created User Service 

[INFO] 04:42:57 (DefaultServlet.java:process:62)Command key execution: CommandHomePageCommand{} 

[ERROR] 04:42:57 (UserDAO.java:getByParameter:127)Cant search users with nickname JSESSIONID 

[INFO] 04:42:57 (DefaultServlet.java:process:65)Redirection path: /main.jsp REDIRECTION 

[INFO] 04:43:00 (DefaultServlet.java:process:60)Query with url: GET:/store/login 

[INFO] 04:43:00 (DefaultServlet.java:process:62)Command key execution: CommandLoginPage{} 

[INFO] 04:43:00 (DefaultServlet.java:process:65)Redirection path: /viewPublic/loginPage.jsp REDIRECTION 

[INFO] 04:43:03 (DefaultServlet.java:process:60)Query with url: POST:/store/loginForm 

[INFO] 04:43:03 (DefaultServlet.java:process:62)Command key execution: ua.com.company.store.controller.impl.executions.CommandLoginFormExecution@1282feb3 

[INFO] 04:43:03 (CommandLoginFormExecution.java:execute:50)Successful validation inputs 

[ERROR] 04:43:03 (UserDAO.java:getByParameter:127)Cant search users with nickname JSESSIONID 

[INFO] 04:43:03 (CommandLoginFormExecution.java:execute:52)User don't exist in cookie(successful) 

[INFO] 04:43:03 (CommandLoginFormExecution.java:execute:59)Successful validated --Vlad 

[INFO] 04:43:03 (CommandLoginFormExecution.java:execute:66)Successful validation on registered before user 

[INFO] 04:43:03 (CommandLoginFormExecution.java:execute:74)Continue execution without adding in cookie  

[INFO] 04:43:03 (DefaultServlet.java:process:65)Redirection path: /main.jsp 

[INFO] 04:43:04 (DefaultServlet.java:process:60)Query with url: GET:/store/adminPage 

[INFO] 04:43:04 (DefaultServlet.java:process:62)Command key execution: ua.com.company.store.controller.impl.redirection.CommandAdminPage@dba1e12 

[INFO] 04:43:04 (DefaultServlet.java:process:65)Redirection path: /WEB-INF/viewPrivate/adminPage.jsp 

[INFO] 04:43:04 (UserDAO.java:<init>:22)Created dao layer + ua.com.company.store.model.dao.impl.UserDAO@55d6905 

[INFO] 04:43:04 (UserService.java:<init>:27)Created User Service 

[INFO] 04:43:06 (DefaultServlet.java:process:60)Query with url: GET:/store/executeOrder 

[INFO] 04:43:06 (DefaultServlet.java:process:62)Command key execution: ua.com.company.store.controller.impl.executions.CommandExecuteOrder@1eefe2c7 

[ERROR] 04:43:07 (CommandExecuteOrder.java:execute:53)Error with sending message javax.mail.MessagingException: [EOF] 

[INFO] 04:43:07 (DefaultServlet.java:process:65)Redirection path: /WEB-INF/viewPrivate/adminPage.jsp 

[INFO] 04:43:07 (UserDAO.java:<init>:22)Created dao layer + ua.com.company.store.model.dao.impl.UserDAO@a2c8546 

[INFO] 04:43:07 (UserService.java:<init>:27)Created User Service 

[INFO] 04:46:57 (DefaultServlet.java:init:44)Initialized default servlet  ua.com.company.store.controller.DefaultServlet@6f5215b9 

[INFO] 04:47:02 (DefaultServlet.java:process:60)Query with url: GET:/store 

[INFO] 04:47:02 (MySqlDaoFactory.java:<init>:47)Mysql dao factory constur 

[INFO] 04:47:02 (UserDAO.java:<init>:22)Created dao layer + ua.com.company.store.model.dao.impl.UserDAO@59a1b532 

[INFO] 04:47:02 (UserService.java:<init>:27)Created User Service 

[INFO] 04:47:02 (DefaultServlet.java:process:62)Command key execution: CommandHomePageCommand{} 

[ERROR] 04:47:03 (UserDAO.java:getByParameter:127)Cant search users with nickname JSESSIONID 

[INFO] 04:47:03 (DefaultServlet.java:process:65)Redirection path: /main.jsp REDIRECTION 

[INFO] 04:47:06 (DefaultServlet.java:process:60)Query with url: GET:/store/login 

[INFO] 04:47:06 (DefaultServlet.java:process:62)Command key execution: CommandLoginPage{} 

[INFO] 04:47:06 (DefaultServlet.java:process:65)Redirection path: /viewPublic/loginPage.jsp REDIRECTION 

[INFO] 04:47:08 (DefaultServlet.java:process:60)Query with url: POST:/store/loginForm 

[INFO] 04:47:08 (DefaultServlet.java:process:62)Command key execution: ua.com.company.store.controller.impl.executions.CommandLoginFormExecution@32b0d705 

[INFO] 04:47:08 (CommandLoginFormExecution.java:execute:50)Successful validation inputs 

[ERROR] 04:47:08 (UserDAO.java:getByParameter:127)Cant search users with nickname JSESSIONID 

[INFO] 04:47:08 (CommandLoginFormExecution.java:execute:52)User don't exist in cookie(successful) 

[INFO] 04:47:08 (CommandLoginFormExecution.java:execute:59)Successful validated --Vlad 

[INFO] 04:47:08 (CommandLoginFormExecution.java:execute:66)Successful validation on registered before user 

[INFO] 04:47:08 (CommandLoginFormExecution.java:execute:74)Continue execution without adding in cookie  

[INFO] 04:47:08 (DefaultServlet.java:process:65)Redirection path: /main.jsp 

[INFO] 04:47:10 (DefaultServlet.java:process:60)Query with url: GET:/store/adminPage 

[INFO] 04:47:10 (DefaultServlet.java:process:62)Command key execution: ua.com.company.store.controller.impl.redirection.CommandAdminPage@b7a9692 

[INFO] 04:47:10 (DefaultServlet.java:process:65)Redirection path: /WEB-INF/viewPrivate/adminPage.jsp 

[INFO] 04:47:11 (UserDAO.java:<init>:22)Created dao layer + ua.com.company.store.model.dao.impl.UserDAO@23f2c9e6 

[INFO] 04:47:11 (UserService.java:<init>:27)Created User Service 

[INFO] 04:47:14 (DefaultServlet.java:process:60)Query with url: GET:/store/executeOrder 

[INFO] 04:47:14 (DefaultServlet.java:process:62)Command key execution: ua.com.company.store.controller.impl.executions.CommandExecuteOrder@11135001 

[ERROR] 04:47:14 (CommandExecuteOrder.java:execute:53)Error with sending message javax.mail.MessagingException: [EOF] 

[INFO] 04:47:14 (DefaultServlet.java:process:65)Redirection path: /WEB-INF/viewPrivate/adminPage.jsp 

[INFO] 04:47:14 (UserDAO.java:<init>:22)Created dao layer + ua.com.company.store.model.dao.impl.UserDAO@124b4156 

[INFO] 04:47:14 (UserService.java:<init>:27)Created User Service 

[INFO] 04:53:23 (DefaultServlet.java:init:44)Initialized default servlet  ua.com.company.store.controller.DefaultServlet@496ab503 

[INFO] 04:53:28 (DefaultServlet.java:process:60)Query with url: GET:/store 

[INFO] 04:53:28 (MySqlDaoFactory.java:<init>:47)Mysql dao factory constur 

[INFO] 04:53:28 (UserDAO.java:<init>:22)Created dao layer + ua.com.company.store.model.dao.impl.UserDAO@4a3e179 

[INFO] 04:53:28 (UserService.java:<init>:27)Created User Service 

[INFO] 04:53:28 (DefaultServlet.java:process:62)Command key execution: CommandHomePageCommand{} 

[ERROR] 04:53:28 (UserDAO.java:getByParameter:127)Cant search users with nickname JSESSIONID 

[INFO] 04:53:28 (DefaultServlet.java:process:65)Redirection path: /main.jsp REDIRECTION 

[INFO] 04:53:45 (DefaultServlet.java:process:60)Query with url: GET:/store/login 

[INFO] 04:53:45 (DefaultServlet.java:process:62)Command key execution: CommandLoginPage{} 

[INFO] 04:53:45 (DefaultServlet.java:process:65)Redirection path: /viewPublic/loginPage.jsp REDIRECTION 

[INFO] 04:53:47 (DefaultServlet.java:process:60)Query with url: GET:/store/login 

[INFO] 04:53:47 (DefaultServlet.java:process:62)Command key execution: CommandLoginPage{} 

[INFO] 04:53:47 (DefaultServlet.java:process:65)Redirection path: /viewPublic/loginPage.jsp REDIRECTION 

[INFO] 04:53:48 (DefaultServlet.java:process:60)Query with url: POST:/store/loginForm 

[INFO] 04:53:48 (DefaultServlet.java:process:62)Command key execution: ua.com.company.store.controller.impl.executions.CommandLoginFormExecution@7d8aa91e 

[INFO] 04:53:48 (CommandLoginFormExecution.java:execute:50)Successful validation inputs 

[ERROR] 04:53:48 (UserDAO.java:getByParameter:127)Cant search users with nickname JSESSIONID 

[INFO] 04:53:48 (CommandLoginFormExecution.java:execute:52)User don't exist in cookie(successful) 

[INFO] 04:53:48 (CommandLoginFormExecution.java:execute:59)Successful validated --Vlad 

[INFO] 04:53:48 (CommandLoginFormExecution.java:execute:66)Successful validation on registered before user 

[INFO] 04:53:48 (CommandLoginFormExecution.java:execute:74)Continue execution without adding in cookie  

[INFO] 04:53:48 (DefaultServlet.java:process:65)Redirection path: /main.jsp 

[INFO] 04:53:49 (DefaultServlet.java:process:60)Query with url: GET:/store/adminPage 

[INFO] 04:53:49 (DefaultServlet.java:process:62)Command key execution: ua.com.company.store.controller.impl.redirection.CommandAdminPage@456c7271 

[INFO] 04:53:49 (DefaultServlet.java:process:65)Redirection path: /WEB-INF/viewPrivate/adminPage.jsp 

[INFO] 04:53:50 (UserDAO.java:<init>:22)Created dao layer + ua.com.company.store.model.dao.impl.UserDAO@1e6f4d5a 

[INFO] 04:53:50 (UserService.java:<init>:27)Created User Service 

[INFO] 04:53:52 (DefaultServlet.java:process:60)Query with url: GET:/store/executeOrder 

[INFO] 04:53:52 (DefaultServlet.java:process:62)Command key execution: ua.com.company.store.controller.impl.executions.CommandExecuteOrder@11cf9c1a 

[ERROR] 04:53:57 (CommandExecuteOrder.java:execute:53)Error with sending message javax.mail.AuthenticationFailedException 

[INFO] 04:53:57 (DefaultServlet.java:process:65)Redirection path: /WEB-INF/viewPrivate/adminPage.jsp 

[INFO] 04:53:57 (UserDAO.java:<init>:22)Created dao layer + ua.com.company.store.model.dao.impl.UserDAO@23bf5e21 

[INFO] 04:53:57 (UserService.java:<init>:27)Created User Service 

[INFO] 05:28:00 (MySqlDaoFactory.java:<init>:47)Mysql dao factory constur 

[INFO] 05:28:01 (UserDAO.java:<init>:22)Created dao layer + ua.com.company.store.model.dao.impl.UserDAO@6979e8cb 

[INFO] 05:28:01 (UserService.java:<init>:27)Created User Service 

[INFO] 05:30:44 (MySqlDaoFactory.java:<init>:47)Mysql dao factory constur 

[INFO] 05:30:44 (UserDAO.java:<init>:22)Created dao layer + ua.com.company.store.model.dao.impl.UserDAO@6979e8cb 

[INFO] 05:30:44 (UserService.java:<init>:27)Created User Service 

[INFO] 05:31:43 (MySqlDaoFactory.java:<init>:47)Mysql dao factory constur 

[INFO] 05:31:43 (UserDAO.java:<init>:22)Created dao layer + ua.com.company.store.model.dao.impl.UserDAO@5fe5c6f 

[INFO] 05:31:43 (UserService.java:<init>:27)Created User Service 

[INFO] 11:23:18 (MySqlDaoFactory.java:<init>:47)Mysql dao factory constur 

[INFO] 11:23:19 (UserDAO.java:<init>:22)Created dao layer + ua.com.company.store.model.dao.impl.UserDAO@2d6a9952 

[INFO] 11:23:19 (UserService.java:<init>:27)Created User Service 

[INFO] 11:25:01 (MySqlDaoFactory.java:<init>:47)Mysql dao factory constur 

[INFO] 11:25:01 (UserDAO.java:<init>:22)Created dao layer + ua.com.company.store.model.dao.impl.UserDAO@2d6a9952 

[INFO] 11:25:01 (UserService.java:<init>:27)Created User Service 

[INFO] 11:26:24 (MySqlDaoFactory.java:<init>:47)Mysql dao factory constur 

[INFO] 11:26:24 (UserDAO.java:<init>:22)Created dao layer + ua.com.company.store.model.dao.impl.UserDAO@2d6a9952 

[INFO] 11:26:24 (UserService.java:<init>:27)Created User Service 

[INFO] 11:41:49 (MySqlDaoFactory.java:<init>:47)Mysql dao factory constur 

[INFO] 11:41:49 (UserDAO.java:<init>:22)Created dao layer + ua.com.company.store.model.dao.impl.UserDAO@2d6a9952 

[INFO] 11:41:49 (UserService.java:<init>:27)Created User Service 

[INFO] 11:47:23 (MySqlDaoFactory.java:<init>:47)Mysql dao factory constur 

[INFO] 11:47:23 (UserDAO.java:<init>:22)Created dao layer + ua.com.company.store.model.dao.impl.UserDAO@2d6a9952 

[INFO] 11:47:23 (UserService.java:<init>:27)Created User Service 

[INFO] 11:49:09 (MySqlDaoFactory.java:<init>:47)Mysql dao factory constur 

[INFO] 11:49:09 (UserDAO.java:<init>:22)Created dao layer + ua.com.company.store.model.dao.impl.UserDAO@2d6a9952 

[INFO] 11:49:09 (UserService.java:<init>:27)Created User Service 

[INFO] 11:50:21 (MySqlDaoFactory.java:<init>:47)Mysql dao factory constur 

[INFO] 11:50:22 (UserDAO.java:<init>:22)Created dao layer + ua.com.company.store.model.dao.impl.UserDAO@2d6a9952 

[INFO] 11:50:22 (UserService.java:<init>:27)Created User Service 

[INFO] 11:52:48 (MySqlDaoFactory.java:<init>:47)Mysql dao factory constur 

[INFO] 11:52:48 (UserDAO.java:<init>:22)Created dao layer + ua.com.company.store.model.dao.impl.UserDAO@2d6a9952 

[INFO] 11:52:48 (UserService.java:<init>:27)Created User Service 

[INFO] 11:55:19 (MySqlDaoFactory.java:<init>:47)Mysql dao factory constur 

[INFO] 11:55:19 (UserDAO.java:<init>:22)Created dao layer + ua.com.company.store.model.dao.impl.UserDAO@2d6a9952 

[INFO] 11:55:19 (UserService.java:<init>:27)Created User Service 

[INFO] 12:05:20 (MySqlDaoFactory.java:<init>:47)Mysql dao factory constur 

[INFO] 12:05:20 (UserDAO.java:<init>:22)Created dao layer + ua.com.company.store.model.dao.impl.UserDAO@3ac42916 

[INFO] 12:05:20 (UserService.java:<init>:27)Created User Service 

[INFO] 12:05:53 (MySqlDaoFactory.java:<init>:47)Mysql dao factory constur 

[INFO] 12:05:53 (UserDAO.java:<init>:22)Created dao layer + ua.com.company.store.model.dao.impl.UserDAO@3ac42916 

[INFO] 12:05:53 (UserService.java:<init>:27)Created User Service 

[INFO] 12:07:03 (MySqlDaoFactory.java:<init>:47)Mysql dao factory constur 

[INFO] 12:07:03 (UserDAO.java:<init>:22)Created dao layer + ua.com.company.store.model.dao.impl.UserDAO@3ac42916 

[INFO] 12:07:03 (UserService.java:<init>:27)Created User Service 

[INFO] 12:09:55 (MySqlDaoFactory.java:<init>:47)Mysql dao factory constur 

[INFO] 12:09:55 (UserDAO.java:<init>:22)Created dao layer + ua.com.company.store.model.dao.impl.UserDAO@3ac42916 

[INFO] 12:09:55 (UserService.java:<init>:27)Created User Service 

[INFO] 12:16:56 (MySqlDaoFactory.java:<init>:47)Mysql dao factory constur 

[INFO] 12:16:56 (UserDAO.java:<init>:22)Created dao layer + ua.com.company.store.model.dao.impl.UserDAO@5c0369c4 

[INFO] 12:16:56 (UserService.java:<init>:27)Created User Service 

[INFO] 12:24:42 (MySqlDaoFactory.java:<init>:47)Mysql dao factory constur 

[INFO] 12:24:42 (UserDAO.java:<init>:22)Created dao layer + ua.com.company.store.model.dao.impl.UserDAO@5c0369c4 

[INFO] 12:24:42 (UserService.java:<init>:27)Created User Service 

[INFO] 12:28:55 (MySqlDaoFactory.java:<init>:47)Mysql dao factory constur 

[INFO] 12:28:55 (UserDAO.java:<init>:22)Created dao layer + ua.com.company.store.model.dao.impl.UserDAO@5c0369c4 

[INFO] 12:28:55 (UserService.java:<init>:27)Created User Service 

[INFO] 12:29:55 (MySqlDaoFactory.java:<init>:47)Mysql dao factory constur 

[INFO] 12:29:55 (UserDAO.java:<init>:22)Created dao layer + ua.com.company.store.model.dao.impl.UserDAO@5c0369c4 

[INFO] 12:29:55 (UserService.java:<init>:27)Created User Service 

[INFO] 12:31:11 (MySqlDaoFactory.java:<init>:47)Mysql dao factory constur 

[INFO] 12:31:12 (UserDAO.java:<init>:22)Created dao layer + ua.com.company.store.model.dao.impl.UserDAO@5c0369c4 

[INFO] 12:31:12 (UserService.java:<init>:27)Created User Service 

[INFO] 07:16:34 (DefaultServlet.java:init:44)Initialized default servlet  ua.com.company.store.controller.DefaultServlet@3058ae58 

[INFO] 07:19:28 (DefaultServlet.java:process:60)Query with url: GET:/store 

[INFO] 07:19:28 (MySqlDaoFactory.java:<init>:47)Mysql dao factory constur 

[INFO] 07:19:28 (UserDAO.java:<init>:22)Created dao layer + ua.com.company.store.model.dao.impl.UserDAO@8b40148 

[INFO] 07:19:28 (UserService.java:<init>:27)Created User Service 

[INFO] 07:19:29 (DefaultServlet.java:process:62)Command key execution: CommandHomePageCommand{} 

[INFO] 07:19:32 (DefaultServlet.java:process:60)Query with url: GET:/store 

[INFO] 07:19:32 (DefaultServlet.java:process:62)Command key execution: CommandHomePageCommand{} 

[ERROR] 07:19:34 (UserDAO.java:getByParameter:127)Cant search users with nickname JSESSIONID 

[ERROR] 07:19:34 (UserDAO.java:getByParameter:127)Cant search users with nickname JSESSIONID 

[INFO] 07:19:34 (DefaultServlet.java:process:65)Redirection path: /main.jsp REDIRECTION 

[INFO] 07:19:34 (DefaultServlet.java:process:65)Redirection path: /main.jsp REDIRECTION 

[INFO] 08:02:37 (DefaultServlet.java:init:44)Initialized default servlet  ua.com.company.store.controller.DefaultServlet@3e250398 

[INFO] 08:03:53 (DefaultServlet.java:init:44)Initialized default servlet  ua.com.company.store.controller.DefaultServlet@3fa39c91 

[INFO] 08:04:03 (MySqlDaoFactory.java:<init>:47)Mysql dao factory constur 

[INFO] 08:04:09 (DefaultServlet.java:process:60)Query with url: GET:/store/login 

[INFO] 08:04:09 (UserDAO.java:<init>:22)Created dao layer + ua.com.company.store.model.dao.impl.UserDAO@4bd93d7c 

[INFO] 08:04:09 (UserService.java:<init>:27)Created User Service 

[INFO] 08:04:09 (DefaultServlet.java:process:62)Command key execution: CommandLoginPage{} 

[INFO] 08:04:09 (DefaultServlet.java:process:65)Redirection path: /viewPublic/loginPage.jsp REDIRECTION 

[INFO] 08:04:13 (DefaultServlet.java:process:60)Query with url: GET:/store/locale 

[INFO] 08:04:13 (DefaultServlet.java:process:62)Command key execution: ChangeLocale{} 

[INFO] 08:04:13 (CommandChangeLocale.java:setLocale:34)Chosen language uk 

[INFO] 08:04:13 (DefaultServlet.java:process:65)Redirection path: /main.jsp REDIRECTION 

[INFO] 08:04:19 (DefaultServlet.java:process:60)Query with url: GET:/store/executeOrder 

[INFO] 08:04:19 (DefaultServlet.java:process:62)Command key execution: ua.com.company.store.controller.impl.executions.CommandExecuteOrder@32b0d705 

[INFO] 08:04:19 (DefaultServlet.java:process:65)Redirection path: /WEB-INF/viewPrivate/errors/accessErrorPage.jsp 

[INFO] 08:07:07 (DefaultServlet.java:init:44)Initialized default servlet  ua.com.company.store.controller.DefaultServlet@52e43703 

[INFO] 08:11:38 (DefaultServlet.java:process:60)Query with url: GET:/store/executeOrder 

[INFO] 08:11:38 (MySqlDaoFactory.java:<init>:47)Mysql dao factory constur 

[INFO] 08:11:38 (UserDAO.java:<init>:22)Created dao layer + ua.com.company.store.model.dao.impl.UserDAO@3f2effb6 

[INFO] 08:11:38 (UserService.java:<init>:27)Created User Service 

[INFO] 08:11:38 (DefaultServlet.java:process:62)Command key execution: ua.com.company.store.controller.impl.executions.CommandExecuteOrder@5a6d5fd4 

[INFO] 08:11:38 (DefaultServlet.java:process:65)Redirection path: /WEB-INF/viewPrivate/errors/accessErrorPage.jsp 

[INFO] 08:11:42 (DefaultServlet.java:process:60)Query with url: GET:/store 

[INFO] 08:11:42 (DefaultServlet.java:process:62)Command key execution: CommandHomePageCommand{} 

[ERROR] 08:11:42 (UserDAO.java:getByParameter:127)Cant search users with nickname JSESSIONID 

[INFO] 08:11:42 (DefaultServlet.java:process:65)Redirection path: /main.jsp REDIRECTION 

[INFO] 08:11:54 (DefaultServlet.java:process:60)Query with url: GET:/store/login 

[INFO] 08:11:54 (DefaultServlet.java:process:62)Command key execution: CommandLoginPage{} 

[INFO] 08:11:54 (DefaultServlet.java:process:65)Redirection path: /viewPublic/loginPage.jsp REDIRECTION 

[INFO] 08:11:56 (DefaultServlet.java:process:60)Query with url: POST:/store/loginForm 

[INFO] 08:11:56 (DefaultServlet.java:process:62)Command key execution: ua.com.company.store.controller.impl.executions.CommandLoginFormExecution@6536fbfc 

[INFO] 08:11:56 (CommandLoginFormExecution.java:execute:50)Successful validation inputs 

[ERROR] 08:11:56 (UserDAO.java:getByParameter:127)Cant search users with nickname JSESSIONID 

[INFO] 08:11:56 (CommandLoginFormExecution.java:execute:52)User don't exist in cookie(successful) 

[INFO] 08:11:56 (CommandLoginFormExecution.java:execute:59)Successful validated --Vlad 

[INFO] 08:11:56 (CommandLoginFormExecution.java:execute:66)Successful validation on registered before user 

[INFO] 08:11:56 (CommandLoginFormExecution.java:execute:74)Continue execution without adding in cookie  

[INFO] 08:11:56 (DefaultServlet.java:process:65)Redirection path: /main.jsp 

[INFO] 08:11:59 (DefaultServlet.java:process:60)Query with url: GET:/store/adminPage 

[INFO] 08:11:59 (DefaultServlet.java:process:62)Command key execution: ua.com.company.store.controller.impl.redirection.CommandAdminPage@5f4534f6 

[INFO] 08:11:59 (DefaultServlet.java:process:65)Redirection path: /WEB-INF/viewPrivate/adminPage.jsp 

[INFO] 08:11:59 (UserDAO.java:<init>:22)Created dao layer + ua.com.company.store.model.dao.impl.UserDAO@718546dc 

[INFO] 08:11:59 (UserService.java:<init>:27)Created User Service 

[INFO] 08:12:42 (DefaultServlet.java:process:60)Query with url: POST:/store/addNewProduct 

[INFO] 08:12:42 (DefaultServlet.java:process:62)Command key execution: ua.com.company.store.controller.impl.executions.CommandAddNewProductByAdminExecution@1ad065c2 

[INFO] 08:12:42 (CommandAddNewProductByAdminExecution.java:downloadImage:115)Problems during file upload. Error: {0}G:\JAVA\EPAM\GiveawayStore\web\resources\images (Отказано в доступе) 

[INFO] 08:12:43 (DefaultServlet.java:process:65)Redirection path: /WEB-INF/viewPrivate/adminPage.jsp 

[INFO] 08:12:43 (UserDAO.java:<init>:22)Created dao layer + ua.com.company.store.model.dao.impl.UserDAO@2182ed1f 

[INFO] 08:12:43 (UserService.java:<init>:27)Created User Service 

[INFO] 08:12:49 (DefaultServlet.java:process:60)Query with url: GET:/store 

[INFO] 08:12:49 (DefaultServlet.java:process:62)Command key execution: CommandHomePageCommand{} 

[ERROR] 08:12:49 (UserDAO.java:getByParameter:127)Cant search users with nickname JSESSIONID 

[INFO] 08:12:49 (DefaultServlet.java:process:65)Redirection path: /main.jsp REDIRECTION 

[INFO] 08:39:55 (DefaultServlet.java:init:44)Initialized default servlet  ua.com.company.store.controller.DefaultServlet@405b748e 

[INFO] 08:40:52 (DefaultServlet.java:init:44)Initialized default servlet  ua.com.company.store.controller.DefaultServlet@149799cf 

[INFO] 08:43:21 (DefaultServlet.java:init:44)Initialized default servlet  ua.com.company.store.controller.DefaultServlet@3e250398 

[INFO] 08:44:40 (DefaultServlet.java:init:44)Initialized default servlet  ua.com.company.store.controller.DefaultServlet@cbf64c 

[INFO] 08:48:26 (DefaultServlet.java:init:44)Initialized default servlet  ua.com.company.store.controller.DefaultServlet@6317aaa 

[INFO] 08:52:29 (DefaultServlet.java:init:44)Initialized default servlet  ua.com.company.store.controller.DefaultServlet@19d5c015 

[INFO] 08:54:00 (DefaultServlet.java:init:44)Initialized default servlet  ua.com.company.store.controller.DefaultServlet@2b078dae 

[INFO] 08:59:11 (DefaultServlet.java:init:44)Initialized default servlet  ua.com.company.store.controller.DefaultServlet@d6a67d9 

[INFO] 08:59:24 (MySqlDaoFactory.java:<init>:47)Mysql dao factory constur 

[INFO] 09:02:36 (DefaultServlet.java:init:44)Initialized default servlet  ua.com.company.store.controller.DefaultServlet@ab30f98 

[INFO] 09:02:55 (DefaultServlet.java:process:60)Query with url: GET:/store 

[INFO] 09:02:55 (MySqlDaoFactory.java:<init>:47)Mysql dao factory constur 

[INFO] 09:02:55 (UserDAO.java:<init>:22)Created dao layer + ua.com.company.store.model.dao.impl.UserDAO@17187263 

[INFO] 09:02:55 (UserService.java:<init>:27)Created User Service 

[INFO] 09:02:55 (DefaultServlet.java:process:62)Command key execution: CommandHomePageCommand{} 

[ERROR] 09:02:56 (UserDAO.java:getByParameter:127)Cant search users with nickname JSESSIONID 

[INFO] 09:02:56 (DefaultServlet.java:process:65)Redirection path: /main.jsp REDIRECTION 

[INFO] 11:58:48 (DefaultServlet.java:init:43)Initialized default servlet  ua.com.company.store.controller.DefaultServlet@1f8080c2 

[INFO] 12:03:21 (DefaultServlet.java:init:43)Initialized default servlet  ua.com.company.store.controller.DefaultServlet@2fc853b3 

[INFO] 12:13:52 (DefaultServlet.java:init:43)Initialized default servlet  ua.com.company.store.controller.DefaultServlet@3e1dc78b 

[INFO] 12:36:58 (DefaultServlet.java:init:43)Initialized default servlet  ua.com.company.store.controller.DefaultServlet@2a0006c5 

[INFO] 12:39:45 (DefaultServlet.java:init:43)Initialized default servlet  ua.com.company.store.controller.DefaultServlet@2c1cebf3 

[INFO] 12:40:52 (MySqlDaoFactory.java:<init>:47)Mysql dao factory constur 

[INFO] 12:41:47 (DefaultServlet.java:init:43)Initialized default servlet  ua.com.company.store.controller.DefaultServlet@4bc42bf 

[INFO] 12:43:04 (MySqlDaoFactory.java:<init>:47)Mysql dao factory constur 

[INFO] 12:45:01 (DefaultServlet.java:init:43)Initialized default servlet  ua.com.company.store.controller.DefaultServlet@7650aca4 

[INFO] 12:45:15 (MySqlDaoFactory.java:<init>:47)Mysql dao factory constur 

[INFO] 12:46:06 (DefaultServlet.java:init:43)Initialized default servlet  ua.com.company.store.controller.DefaultServlet@4a99819c 

[INFO] 12:46:14 (MySqlDaoFactory.java:<init>:47)Mysql dao factory constur 

[INFO] 12:51:32 (DefaultServlet.java:init:43)Initialized default servlet  ua.com.company.store.controller.DefaultServlet@43aabc30 

[INFO] 12:52:13 (MySqlDaoFactory.java:<init>:47)Mysql dao factory constur 

[INFO] 12:53:21 (DefaultServlet.java:init:43)Initialized default servlet  ua.com.company.store.controller.DefaultServlet@1f8e511a 

[INFO] 12:54:20 (MySqlDaoFactory.java:<init>:47)Mysql dao factory constur 

