16:33:58.041 [main] DEBUG n.f.i.model.TimeZoneRegistryImpl - Error loading custom timezone aliases: null
16:33:58.097 [main] DEBUG n.f.ical4j.data.CalendarParserImpl - [-3]
16:33:58.097 [main] DEBUG n.f.ical4j.data.CalendarParserImpl - [BEGIN]
16:33:58.097 [main] DEBUG n.f.ical4j.data.CalendarParserImpl - [58]
16:33:58.097 [main] DEBUG n.f.ical4j.data.CalendarParserImpl - [-3]
16:33:58.097 [main] DEBUG n.f.ical4j.data.CalendarParserImpl - [VCALENDAR]
16:33:58.097 [main] DEBUG n.f.ical4j.data.CalendarParserImpl - [10]
16:33:58.115 [main] DEBUG n.f.ical4j.data.CalendarParserImpl - [-3]
16:33:58.116 [main] DEBUG n.f.ical4j.data.CalendarParserImpl - Property [VERSION]
16:33:58.175 [main] DEBUG n.f.ical4j.data.CalendarParserImpl - [58]
16:33:58.176 [main] DEBUG n.f.ical4j.data.CalendarParserImpl - [-3]
16:33:58.181 [main] DEBUG n.f.ical4j.data.CalendarParserImpl - [10]
16:33:58.181 [main] DEBUG n.f.ical4j.data.CalendarParserImpl - [-3]
16:33:58.181 [main] DEBUG n.f.ical4j.data.CalendarParserImpl - Property [URL]
16:33:58.186 [main] DEBUG n.f.ical4j.data.CalendarParserImpl - Property [SUMMARY]
16:33:58.195 [main] DEBUG n.f.ical4j.data.CalendarParserImpl - Property [DTSTART]
16:33:58.196 [main] DEBUG n.f.ical4j.data.CalendarParserImpl - Property [DTEND]
16:33:58.197 [main] DEBUG n.f.ical4j.data.CalendarParserImpl - Property [X-FEE]
16:33:58.197 [main] DEBUG n.f.ical4j.data.CalendarParserImpl - Property [X-COUNTRY]
16:33:58.197 [main] DEBUG n.f.ical4j.data.CalendarParserImpl - Property [X-CITY]
16:33:58.198 [main] DEBUG n.f.ical4j.data.CalendarParserImpl - [58]
16:33:58.198 [main] DEBUG n.f.ical4j.data.CalendarParserImpl - [-3]
16:33:58.198 [main] DEBUG n.f.ical4j.data.CalendarParserImpl - [X-CONFERENCE]
16:33:58.198 [main] DEBUG n.f.ical4j.data.CalendarParserImpl - [10]
16:33:58.198 [main] DEBUG n.f.ical4j.data.CalendarParserImpl - [58]
16:33:58.198 [main] DEBUG n.f.ical4j.data.CalendarParserImpl - [-3]
16:33:58.198 [main] DEBUG n.f.ical4j.data.CalendarParserImpl - [VCALENDAR]
16:33:58.204 [main] DEBUG TestConferenceReader - setConfTest1 size is 1
16:33:58.204 [main] DEBUG TestConferenceReader - test 1 done
