[INFO ] fr.inria.main.evolution.AstorMain.setupLogging(AstorMain.java:272) - Log file at: /scratch/dginelli/workspace/repairnator-repairnator-experiments-msmobility-mito-345280455-20180223-155145-firstCommit/repairnator.astor.jkali.log
[INFO ] fr.inria.main.AbstractMain.determineSourceFolders(AbstractMain.java:982) - Source folders: [/scratch/dginelli/workspace/repairnator-repairnator-experiments-msmobility-mito-345280455-20180223-155145-firstCommit/src/main/java]
[INFO ] fr.inria.main.AbstractMain.determineSourceFolders(AbstractMain.java:1001) - Source Test folders: [/scratch/dginelli/workspace/repairnator-repairnator-experiments-msmobility-mito-345280455-20180223-155145-firstCommit/src/test/java]
[INFO ] fr.inria.astor.core.solutionsearch.AstorCoreEngine.calculateSuspicious(AstorCoreEngine.java:911) - Test retrieved from classes: 9
[INFO ] fr.inria.astor.core.manipulation.MutationSupporter.buildSpoonModel(MutationSupporter.java:236) - Creating model,  Code location from working folder: /scratch/dginelli/workspace/repairnator-repairnator-experiments-msmobility-mito-345280455-20180223-155145-firstCommit/src/main/java
[INFO ] fr.inria.astor.core.manipulation.MutationSupporter.buildModel(MutationSupporter.java:67) - building model: /scratch/dginelli/workspace/repairnator-repairnator-experiments-msmobility-mito-345280455-20180223-155145-firstCommit/src/main/java, compliance level: 8
[INFO ] fr.inria.astor.core.manipulation.MutationSupporter.buildModel(MutationSupporter.java:81) - Classpath (Dependencies) for building SpoonModel: [/scratch/dginelli/workspace/repairnator-repairnator-experiments-msmobility-mito-345280455-20180223-155145-firstCommit/.m2/log4j/log4j/1.2.15/log4j-1.2.15.jar, /scratch/dginelli/workspace/repairnator-repairnator-experiments-msmobility-mito-345280455-20180223-155145-firstCommit/.m2/sawdust/sawdust/1/sawdust-1.jar, /scratch/dginelli/workspace/repairnator-repairnator-experiments-msmobility-mito-345280455-20180223-155145-firstCommit/.m2/net/sourceforge/parallelcolt/parallelcolt/0.10.1/parallelcolt-0.10.1.jar, /scratch/dginelli/workspace/repairnator-repairnator-experiments-msmobility-mito-345280455-20180223-155145-firstCommit/.m2/net/sourceforge/jplasma/jplasma/1.2.0/jplasma-1.2.0.jar, /scratch/dginelli/workspace/repairnator-repairnator-experiments-msmobility-mito-345280455-20180223-155145-firstCommit/.m2/net/sourceforge/jplasma/core-lapack/0.1/core-lapack-0.1.jar, /scratch/dginelli/workspace/repairnator-repairnator-experiments-msmobility-mito-345280455-20180223-155145-firstCommit/.m2/net/sourceforge/f2j/arpack_combined_all/0.1/arpack_combined_all-0.1.jar, /scratch/dginelli/workspace/repairnator-repairnator-experiments-msmobility-mito-345280455-20180223-155145-firstCommit/.m2/net/sourceforge/jtransforms/jtransforms/2.4.0/jtransforms-2.4.0.jar, /scratch/dginelli/workspace/repairnator-repairnator-experiments-msmobility-mito-345280455-20180223-155145-firstCommit/.m2/net/sourceforge/csparsej/csparsej/1.1.1/csparsej-1.1.1.jar, /scratch/dginelli/workspace/repairnator-repairnator-experiments-msmobility-mito-345280455-20180223-155145-firstCommit/.m2/net/sourceforge/parallelcolt/optimization/1.0/optimization-1.0.jar, /scratch/dginelli/workspace/repairnator-repairnator-experiments-msmobility-mito-345280455-20180223-155145-firstCommit/.m2/com/googlecode/netlib-java/netlib-java/0.9.3/netlib-java-0.9.3.jar, /scratch/dginelli/workspace/repairnator-repairnator-experiments-msmobility-mito-345280455-20180223-155145-firstCommit/.m2/com/github/rwl/JKLU/1.0.0/JKLU-1.0.0.jar, /scratch/dginelli/workspace/repairnator-repairnator-experiments-msmobility-mito-345280455-20180223-155145-firstCommit/.m2/com/github/rwl/BTFJ/1.0.1/BTFJ-1.0.1.jar, /scratch/dginelli/workspace/repairnator-repairnator-experiments-msmobility-mito-345280455-20180223-155145-firstCommit/.m2/com/github/rwl/AMDJ/1.0.1/AMDJ-1.0.1.jar, /scratch/dginelli/workspace/repairnator-repairnator-experiments-msmobility-mito-345280455-20180223-155145-firstCommit/.m2/com/github/rwl/COLAMDJ/1.0.1/COLAMDJ-1.0.1.jar, /scratch/dginelli/workspace/repairnator-repairnator-experiments-msmobility-mito-345280455-20180223-155145-firstCommit/.m2/omx/omx/2/omx-2.jar, /scratch/dginelli/workspace/repairnator-repairnator-experiments-msmobility-mito-345280455-20180223-155145-firstCommit/.m2/org/apache/commons/commons-math3/3.2/commons-math3-3.2.jar, /scratch/dginelli/workspace/repairnator-repairnator-experiments-msmobility-mito-345280455-20180223-155145-firstCommit/.m2/junit/junit/4.12/junit-4.12.jar, /scratch/dginelli/workspace/repairnator-repairnator-experiments-msmobility-mito-345280455-20180223-155145-firstCommit/.m2/org/hamcrest/hamcrest-core/1.3/hamcrest-core-1.3.jar, /scratch/dginelli/workspace/repairnator-repairnator-experiments-msmobility-mito-345280455-20180223-155145-firstCommit/.m2/com/google/guava/guava/23.2-jre/guava-23.2-jre.jar, /scratch/dginelli/workspace/repairnator-repairnator-experiments-msmobility-mito-345280455-20180223-155145-firstCommit/.m2/com/google/code/findbugs/jsr305/1.3.9/jsr305-1.3.9.jar, /scratch/dginelli/workspace/repairnator-repairnator-experiments-msmobility-mito-345280455-20180223-155145-firstCommit/.m2/com/google/errorprone/error_prone_annotations/2.0.18/error_prone_annotations-2.0.18.jar, /scratch/dginelli/workspace/repairnator-repairnator-experiments-msmobility-mito-345280455-20180223-155145-firstCommit/.m2/com/google/j2objc/j2objc-annotations/1.1/j2objc-annotations-1.1.jar, /scratch/dginelli/workspace/repairnator-repairnator-experiments-msmobility-mito-345280455-20180223-155145-firstCommit/.m2/org/codehaus/mojo/animal-sniffer-annotations/1.14/animal-sniffer-annotations-1.14.jar, /scratch/dginelli/workspace/repairnator-repairnator-experiments-msmobility-mito-345280455-20180223-155145-firstCommit/.m2/org/jfree/jfreechart/1.0.14/jfreechart-1.0.14.jar, /scratch/dginelli/workspace/repairnator-repairnator-experiments-msmobility-mito-345280455-20180223-155145-firstCommit/.m2/org/jfree/jcommon/1.0.17/jcommon-1.0.17.jar, /scratch/dginelli/workspace/repairnator-repairnator-experiments-msmobility-mito-345280455-20180223-155145-firstCommit/.m2/xml-apis/xml-apis/1.3.04/xml-apis-1.3.04.jar, /scratch/dginelli/workspace/repairnator-repairnator-experiments-msmobility-mito-345280455-20180223-155145-firstCommit/.m2/com/lowagie/itext/2.1.5/itext-2.1.5.jar, /scratch/dginelli/workspace/repairnator-repairnator-experiments-msmobility-mito-345280455-20180223-155145-firstCommit/.m2/bouncycastle/bcmail-jdk14/138/bcmail-jdk14-138.jar, /scratch/dginelli/workspace/repairnator-repairnator-experiments-msmobility-mito-345280455-20180223-155145-firstCommit/.m2/bouncycastle/bcprov-jdk14/138/bcprov-jdk14-138.jar]
[INFO ] de.tum.bgu.msm.modules.travelTimeBudget.TravelTimeBudgetModule.calculateTravelTimeBudgets(TravelTimeBudgetModule.java:44) -   Started microscopic travel time budget calculation.
[INFO ] de.tum.bgu.msm.modules.travelTimeBudget.TravelTimeBudgetModule.calculateTravelTimeBudgets(TravelTimeBudgetModule.java:52) -   Adjusting travel time budgets.
[INFO ] de.tum.bgu.msm.modules.travelTimeBudget.TravelTimeBudgetModule.calculateTravelTimeBudgets(TravelTimeBudgetModule.java:54) -   Finished microscopic travel time budget calculation.
[INFO ] de.tum.bgu.msm.modules.travelTimeBudget.TravelTimeBudgetModule.calculateTravelTimeBudgets(TravelTimeBudgetModule.java:44) -   Started microscopic travel time budget calculation.
[INFO ] de.tum.bgu.msm.modules.travelTimeBudget.TravelTimeBudgetModule.calculateTravelTimeBudgets(TravelTimeBudgetModule.java:52) -   Adjusting travel time budgets.
[INFO ] de.tum.bgu.msm.modules.travelTimeBudget.TravelTimeBudgetModule.calculateTravelTimeBudgets(TravelTimeBudgetModule.java:54) -   Finished microscopic travel time budget calculation.
[INFO ] de.tum.bgu.msm.modules.travelTimeBudget.TravelTimeBudgetModule.calculateTravelTimeBudgets(TravelTimeBudgetModule.java:44) -   Started microscopic travel time budget calculation.
[INFO ] de.tum.bgu.msm.modules.travelTimeBudget.TravelTimeBudgetModule.calculateTravelTimeBudgets(TravelTimeBudgetModule.java:52) -   Adjusting travel time budgets.
[INFO ] de.tum.bgu.msm.modules.travelTimeBudget.TravelTimeBudgetModule.calculateTravelTimeBudgets(TravelTimeBudgetModule.java:54) -   Finished microscopic travel time budget calculation.
[INFO ] de.tum.bgu.msm.modules.travelTimeBudget.TravelTimeBudgetModule.calculateTravelTimeBudgets(TravelTimeBudgetModule.java:44) -   Started microscopic travel time budget calculation.
[INFO ] de.tum.bgu.msm.modules.travelTimeBudget.TravelTimeBudgetModule.calculateTravelTimeBudgets(TravelTimeBudgetModule.java:52) -   Adjusting travel time budgets.
[INFO ] de.tum.bgu.msm.modules.travelTimeBudget.TravelTimeBudgetModule.calculateTravelTimeBudgets(TravelTimeBudgetModule.java:54) -   Finished microscopic travel time budget calculation.
[INFO ] fr.inria.astor.core.solutionsearch.AstorCoreEngine.calculateSuspicious(AstorCoreEngine.java:925) - Setting up the max to 121830 milliseconds (121 sec)
[INFO ] fr.inria.astor.core.solutionsearch.AstorCoreEngine.initPopulation(AstorCoreEngine.java:720) - 
---- Creating spoon model
[INFO ] fr.inria.astor.core.manipulation.MutationSupporter.buildSpoonModel(MutationSupporter.java:236) - Creating model,  Code location from working folder: /scratch/dginelli/workspace/repairnator-repairnator-experiments-msmobility-mito-345280455-20180223-155145-firstCommit/src/main/java
[INFO ] fr.inria.astor.core.manipulation.MutationSupporter.buildModel(MutationSupporter.java:67) - building model: /scratch/dginelli/workspace/repairnator-repairnator-experiments-msmobility-mito-345280455-20180223-155145-firstCommit/src/main/java, compliance level: 8
[INFO ] fr.inria.astor.core.manipulation.MutationSupporter.buildModel(MutationSupporter.java:81) - Classpath (Dependencies) for building SpoonModel: [/scratch/dginelli/workspace/repairnator-repairnator-experiments-msmobility-mito-345280455-20180223-155145-firstCommit/.m2/log4j/log4j/1.2.15/log4j-1.2.15.jar, /scratch/dginelli/workspace/repairnator-repairnator-experiments-msmobility-mito-345280455-20180223-155145-firstCommit/.m2/sawdust/sawdust/1/sawdust-1.jar, /scratch/dginelli/workspace/repairnator-repairnator-experiments-msmobility-mito-345280455-20180223-155145-firstCommit/.m2/net/sourceforge/parallelcolt/parallelcolt/0.10.1/parallelcolt-0.10.1.jar, /scratch/dginelli/workspace/repairnator-repairnator-experiments-msmobility-mito-345280455-20180223-155145-firstCommit/.m2/net/sourceforge/jplasma/jplasma/1.2.0/jplasma-1.2.0.jar, /scratch/dginelli/workspace/repairnator-repairnator-experiments-msmobility-mito-345280455-20180223-155145-firstCommit/.m2/net/sourceforge/jplasma/core-lapack/0.1/core-lapack-0.1.jar, /scratch/dginelli/workspace/repairnator-repairnator-experiments-msmobility-mito-345280455-20180223-155145-firstCommit/.m2/net/sourceforge/f2j/arpack_combined_all/0.1/arpack_combined_all-0.1.jar, /scratch/dginelli/workspace/repairnator-repairnator-experiments-msmobility-mito-345280455-20180223-155145-firstCommit/.m2/net/sourceforge/jtransforms/jtransforms/2.4.0/jtransforms-2.4.0.jar, /scratch/dginelli/workspace/repairnator-repairnator-experiments-msmobility-mito-345280455-20180223-155145-firstCommit/.m2/net/sourceforge/csparsej/csparsej/1.1.1/csparsej-1.1.1.jar, /scratch/dginelli/workspace/repairnator-repairnator-experiments-msmobility-mito-345280455-20180223-155145-firstCommit/.m2/net/sourceforge/parallelcolt/optimization/1.0/optimization-1.0.jar, /scratch/dginelli/workspace/repairnator-repairnator-experiments-msmobility-mito-345280455-20180223-155145-firstCommit/.m2/com/googlecode/netlib-java/netlib-java/0.9.3/netlib-java-0.9.3.jar, /scratch/dginelli/workspace/repairnator-repairnator-experiments-msmobility-mito-345280455-20180223-155145-firstCommit/.m2/com/github/rwl/JKLU/1.0.0/JKLU-1.0.0.jar, /scratch/dginelli/workspace/repairnator-repairnator-experiments-msmobility-mito-345280455-20180223-155145-firstCommit/.m2/com/github/rwl/BTFJ/1.0.1/BTFJ-1.0.1.jar, /scratch/dginelli/workspace/repairnator-repairnator-experiments-msmobility-mito-345280455-20180223-155145-firstCommit/.m2/com/github/rwl/AMDJ/1.0.1/AMDJ-1.0.1.jar, /scratch/dginelli/workspace/repairnator-repairnator-experiments-msmobility-mito-345280455-20180223-155145-firstCommit/.m2/com/github/rwl/COLAMDJ/1.0.1/COLAMDJ-1.0.1.jar, /scratch/dginelli/workspace/repairnator-repairnator-experiments-msmobility-mito-345280455-20180223-155145-firstCommit/.m2/omx/omx/2/omx-2.jar, /scratch/dginelli/workspace/repairnator-repairnator-experiments-msmobility-mito-345280455-20180223-155145-firstCommit/.m2/org/apache/commons/commons-math3/3.2/commons-math3-3.2.jar, /scratch/dginelli/workspace/repairnator-repairnator-experiments-msmobility-mito-345280455-20180223-155145-firstCommit/.m2/junit/junit/4.12/junit-4.12.jar, /scratch/dginelli/workspace/repairnator-repairnator-experiments-msmobility-mito-345280455-20180223-155145-firstCommit/.m2/org/hamcrest/hamcrest-core/1.3/hamcrest-core-1.3.jar, /scratch/dginelli/workspace/repairnator-repairnator-experiments-msmobility-mito-345280455-20180223-155145-firstCommit/.m2/com/google/guava/guava/23.2-jre/guava-23.2-jre.jar, /scratch/dginelli/workspace/repairnator-repairnator-experiments-msmobility-mito-345280455-20180223-155145-firstCommit/.m2/com/google/code/findbugs/jsr305/1.3.9/jsr305-1.3.9.jar, /scratch/dginelli/workspace/repairnator-repairnator-experiments-msmobility-mito-345280455-20180223-155145-firstCommit/.m2/com/google/errorprone/error_prone_annotations/2.0.18/error_prone_annotations-2.0.18.jar, /scratch/dginelli/workspace/repairnator-repairnator-experiments-msmobility-mito-345280455-20180223-155145-firstCommit/.m2/com/google/j2objc/j2objc-annotations/1.1/j2objc-annotations-1.1.jar, /scratch/dginelli/workspace/repairnator-repairnator-experiments-msmobility-mito-345280455-20180223-155145-firstCommit/.m2/org/codehaus/mojo/animal-sniffer-annotations/1.14/animal-sniffer-annotations-1.14.jar, /scratch/dginelli/workspace/repairnator-repairnator-experiments-msmobility-mito-345280455-20180223-155145-firstCommit/.m2/org/jfree/jfreechart/1.0.14/jfreechart-1.0.14.jar, /scratch/dginelli/workspace/repairnator-repairnator-experiments-msmobility-mito-345280455-20180223-155145-firstCommit/.m2/org/jfree/jcommon/1.0.17/jcommon-1.0.17.jar, /scratch/dginelli/workspace/repairnator-repairnator-experiments-msmobility-mito-345280455-20180223-155145-firstCommit/.m2/xml-apis/xml-apis/1.3.04/xml-apis-1.3.04.jar, /scratch/dginelli/workspace/repairnator-repairnator-experiments-msmobility-mito-345280455-20180223-155145-firstCommit/.m2/com/lowagie/itext/2.1.5/itext-2.1.5.jar, /scratch/dginelli/workspace/repairnator-repairnator-experiments-msmobility-mito-345280455-20180223-155145-firstCommit/.m2/bouncycastle/bcmail-jdk14/138/bcmail-jdk14-138.jar, /scratch/dginelli/workspace/repairnator-repairnator-experiments-msmobility-mito-345280455-20180223-155145-firstCommit/.m2/bouncycastle/bcprov-jdk14/138/bcprov-jdk14-138.jar]
[INFO ] fr.inria.astor.core.solutionsearch.AstorCoreEngine.initModel(AstorCoreEngine.java:790) - Number of CtTypes created: 83
[INFO ] fr.inria.astor.core.solutionsearch.AstorCoreEngine.initPopulation(AstorCoreEngine.java:724) - 
---- Initial suspicious size: 28
[INFO ] fr.inria.astor.core.solutionsearch.population.ProgramVariantFactory.createProgramInstance(ProgramVariantFactory.java:134) - Total suspicious from FL: 28,  26
[INFO ] fr.inria.astor.core.solutionsearch.population.ProgramVariantFactory.createProgramInstance(ProgramVariantFactory.java:143) - Total ModPoint created: 26
[INFO ] fr.inria.astor.core.solutionsearch.population.ProgramVariantFactory.createInitialPopulation(ProgramVariantFactory.java:82) - Creating program variant #1, [Variant id: 1, #gens: 26, #ops: 0, parent:-]
[INFO ] fr.inria.astor.core.solutionsearch.AstorCoreEngine.setFitnessOfPopulation(AstorCoreEngine.java:765) - The original fitness is : 1.0
[INFO ] fr.inria.astor.core.setup.ConfigurationProperties.print(ConfigurationProperties.java:66) - ----------------------------
[INFO ] fr.inria.astor.core.setup.ConfigurationProperties.print(ConfigurationProperties.java:67) - ---Configuration properties:---Execution values
[INFO ] fr.inria.astor.core.setup.ConfigurationProperties.print(ConfigurationProperties.java:69) - p:lastJUnitVersion= ./examples/libs/junit-4.11.jar
[INFO ] fr.inria.astor.core.setup.ConfigurationProperties.print(ConfigurationProperties.java:69) - p:alternativecompliancelevel= 8
[INFO ] fr.inria.astor.core.setup.ConfigurationProperties.print(ConfigurationProperties.java:69) - p:ignoredTestCases= 
[INFO ] fr.inria.astor.core.setup.ConfigurationProperties.print(ConfigurationProperties.java:69) - p:workingDirectory= /proj/nobackup/snic2020-10-10/dginelli/astor
[INFO ] fr.inria.astor.core.setup.ConfigurationProperties.print(ConfigurationProperties.java:69) - p:manipulatesuper= false
[INFO ] fr.inria.astor.core.setup.ConfigurationProperties.print(ConfigurationProperties.java:69) - p:validation= process
[INFO ] fr.inria.astor.core.setup.ConfigurationProperties.print(ConfigurationProperties.java:69) - p:jvm4testexecution= /cvmfs/ebsw.hpc2n.umu.se/amd64_ubuntu1604_common/software/Core/Java/1.8.0_202/bin
[INFO ] fr.inria.astor.core.setup.ConfigurationProperties.print(ConfigurationProperties.java:69) - p:operatorspace= suppression
[INFO ] fr.inria.astor.core.setup.ConfigurationProperties.print(ConfigurationProperties.java:69) - p:disablelog= false
[INFO ] fr.inria.astor.core.setup.ConfigurationProperties.print(ConfigurationProperties.java:69) - p:binjavafolder= /target/classes
[INFO ] fr.inria.astor.core.setup.ConfigurationProperties.print(ConfigurationProperties.java:69) - p:synthesis_depth= 3
[INFO ] fr.inria.astor.core.setup.ConfigurationProperties.print(ConfigurationProperties.java:69) - p:gzoltartestpackagetoexclude= junit.framework
[INFO ] fr.inria.astor.core.setup.ConfigurationProperties.print(ConfigurationProperties.java:69) - p:skipfitnessinitialpopulation= false
[INFO ] fr.inria.astor.core.setup.ConfigurationProperties.print(ConfigurationProperties.java:69) - p:evosuiteresultfolder= evosuite
[INFO ] fr.inria.astor.core.setup.ConfigurationProperties.print(ConfigurationProperties.java:69) - p:flthreshold= 0.1
[INFO ] fr.inria.astor.core.setup.ConfigurationProperties.print(ConfigurationProperties.java:69) - p:regressionforfaultlocalization= true
[INFO ] fr.inria.astor.core.setup.ConfigurationProperties.print(ConfigurationProperties.java:69) - p:collectonlyusedmethod= false
[INFO ] fr.inria.astor.core.setup.ConfigurationProperties.print(ConfigurationProperties.java:69) - p:preservelinenumbers= true
[INFO ] fr.inria.astor.core.setup.ConfigurationProperties.print(ConfigurationProperties.java:69) - p:tmax2= 121830
[INFO ] fr.inria.astor.core.setup.ConfigurationProperties.print(ConfigurationProperties.java:69) - p:tmax1= 10000
[INFO ] fr.inria.astor.core.setup.ConfigurationProperties.print(ConfigurationProperties.java:69) - p:probagenmutation= false
[INFO ] fr.inria.astor.core.setup.ConfigurationProperties.print(ConfigurationProperties.java:69) - p:nomodificationconvergence= 100
[INFO ] fr.inria.astor.core.setup.ConfigurationProperties.print(ConfigurationProperties.java:69) - p:diff_type= relative
[INFO ] fr.inria.astor.core.setup.ConfigurationProperties.print(ConfigurationProperties.java:69) - p:targetelementprocessor= statements
[INFO ] fr.inria.astor.core.setup.ConfigurationProperties.print(ConfigurationProperties.java:69) - p:srctestfolder= src/test/java
[INFO ] fr.inria.astor.core.setup.ConfigurationProperties.print(ConfigurationProperties.java:69) - p:forceExecuteRegression= false
[INFO ] fr.inria.astor.core.setup.ConfigurationProperties.print(ConfigurationProperties.java:69) - p:clusteringfilename= clustering.csv
[INFO ] fr.inria.astor.core.setup.ConfigurationProperties.print(ConfigurationProperties.java:69) - p:logtestexecution= false
[INFO ] fr.inria.astor.core.setup.ConfigurationProperties.print(ConfigurationProperties.java:69) - p:evo_buggy_class= true
[INFO ] fr.inria.astor.core.setup.ConfigurationProperties.print(ConfigurationProperties.java:69) - p:numberExecutions= 1
[INFO ] fr.inria.astor.core.setup.ConfigurationProperties.print(ConfigurationProperties.java:69) - p:maxnumbersolutions= 3
[INFO ] fr.inria.astor.core.setup.ConfigurationProperties.print(ConfigurationProperties.java:69) - p:evo_affected_by_op= true
[INFO ] fr.inria.astor.core.setup.ConfigurationProperties.print(ConfigurationProperties.java:69) - p:population= 1
[INFO ] fr.inria.astor.core.setup.ConfigurationProperties.print(ConfigurationProperties.java:69) - p:considerzerovaluesusp= false
[INFO ] fr.inria.astor.core.setup.ConfigurationProperties.print(ConfigurationProperties.java:69) - p:maxCombinationVariableLimit= false
[INFO ] fr.inria.astor.core.setup.ConfigurationProperties.print(ConfigurationProperties.java:69) - p:loglevel= INFO
[INFO ] fr.inria.astor.core.setup.ConfigurationProperties.print(ConfigurationProperties.java:69) - p:savesolution= true
[INFO ] fr.inria.astor.core.setup.ConfigurationProperties.print(ConfigurationProperties.java:69) - p:javacompliancelevel= 8
[INFO ] fr.inria.astor.core.setup.ConfigurationProperties.print(ConfigurationProperties.java:69) - p:uniqueoptogen= false
[INFO ] fr.inria.astor.core.setup.ConfigurationProperties.print(ConfigurationProperties.java:69) - p:gzoltarpackagetonotinstrument= junit.framework
[INFO ] fr.inria.astor.core.setup.ConfigurationProperties.print(ConfigurationProperties.java:69) - p:projectIdentifier= AstorJKali-repairnator-repairnator-experiments-msmobility-mito-345280455-20180223-155145-firstCommit
[INFO ] fr.inria.astor.core.setup.ConfigurationProperties.print(ConfigurationProperties.java:69) - p:modificationpointnavigation= weight
[INFO ] fr.inria.astor.core.setup.ConfigurationProperties.print(ConfigurationProperties.java:69) - p:stopfirst= false
[INFO ] fr.inria.astor.core.setup.ConfigurationProperties.print(ConfigurationProperties.java:69) - p:multipointmodification= false
[INFO ] fr.inria.astor.core.setup.ConfigurationProperties.print(ConfigurationProperties.java:69) - p:elementsToMutate= 10
[INFO ] fr.inria.astor.core.setup.ConfigurationProperties.print(ConfigurationProperties.java:69) - p:jsonoutputname= astor_output
[INFO ] fr.inria.astor.core.setup.ConfigurationProperties.print(ConfigurationProperties.java:69) - p:evoDSE= false
[INFO ] fr.inria.astor.core.setup.ConfigurationProperties.print(ConfigurationProperties.java:69) - p:bintestfolder= /target/test-classes
[INFO ] fr.inria.astor.core.setup.ConfigurationProperties.print(ConfigurationProperties.java:69) - p:testbystep= false
[INFO ] fr.inria.astor.core.setup.ConfigurationProperties.print(ConfigurationProperties.java:69) - p:version-location= ./math-version/
[INFO ] fr.inria.astor.core.setup.ConfigurationProperties.print(ConfigurationProperties.java:69) - p:reintroduce= PARENTS:ORIGINAL
[INFO ] fr.inria.astor.core.setup.ConfigurationProperties.print(ConfigurationProperties.java:69) - p:executorjar= ./lib/jtestex7.jar
[INFO ] fr.inria.astor.core.setup.ConfigurationProperties.print(ConfigurationProperties.java:69) - p:maxGeneration= 200
[INFO ] fr.inria.astor.core.setup.ConfigurationProperties.print(ConfigurationProperties.java:69) - p:max_synthesis_step= 10000
[INFO ] fr.inria.astor.core.setup.ConfigurationProperties.print(ConfigurationProperties.java:69) - p:projectinfocommand= com.github.tdurieux:project-config-maven-plugin:info
[INFO ] fr.inria.astor.core.setup.ConfigurationProperties.print(ConfigurationProperties.java:69) - p:maxVarCombination= 1000
[INFO ] fr.inria.astor.core.setup.ConfigurationProperties.print(ConfigurationProperties.java:69) - p:maxtime= 100
[INFO ] fr.inria.astor.core.setup.ConfigurationProperties.print(ConfigurationProperties.java:69) - p:evosuitejar= ./lib/evosuite-master-1.0.4-SNAPSHOT.jar
[INFO ] fr.inria.astor.core.setup.ConfigurationProperties.print(ConfigurationProperties.java:69) - p:jvmversion= 1.8.0_202
[INFO ] fr.inria.astor.core.setup.ConfigurationProperties.print(ConfigurationProperties.java:69) - p:commandTrunk= 50000
[INFO ] fr.inria.astor.core.setup.ConfigurationProperties.print(ConfigurationProperties.java:69) - p:faultlocalization= CoCoSpoon
[INFO ] fr.inria.astor.core.setup.ConfigurationProperties.print(ConfigurationProperties.java:69) - p:resetmodel= true
[INFO ] fr.inria.astor.core.setup.ConfigurationProperties.print(ConfigurationProperties.java:69) - p:maxsuspcandidates= 1000
[INFO ] fr.inria.astor.core.setup.ConfigurationProperties.print(ConfigurationProperties.java:69) - p:mode= jkali
[INFO ] fr.inria.astor.core.setup.ConfigurationProperties.print(ConfigurationProperties.java:69) - p:learningdir= 
[INFO ] fr.inria.astor.core.setup.ConfigurationProperties.print(ConfigurationProperties.java:69) - p:jvm4evosuitetestexecution= /cvmfs/ebsw.hpc2n.umu.se/amd64_ubuntu1604_common/software/Core/Java/1.8.0_202/bin
[INFO ] fr.inria.astor.core.setup.ConfigurationProperties.print(ConfigurationProperties.java:69) - p:filterfaultlocalization= true
[INFO ] fr.inria.astor.core.setup.ConfigurationProperties.print(ConfigurationProperties.java:69) - p:mutationrate= 1 
[INFO ] fr.inria.astor.core.setup.ConfigurationProperties.print(ConfigurationProperties.java:69) - p:pathToMVNRepository= 
[INFO ] fr.inria.astor.core.setup.ConfigurationProperties.print(ConfigurationProperties.java:69) - p:resourcesfolder= /src/main/resources:/src/test/resources:
[INFO ] fr.inria.astor.core.setup.ConfigurationProperties.print(ConfigurationProperties.java:69) - p:runjava7code= false
[INFO ] fr.inria.astor.core.setup.ConfigurationProperties.print(ConfigurationProperties.java:69) - p:timezone= Europe/Paris
[INFO ] fr.inria.astor.core.setup.ConfigurationProperties.print(ConfigurationProperties.java:69) - p:evoRunOnBuggyClass= true
[INFO ] fr.inria.astor.core.setup.ConfigurationProperties.print(ConfigurationProperties.java:69) - p:compiler= fr.inria.astor.core.manipulation.bytecode.compiler.SpoonClassCompiler
[INFO ] fr.inria.astor.core.setup.ConfigurationProperties.print(ConfigurationProperties.java:69) - p:limitbysuspicious= false
[INFO ] fr.inria.astor.core.setup.ConfigurationProperties.print(ConfigurationProperties.java:69) - p:logsattemps= true
[INFO ] fr.inria.astor.core.setup.ConfigurationProperties.print(ConfigurationProperties.java:69) - p:dependenciespath= /scratch/dginelli/workspace/repairnator-repairnator-experiments-msmobility-mito-345280455-20180223-155145-firstCommit/.m2/log4j/log4j/1.2.15/log4j-1.2.15.jar:/scratch/dginelli/workspace/repairnator-repairnator-experiments-msmobility-mito-345280455-20180223-155145-firstCommit/.m2/sawdust/sawdust/1/sawdust-1.jar:/scratch/dginelli/workspace/repairnator-repairnator-experiments-msmobility-mito-345280455-20180223-155145-firstCommit/.m2/net/sourceforge/parallelcolt/parallelcolt/0.10.1/parallelcolt-0.10.1.jar:/scratch/dginelli/workspace/repairnator-repairnator-experiments-msmobility-mito-345280455-20180223-155145-firstCommit/.m2/net/sourceforge/jplasma/jplasma/1.2.0/jplasma-1.2.0.jar:/scratch/dginelli/workspace/repairnator-repairnator-experiments-msmobility-mito-345280455-20180223-155145-firstCommit/.m2/net/sourceforge/jplasma/core-lapack/0.1/core-lapack-0.1.jar:/scratch/dginelli/workspace/repairnator-repairnator-experiments-msmobility-mito-345280455-20180223-155145-firstCommit/.m2/net/sourceforge/f2j/arpack_combined_all/0.1/arpack_combined_all-0.1.jar:/scratch/dginelli/workspace/repairnator-repairnator-experiments-msmobility-mito-345280455-20180223-155145-firstCommit/.m2/net/sourceforge/jtransforms/jtransforms/2.4.0/jtransforms-2.4.0.jar:/scratch/dginelli/workspace/repairnator-repairnator-experiments-msmobility-mito-345280455-20180223-155145-firstCommit/.m2/net/sourceforge/csparsej/csparsej/1.1.1/csparsej-1.1.1.jar:/scratch/dginelli/workspace/repairnator-repairnator-experiments-msmobility-mito-345280455-20180223-155145-firstCommit/.m2/net/sourceforge/parallelcolt/optimization/1.0/optimization-1.0.jar:/scratch/dginelli/workspace/repairnator-repairnator-experiments-msmobility-mito-345280455-20180223-155145-firstCommit/.m2/com/googlecode/netlib-java/netlib-java/0.9.3/netlib-java-0.9.3.jar:/scratch/dginelli/workspace/repairnator-repairnator-experiments-msmobility-mito-345280455-20180223-155145-firstCommit/.m2/com/github/rwl/JKLU/1.0.0/JKLU-1.0.0.jar:/scratch/dginelli/workspace/repairnator-repairnator-experiments-msmobility-mito-345280455-20180223-155145-firstCommit/.m2/com/github/rwl/BTFJ/1.0.1/BTFJ-1.0.1.jar:/scratch/dginelli/workspace/repairnator-repairnator-experiments-msmobility-mito-345280455-20180223-155145-firstCommit/.m2/com/github/rwl/AMDJ/1.0.1/AMDJ-1.0.1.jar:/scratch/dginelli/workspace/repairnator-repairnator-experiments-msmobility-mito-345280455-20180223-155145-firstCommit/.m2/com/github/rwl/COLAMDJ/1.0.1/COLAMDJ-1.0.1.jar:/scratch/dginelli/workspace/repairnator-repairnator-experiments-msmobility-mito-345280455-20180223-155145-firstCommit/.m2/omx/omx/2/omx-2.jar:/scratch/dginelli/workspace/repairnator-repairnator-experiments-msmobility-mito-345280455-20180223-155145-firstCommit/.m2/org/apache/commons/commons-math3/3.2/commons-math3-3.2.jar:/scratch/dginelli/workspace/repairnator-repairnator-experiments-msmobility-mito-345280455-20180223-155145-firstCommit/.m2/junit/junit/4.12/junit-4.12.jar:/scratch/dginelli/workspace/repairnator-repairnator-experiments-msmobility-mito-345280455-20180223-155145-firstCommit/.m2/org/hamcrest/hamcrest-core/1.3/hamcrest-core-1.3.jar:/scratch/dginelli/workspace/repairnator-repairnator-experiments-msmobility-mito-345280455-20180223-155145-firstCommit/.m2/com/google/guava/guava/23.2-jre/guava-23.2-jre.jar:/scratch/dginelli/workspace/repairnator-repairnator-experiments-msmobility-mito-345280455-20180223-155145-firstCommit/.m2/com/google/code/findbugs/jsr305/1.3.9/jsr305-1.3.9.jar:/scratch/dginelli/workspace/repairnator-repairnator-experiments-msmobility-mito-345280455-20180223-155145-firstCommit/.m2/com/google/errorprone/error_prone_annotations/2.0.18/error_prone_annotations-2.0.18.jar:/scratch/dginelli/workspace/repairnator-repairnator-experiments-msmobility-mito-345280455-20180223-155145-firstCommit/.m2/com/google/j2objc/j2objc-annotations/1.1/j2objc-annotations-1.1.jar:/scratch/dginelli/workspace/repairnator-repairnator-experiments-msmobility-mito-345280455-20180223-155145-firstCommit/.m2/org/codehaus/mojo/animal-sniffer-annotations/1.14/animal-sniffer-annotations-1.14.jar:/scratch/dginelli/workspace/repairnator-repairnator-experiments-msmobility-mito-345280455-20180223-155145-firstCommit/.m2/org/jfree/jfreechart/1.0.14/jfreechart-1.0.14.jar:/scratch/dginelli/workspace/repairnator-repairnator-experiments-msmobility-mito-345280455-20180223-155145-firstCommit/.m2/org/jfree/jcommon/1.0.17/jcommon-1.0.17.jar:/scratch/dginelli/workspace/repairnator-repairnator-experiments-msmobility-mito-345280455-20180223-155145-firstCommit/.m2/xml-apis/xml-apis/1.3.04/xml-apis-1.3.04.jar:/scratch/dginelli/workspace/repairnator-repairnator-experiments-msmobility-mito-345280455-20180223-155145-firstCommit/.m2/com/lowagie/itext/2.1.5/itext-2.1.5.jar:/scratch/dginelli/workspace/repairnator-repairnator-experiments-msmobility-mito-345280455-20180223-155145-firstCommit/.m2/bouncycastle/bcmail-jdk14/138/bcmail-jdk14-138.jar:/scratch/dginelli/workspace/repairnator-repairnator-experiments-msmobility-mito-345280455-20180223-155145-firstCommit/.m2/bouncycastle/bcprov-jdk14/138/bcprov-jdk14-138.jar
[INFO ] fr.inria.astor.core.setup.ConfigurationProperties.print(ConfigurationProperties.java:69) - p:logpatternlayout= [%-5p] %l - %m%n
[INFO ] fr.inria.astor.core.setup.ConfigurationProperties.print(ConfigurationProperties.java:69) - p:packageToInstrument= 
[INFO ] fr.inria.astor.core.setup.ConfigurationProperties.print(ConfigurationProperties.java:69) - p:skipfaultlocalization= false
[INFO ] fr.inria.astor.core.setup.ConfigurationProperties.print(ConfigurationProperties.java:69) - p:scope= package
[INFO ] fr.inria.astor.core.setup.ConfigurationProperties.print(ConfigurationProperties.java:69) - p:transformingredient= false
[INFO ] fr.inria.astor.core.setup.ConfigurationProperties.print(ConfigurationProperties.java:69) - p:fitnessfunction= fr.inria.astor.core.solutionsearch.population.TestCaseFitnessFunction
[INFO ] fr.inria.astor.core.setup.ConfigurationProperties.print(ConfigurationProperties.java:69) - p:maxnumvariablesperingredient= 10
[INFO ] fr.inria.astor.core.setup.ConfigurationProperties.print(ConfigurationProperties.java:69) - p:logfilepath= /scratch/dginelli/workspace/repairnator-repairnator-experiments-msmobility-mito-345280455-20180223-155145-firstCommit/repairnator.astor.jkali.log
[INFO ] fr.inria.astor.core.setup.ConfigurationProperties.print(ConfigurationProperties.java:69) - p:parsesourcefromoriginal= true
[INFO ] fr.inria.astor.core.setup.ConfigurationProperties.print(ConfigurationProperties.java:69) - p:pvariantfoldername= variant-
[INFO ] fr.inria.astor.core.setup.ConfigurationProperties.print(ConfigurationProperties.java:69) - p:savespoonmodelondisk= false
[INFO ] fr.inria.astor.core.setup.ConfigurationProperties.print(ConfigurationProperties.java:69) - p:srcjavafolder= src/main/java/
[INFO ] fr.inria.astor.core.setup.ConfigurationProperties.print(ConfigurationProperties.java:69) - p:populationcontroller= fr.inria.astor.core.solutionsearch.population.TestCaseBasedFitnessPopulationController
[INFO ] fr.inria.astor.core.setup.ConfigurationProperties.print(ConfigurationProperties.java:69) - p:ignoreflakyinfl= false
[INFO ] fr.inria.astor.core.setup.ConfigurationProperties.print(ConfigurationProperties.java:69) - p:cleantemplates= true
[INFO ] fr.inria.astor.core.setup.ConfigurationProperties.print(ConfigurationProperties.java:69) - p:applyCrossover= false
[INFO ] fr.inria.astor.core.setup.ConfigurationProperties.print(ConfigurationProperties.java:69) - p:maxmodificationpoints= 1000
[INFO ] fr.inria.astor.core.setup.ConfigurationProperties.print(ConfigurationProperties.java:69) - p:duplicateingredientsinspace= false
[INFO ] fr.inria.astor.core.setup.ConfigurationProperties.print(ConfigurationProperties.java:69) - p:metid= 0
[INFO ] fr.inria.astor.core.setup.ConfigurationProperties.print(ConfigurationProperties.java:69) - p:continuewhenmodelfail= true
[INFO ] fr.inria.astor.core.setup.ConfigurationProperties.print(ConfigurationProperties.java:69) - p:saveall= false
[INFO ] fr.inria.astor.core.setup.ConfigurationProperties.print(ConfigurationProperties.java:69) - p:seed= 1
[INFO ] fr.inria.astor.core.setup.ConfigurationProperties.print(ConfigurationProperties.java:69) - p:savecompletepatched= true
[INFO ] fr.inria.astor.core.setup.ConfigurationProperties.print(ConfigurationProperties.java:69) - p:resetoperations= false
[INFO ] fr.inria.astor.core.setup.ConfigurationProperties.print(ConfigurationProperties.java:69) - p:processoutputinfile= false
[INFO ] fr.inria.astor.core.setup.ConfigurationProperties.print(ConfigurationProperties.java:69) - p:location= /scratch/dginelli/workspace/repairnator-repairnator-experiments-msmobility-mito-345280455-20180223-155145-firstCommit
[INFO ] fr.inria.astor.core.setup.ConfigurationProperties.print(ConfigurationProperties.java:69) - p:probabilistictransformation= true
[INFO ] fr.inria.astor.core.setup.ConfigurationProperties.print(ConfigurationProperties.java:69) - p:overridemaxtime= true
[INFO ] fr.inria.astor.core.setup.ConfigurationProperties.print(ConfigurationProperties.java:69) - p:outputjsonresult= false
[INFO ] fr.inria.astor.core.setup.ConfigurationProperties.print(ConfigurationProperties.java:69) - p:allpoints= false
[INFO ] fr.inria.astor.core.setup.ConfigurationProperties.print(ConfigurationProperties.java:69) - p:bugId= 280
[INFO ] fr.inria.astor.core.setup.ConfigurationProperties.print(ConfigurationProperties.java:69) - p:evosuitetimeout= 120
[INFO ] fr.inria.astor.core.setup.ConfigurationProperties.print(ConfigurationProperties.java:69) - p:maxtimefactor= 10
[INFO ] fr.inria.astor.core.setup.ConfigurationProperties.print(ConfigurationProperties.java:69) - p:nrPlaceholders= 1
[INFO ] fr.inria.astor.core.setup.ConfigurationProperties.print(ConfigurationProperties.java:69) - p:forcesubprocesskilling= true
[INFO ] fr.inria.astor.core.setup.ConfigurationProperties.print(ConfigurationProperties.java:71) - ----------------------------
[INFO ] fr.inria.astor.core.solutionsearch.ExhaustiveSearchEngine.startEvolution(ExhaustiveSearchEngine.java:59) - mod_point MP=de.tum.bgu.msm.io.input.InputManager line: 19, pointed element: CtAssignmentImpl
[INFO ] fr.inria.astor.core.solutionsearch.ExhaustiveSearchEngine.startEvolution(ExhaustiveSearchEngine.java:60) - -->op: OP_INSTANCE:
RemoveOp:(spoon.support.reflect.code.CtAssignmentImpl) `this.dataSet = dataSet ` -topatch--> `-` (null) 
[INFO ] fr.inria.astor.core.solutionsearch.ExhaustiveSearchEngine.startEvolution(ExhaustiveSearchEngine.java:59) - mod_point MP=de.tum.bgu.msm.data.travelTimes.MatrixTravelTimes line: 9, pointed element: CtAssignmentImpl
[INFO ] fr.inria.astor.core.solutionsearch.ExhaustiveSearchEngine.startEvolution(ExhaustiveSearchEngine.java:60) - -->op: OP_INSTANCE:
RemoveOp:(spoon.support.reflect.code.CtAssignmentImpl) `this.matrix = matrix ` -topatch--> `-` (null) 
[INFO ] fr.inria.astor.core.solutionsearch.ExhaustiveSearchEngine.startEvolution(ExhaustiveSearchEngine.java:59) - mod_point MP=de.tum.bgu.msm.modules.tripGeneration.HouseholdTypeManager line: 28, pointed element: CtAssignmentImpl
[INFO ] fr.inria.astor.core.solutionsearch.ExhaustiveSearchEngine.startEvolution(ExhaustiveSearchEngine.java:60) - -->op: OP_INSTANCE:
RemoveOp:(spoon.support.reflect.code.CtAssignmentImpl) `this.purpose = purpose ` -topatch--> `-` (null) 
[INFO ] fr.inria.astor.core.solutionsearch.ExhaustiveSearchEngine.startEvolution(ExhaustiveSearchEngine.java:59) - mod_point MP=de.tum.bgu.msm.MitoModel line: 45, pointed element: CtAssignmentImpl
[INFO ] fr.inria.astor.core.solutionsearch.ExhaustiveSearchEngine.startEvolution(ExhaustiveSearchEngine.java:60) - -->op: OP_INSTANCE:
RemoveOp:(spoon.support.reflect.code.CtAssignmentImpl) `this.manager = new de.tum.bgu.msm.io.input.InputManager(dataSet) ` -topatch--> `-` (null) 
[INFO ] fr.inria.astor.core.solutionsearch.ExhaustiveSearchEngine.startEvolution(ExhaustiveSearchEngine.java:59) - mod_point MP=de.tum.bgu.msm.MitoModel line: 44, pointed element: CtAssignmentImpl
[INFO ] fr.inria.astor.core.solutionsearch.ExhaustiveSearchEngine.startEvolution(ExhaustiveSearchEngine.java:60) - -->op: OP_INSTANCE:
RemoveOp:(spoon.support.reflect.code.CtAssignmentImpl) `this.dataSet = new de.tum.bgu.msm.data.DataSet() ` -topatch--> `-` (null) 
[INFO ] fr.inria.astor.core.solutionsearch.ExhaustiveSearchEngine.startEvolution(ExhaustiveSearchEngine.java:59) - mod_point MP=de.tum.bgu.msm.io.input.InputFeed line: 18, pointed element: CtAssignmentImpl
[INFO ] fr.inria.astor.core.solutionsearch.ExhaustiveSearchEngine.startEvolution(ExhaustiveSearchEngine.java:60) - -->op: OP_INSTANCE:
RemoveOp:(spoon.support.reflect.code.CtAssignmentImpl) `this.households = households ` -topatch--> `-` (null) 
[INFO ] fr.inria.astor.core.solutionsearch.ExhaustiveSearchEngine.startEvolution(ExhaustiveSearchEngine.java:59) - mod_point MP=de.tum.bgu.msm.io.input.InputFeed line: 17, pointed element: CtAssignmentImpl
[INFO ] fr.inria.astor.core.solutionsearch.ExhaustiveSearchEngine.startEvolution(ExhaustiveSearchEngine.java:60) - -->op: OP_INSTANCE:
RemoveOp:(spoon.support.reflect.code.CtAssignmentImpl) `this.travelTimes = travelTimes ` -topatch--> `-` (null) 
[INFO ] fr.inria.astor.core.solutionsearch.ExhaustiveSearchEngine.startEvolution(ExhaustiveSearchEngine.java:59) - mod_point MP=de.tum.bgu.msm.io.input.InputFeed line: 16, pointed element: CtAssignmentImpl
[INFO ] fr.inria.astor.core.solutionsearch.ExhaustiveSearchEngine.startEvolution(ExhaustiveSearchEngine.java:60) - -->op: OP_INSTANCE:
RemoveOp:(spoon.support.reflect.code.CtAssignmentImpl) `this.zones = zones ` -topatch--> `-` (null) 
[INFO ] fr.inria.astor.core.solutionsearch.ExhaustiveSearchEngine.startEvolution(ExhaustiveSearchEngine.java:59) - mod_point MP=de.tum.bgu.msm.MitoModel line: 49, pointed element: CtThrowImpl
[INFO ] fr.inria.astor.core.solutionsearch.ExhaustiveSearchEngine.startEvolution(ExhaustiveSearchEngine.java:60) - -->op: OP_INSTANCE:
RemoveOp:(spoon.support.reflect.code.CtThrowImpl) `throw new java.lang.RuntimeException(e) ` -topatch--> `-` (null) 
[INFO ] fr.inria.astor.core.solutionsearch.ExhaustiveSearchEngine.startEvolution(ExhaustiveSearchEngine.java:59) - mod_point MP=de.tum.bgu.msm.data.MitoZone line: 33, pointed element: CtAssignmentImpl
[INFO ] fr.inria.astor.core.solutionsearch.ExhaustiveSearchEngine.startEvolution(ExhaustiveSearchEngine.java:60) - -->op: OP_INSTANCE:
RemoveOp:(spoon.support.reflect.code.CtAssignmentImpl) `this.size = size ` -topatch--> `-` (null) 
[INFO ] fr.inria.astor.core.solutionsearch.ExhaustiveSearchEngine.startEvolution(ExhaustiveSearchEngine.java:59) - mod_point MP=de.tum.bgu.msm.data.MitoZone line: 34, pointed element: CtAssignmentImpl
[INFO ] fr.inria.astor.core.solutionsearch.ExhaustiveSearchEngine.startEvolution(ExhaustiveSearchEngine.java:60) - -->op: OP_INSTANCE:
RemoveOp:(spoon.support.reflect.code.CtAssignmentImpl) `this.areaType = areaType ` -topatch--> `-` (null) 
[INFO ] fr.inria.astor.core.solutionsearch.ExhaustiveSearchEngine.startEvolution(ExhaustiveSearchEngine.java:59) - mod_point MP=de.tum.bgu.msm.data.MitoZone line: 32, pointed element: CtAssignmentImpl
[INFO ] fr.inria.astor.core.solutionsearch.ExhaustiveSearchEngine.startEvolution(ExhaustiveSearchEngine.java:60) - -->op: OP_INSTANCE:
RemoveOp:(spoon.support.reflect.code.CtAssignmentImpl) `this.zoneId = id ` -topatch--> `-` (null) 
[INFO ] fr.inria.astor.core.solutionsearch.ExhaustiveSearchEngine.startEvolution(ExhaustiveSearchEngine.java:59) - mod_point MP=de.tum.bgu.msm.data.MitoHousehold line: 73, pointed element: CtInvocationImpl
[INFO ] fr.inria.astor.core.solutionsearch.ExhaustiveSearchEngine.startEvolution(ExhaustiveSearchEngine.java:60) - -->op: OP_INSTANCE:
RemoveOp:(spoon.support.reflect.code.CtInvocationImpl) `this.persons.put(person.getId(), person) ` -topatch--> `-` (null) 
[INFO ] fr.inria.astor.core.solutionsearch.ExhaustiveSearchEngine.startEvolution(ExhaustiveSearchEngine.java:59) - mod_point MP=de.tum.bgu.msm.data.MitoHousehold line: 66, pointed element: CtIfImpl
[INFO ] fr.inria.astor.core.solutionsearch.ExhaustiveSearchEngine.startEvolution(ExhaustiveSearchEngine.java:60) - -->op: OP_INSTANCE:
ReplaceIfBooleanOp:(spoon.support.reflect.code.CtIfImpl) `if (test != null) { 	if (test.equals(person)) { 		de.tum.bgu.msm.data.MitoHousehold.logger.warn((("P[...] ` -topatch--> `if (true) { 	if (test.equals(person)) { 		de.tum.bgu.msm.data.MitoHousehold.logger.warn((("Person " [...]` (spoon.support.reflect.code.CtIfImpl) 
[INFO ] fr.inria.astor.core.solutionsearch.ExhaustiveSearchEngine.startEvolution(ExhaustiveSearchEngine.java:59) - mod_point MP=de.tum.bgu.msm.data.MitoHousehold line: 66, pointed element: CtIfImpl
[INFO ] fr.inria.astor.core.solutionsearch.ExhaustiveSearchEngine.startEvolution(ExhaustiveSearchEngine.java:60) - -->op: OP_INSTANCE:
ReplaceIfBooleanOp:(spoon.support.reflect.code.CtIfImpl) `if (test != null) { 	if (test.equals(person)) { 		de.tum.bgu.msm.data.MitoHousehold.logger.warn((("P[...] ` -topatch--> `if (false) { 	if (test.equals(person)) { 		de.tum.bgu.msm.data.MitoHousehold.logger.warn((("Person "[...]` (spoon.support.reflect.code.CtIfImpl) 
[INFO ] fr.inria.astor.core.solutionsearch.ExhaustiveSearchEngine.startEvolution(ExhaustiveSearchEngine.java:59) - mod_point MP=de.tum.bgu.msm.data.MitoHousehold line: 66, pointed element: CtIfImpl
[INFO ] fr.inria.astor.core.solutionsearch.ExhaustiveSearchEngine.startEvolution(ExhaustiveSearchEngine.java:60) - -->op: OP_INSTANCE:
RemoveOp:(spoon.support.reflect.code.CtIfImpl) `if (test != null) { 	if (test.equals(person)) { 		de.tum.bgu.msm.data.MitoHousehold.logger.warn((("P[...] ` -topatch--> `-` (null) 
[INFO ] fr.inria.astor.core.solutionsearch.ExhaustiveSearchEngine.startEvolution(ExhaustiveSearchEngine.java:59) - mod_point MP=de.tum.bgu.msm.data.MitoHousehold line: 29, pointed element: CtAssignmentImpl
[INFO ] fr.inria.astor.core.solutionsearch.ExhaustiveSearchEngine.startEvolution(ExhaustiveSearchEngine.java:60) - -->op: OP_INSTANCE:
RemoveOp:(spoon.support.reflect.code.CtAssignmentImpl) `this.hhId = id ` -topatch--> `-` (null) 
[INFO ] fr.inria.astor.core.solutionsearch.ExhaustiveSearchEngine.startEvolution(ExhaustiveSearchEngine.java:59) - mod_point MP=de.tum.bgu.msm.data.MitoHousehold line: 30, pointed element: CtAssignmentImpl
[INFO ] fr.inria.astor.core.solutionsearch.ExhaustiveSearchEngine.startEvolution(ExhaustiveSearchEngine.java:60) - -->op: OP_INSTANCE:
RemoveOp:(spoon.support.reflect.code.CtAssignmentImpl) `this.income = income ` -topatch--> `-` (null) 
[INFO ] fr.inria.astor.core.solutionsearch.ExhaustiveSearchEngine.startEvolution(ExhaustiveSearchEngine.java:59) - mod_point MP=de.tum.bgu.msm.data.MitoHousehold line: 31, pointed element: CtAssignmentImpl
[INFO ] fr.inria.astor.core.solutionsearch.ExhaustiveSearchEngine.startEvolution(ExhaustiveSearchEngine.java:60) - -->op: OP_INSTANCE:
RemoveOp:(spoon.support.reflect.code.CtAssignmentImpl) `this.autos = autos ` -topatch--> `-` (null) 
[INFO ] fr.inria.astor.core.solutionsearch.ExhaustiveSearchEngine.startEvolution(ExhaustiveSearchEngine.java:59) - mod_point MP=de.tum.bgu.msm.data.MitoHousehold line: 32, pointed element: CtAssignmentImpl
[INFO ] fr.inria.astor.core.solutionsearch.ExhaustiveSearchEngine.startEvolution(ExhaustiveSearchEngine.java:60) - -->op: OP_INSTANCE:
RemoveOp:(spoon.support.reflect.code.CtAssignmentImpl) `this.homeZone = homeZone ` -topatch--> `-` (null) 
[INFO ] fr.inria.astor.core.solutionsearch.ExhaustiveSearchEngine.startEvolution(ExhaustiveSearchEngine.java:59) - mod_point MP=de.tum.bgu.msm.data.MitoPerson line: 33, pointed element: CtAssignmentImpl
[INFO ] fr.inria.astor.core.solutionsearch.ExhaustiveSearchEngine.startEvolution(ExhaustiveSearchEngine.java:60) - -->op: OP_INSTANCE:
RemoveOp:(spoon.support.reflect.code.CtAssignmentImpl) `this.gender = gender ` -topatch--> `-` (null) 
[INFO ] fr.inria.astor.core.solutionsearch.ExhaustiveSearchEngine.startEvolution(ExhaustiveSearchEngine.java:59) - mod_point MP=de.tum.bgu.msm.data.MitoPerson line: 32, pointed element: CtAssignmentImpl
[INFO ] fr.inria.astor.core.solutionsearch.ExhaustiveSearchEngine.startEvolution(ExhaustiveSearchEngine.java:60) - -->op: OP_INSTANCE:
RemoveOp:(spoon.support.reflect.code.CtAssignmentImpl) `this.age = age ` -topatch--> `-` (null) 
[INFO ] fr.inria.astor.core.solutionsearch.ExhaustiveSearchEngine.startEvolution(ExhaustiveSearchEngine.java:59) - mod_point MP=de.tum.bgu.msm.data.MitoPerson line: 34, pointed element: CtAssignmentImpl
[INFO ] fr.inria.astor.core.solutionsearch.ExhaustiveSearchEngine.startEvolution(ExhaustiveSearchEngine.java:60) - -->op: OP_INSTANCE:
RemoveOp:(spoon.support.reflect.code.CtAssignmentImpl) `this.driversLicense = driversLicense ` -topatch--> `-` (null) 
[INFO ] fr.inria.astor.core.solutionsearch.ExhaustiveSearchEngine.startEvolution(ExhaustiveSearchEngine.java:59) - mod_point MP=de.tum.bgu.msm.data.MitoPerson line: 29, pointed element: CtAssignmentImpl
[INFO ] fr.inria.astor.core.solutionsearch.ExhaustiveSearchEngine.startEvolution(ExhaustiveSearchEngine.java:60) - -->op: OP_INSTANCE:
RemoveOp:(spoon.support.reflect.code.CtAssignmentImpl) `this.id = id ` -topatch--> `-` (null) 
[INFO ] fr.inria.astor.core.solutionsearch.ExhaustiveSearchEngine.startEvolution(ExhaustiveSearchEngine.java:59) - mod_point MP=de.tum.bgu.msm.data.MitoPerson line: 31, pointed element: CtAssignmentImpl
[INFO ] fr.inria.astor.core.solutionsearch.ExhaustiveSearchEngine.startEvolution(ExhaustiveSearchEngine.java:60) - -->op: OP_INSTANCE:
RemoveOp:(spoon.support.reflect.code.CtAssignmentImpl) `this.workplace = workplace ` -topatch--> `-` (null) 
[INFO ] fr.inria.astor.core.solutionsearch.ExhaustiveSearchEngine.startEvolution(ExhaustiveSearchEngine.java:59) - mod_point MP=de.tum.bgu.msm.data.MitoPerson line: 30, pointed element: CtAssignmentImpl
[INFO ] fr.inria.astor.core.solutionsearch.ExhaustiveSearchEngine.startEvolution(ExhaustiveSearchEngine.java:60) - -->op: OP_INSTANCE:
RemoveOp:(spoon.support.reflect.code.CtAssignmentImpl) `this.occupation = occupation ` -topatch--> `-` (null) 
[INFO ] fr.inria.astor.core.solutionsearch.AstorCoreEngine.atEnd(AstorCoreEngine.java:171) - Time Repair Loop (s): 50.955
[INFO ] fr.inria.astor.core.solutionsearch.AstorCoreEngine.atEnd(AstorCoreEngine.java:173) - generationsexecuted: 1
[INFO ] fr.inria.astor.core.solutionsearch.AstorCoreEngine.printFinalStatus(AstorCoreEngine.java:255) - 
----SUMMARY_EXECUTION---
[INFO ] fr.inria.astor.core.solutionsearch.AstorCoreEngine.printFinalStatus(AstorCoreEngine.java:265) - End Repair Search: NOT Found solution
[INFO ] fr.inria.main.evolution.AstorMain.run(AstorMain.java:190) - Time Total(s): 72.871
